-- Found ament_cmake: 1.3.3 (/opt/ros/humble/share/ament_cmake/cmake)
-- Override CMake install command with custom implementation using symlinks instead of copying resources
-- Found ament_lint_auto: 0.12.5 (/opt/ros/humble/share/ament_lint_auto/cmake)
-- Added test 'flake8' to check Python code syntax and style conventions
-- Added test 'lint_cmake' to check CMake code style
-- Added test 'pep257' to check Python code against some of the docstring style conventions in PEP 257
-- Added test 'xmllint' to check XML markup files
-- Configuring done
-- Generating done
-- Build files have been written to: /home/chathushka-sutd/ros2_ws_exp/build/sim_env
-- Install configuration: ""
-- Execute custom install script
-- Symlinking: /home/chathushka-sutd/ros2_ws_exp/install/sim_env/share/sim_env//launch/multi_tb3_simulation_launch.py
-- Symlinking: /home/chathushka-sutd/ros2_ws_exp/install/sim_env/share/sim_env//worlds/map1.world
-- Symlinking: /home/chathushka-sutd/ros2_ws_exp/install/sim_env/share/sim_env//worlds/map2.world
-- Symlinking: /home/chathushka-sutd/ros2_ws_exp/install/sim_env/share/ament_index/resource_index/package_run_dependencies/sim_env
-- Symlinking: /home/chathushka-sutd/ros2_ws_exp/install/sim_env/share/ament_index/resource_index/parent_prefix_path/sim_env
-- Symlinking: /home/chathushka-sutd/ros2_ws_exp/install/sim_env/share/sim_env/environment/ament_prefix_path.sh
-- Symlinking: /home/chathushka-sutd/ros2_ws_exp/install/sim_env/share/sim_env/environment/ament_prefix_path.dsv
-- Symlinking: /home/chathushka-sutd/ros2_ws_exp/install/sim_env/share/sim_env/environment/path.sh
-- Symlinking: /home/chathushka-sutd/ros2_ws_exp/install/sim_env/share/sim_env/environment/path.dsv
-- Symlinking: /home/chathushka-sutd/ros2_ws_exp/install/sim_env/share/sim_env/local_setup.bash
-- Symlinking: /home/chathushka-sutd/ros2_ws_exp/install/sim_env/share/sim_env/local_setup.sh
-- Symlinking: /home/chathushka-sutd/ros2_ws_exp/install/sim_env/share/sim_env/local_setup.zsh
-- Symlinking: /home/chathushka-sutd/ros2_ws_exp/install/sim_env/share/sim_env/local_setup.dsv
-- Symlinking: /home/chathushka-sutd/ros2_ws_exp/install/sim_env/share/sim_env/package.dsv
-- Symlinking: /home/chathushka-sutd/ros2_ws_exp/install/sim_env/share/ament_index/resource_index/packages/sim_env
-- Symlinking: /home/chathushka-sutd/ros2_ws_exp/install/sim_env/share/sim_env/cmake/sim_envConfig.cmake
-- Symlinking: /home/chathushka-sutd/ros2_ws_exp/install/sim_env/share/sim_env/cmake/sim_envConfig-version.cmake
-- Symlinking: /home/chathushka-sutd/ros2_ws_exp/install/sim_env/share/sim_env/package.xml
