[0.008s] Invoking command in '/home/chathushka-sutd/ros2_ws_exp/build/sim_env': CMAKE_PREFIX_PATH=${CMAKE_PREFIX_PATH}:/home/chathushka-sutd/ros2_ws/install/my_package2:/opt/ros/humble /usr/bin/cmake /home/chathushka-sutd/ros2_ws_exp/src/sim_env -DAMENT_CMAKE_SYMLINK_INSTALL=1 -DCMAKE_INSTALL_PREFIX=/home/chathushka-sutd/ros2_ws_exp/install/sim_env
[0.015s] -- Found ament_cmake: 1.3.3 (/opt/ros/humble/share/ament_cmake/cmake)
[0.106s] -- Override CMake install command with custom implementation using symlinks instead of copying resources
[0.111s] -- Found ament_lint_auto: 0.12.5 (/opt/ros/humble/share/ament_lint_auto/cmake)
[0.155s] -- Added test 'flake8' to check Python code syntax and style conventions
[0.155s] -- Added test 'lint_cmake' to check CMake code style
[0.155s] -- Added test 'pep257' to check Python code against some of the docstring style conventions in PEP 257
[0.156s] -- Added test 'xmllint' to check XML markup files
[0.157s] -- Configuring done
[0.159s] -- Generating done
[0.159s] -- Build files have been written to: /home/chathushka-sutd/ros2_ws_exp/build/sim_env
[0.161s] Invoked command in '/home/chathushka-sutd/ros2_ws_exp/build/sim_env' returned '0': CMAKE_PREFIX_PATH=${CMAKE_PREFIX_PATH}:/home/chathushka-sutd/ros2_ws/install/my_package2:/opt/ros/humble /usr/bin/cmake /home/chathushka-sutd/ros2_ws_exp/src/sim_env -DAMENT_CMAKE_SYMLINK_INSTALL=1 -DCMAKE_INSTALL_PREFIX=/home/chathushka-sutd/ros2_ws_exp/install/sim_env
[0.162s] Invoking command in '/home/chathushka-sutd/ros2_ws_exp/build/sim_env': CMAKE_PREFIX_PATH=${CMAKE_PREFIX_PATH}:/home/chathushka-sutd/ros2_ws/install/my_package2:/opt/ros/humble /usr/bin/cmake --build /home/chathushka-sutd/ros2_ws_exp/build/sim_env -- -j16 -l16
[0.182s] Invoked command in '/home/chathushka-sutd/ros2_ws_exp/build/sim_env' returned '0': CMAKE_PREFIX_PATH=${CMAKE_PREFIX_PATH}:/home/chathushka-sutd/ros2_ws/install/my_package2:/opt/ros/humble /usr/bin/cmake --build /home/chathushka-sutd/ros2_ws_exp/build/sim_env -- -j16 -l16
[0.197s] Invoking command in '/home/chathushka-sutd/ros2_ws_exp/build/sim_env': CMAKE_PREFIX_PATH=${CMAKE_PREFIX_PATH}:/home/chathushka-sutd/ros2_ws/install/my_package2:/opt/ros/humble /usr/bin/cmake --install /home/chathushka-sutd/ros2_ws_exp/build/sim_env
[0.201s] -- Install configuration: ""
[0.202s] -- Execute custom install script
[0.202s] -- Symlinking: /home/chathushka-sutd/ros2_ws_exp/install/sim_env/share/sim_env//launch/multi_tb3_simulation_launch.py
[0.206s] -- Symlinking: /home/chathushka-sutd/ros2_ws_exp/install/sim_env/share/sim_env//worlds/map1.world
[0.210s] -- Symlinking: /home/chathushka-sutd/ros2_ws_exp/install/sim_env/share/sim_env//worlds/map2.world
[0.214s] -- Symlinking: /home/chathushka-sutd/ros2_ws_exp/install/sim_env/share/ament_index/resource_index/package_run_dependencies/sim_env
[0.219s] -- Symlinking: /home/chathushka-sutd/ros2_ws_exp/install/sim_env/share/ament_index/resource_index/parent_prefix_path/sim_env
[0.223s] -- Symlinking: /home/chathushka-sutd/ros2_ws_exp/install/sim_env/share/sim_env/environment/ament_prefix_path.sh
[0.227s] -- Symlinking: /home/chathushka-sutd/ros2_ws_exp/install/sim_env/share/sim_env/environment/ament_prefix_path.dsv
[0.231s] -- Symlinking: /home/chathushka-sutd/ros2_ws_exp/install/sim_env/share/sim_env/environment/path.sh
[0.236s] -- Symlinking: /home/chathushka-sutd/ros2_ws_exp/install/sim_env/share/sim_env/environment/path.dsv
[0.240s] -- Symlinking: /home/chathushka-sutd/ros2_ws_exp/install/sim_env/share/sim_env/local_setup.bash
[0.245s] -- Symlinking: /home/chathushka-sutd/ros2_ws_exp/install/sim_env/share/sim_env/local_setup.sh
[0.249s] -- Symlinking: /home/chathushka-sutd/ros2_ws_exp/install/sim_env/share/sim_env/local_setup.zsh
[0.254s] -- Symlinking: /home/chathushka-sutd/ros2_ws_exp/install/sim_env/share/sim_env/local_setup.dsv
[0.259s] -- Symlinking: /home/chathushka-sutd/ros2_ws_exp/install/sim_env/share/sim_env/package.dsv
[0.263s] -- Symlinking: /home/chathushka-sutd/ros2_ws_exp/install/sim_env/share/ament_index/resource_index/packages/sim_env
[0.268s] -- Symlinking: /home/chathushka-sutd/ros2_ws_exp/install/sim_env/share/sim_env/cmake/sim_envConfig.cmake
[0.272s] -- Symlinking: /home/chathushka-sutd/ros2_ws_exp/install/sim_env/share/sim_env/cmake/sim_envConfig-version.cmake
[0.277s] -- Symlinking: /home/chathushka-sutd/ros2_ws_exp/install/sim_env/share/sim_env/package.xml
[0.283s] Invoked command in '/home/chathushka-sutd/ros2_ws_exp/build/sim_env' returned '0': CMAKE_PREFIX_PATH=${CMAKE_PREFIX_PATH}:/home/chathushka-sutd/ros2_ws/install/my_package2:/opt/ros/humble /usr/bin/cmake --install /home/chathushka-sutd/ros2_ws_exp/build/sim_env
