[0.746s] Invoking command in '/home/chathushka-sutd/ros2_ws_exp/src/tf_merger': PYTHONPATH=/home/chathushka-sutd/ros2_ws_exp/build/tf_merger/prefix_override:/home/chathushka-sutd/ros2_ws_exp/install/tf_merger/lib/python3.10/site-packages:${PYTHONPATH} /usr/bin/python3 setup.py egg_info --egg-base ../../build/tf_merger build --build-base /home/chathushka-sutd/ros2_ws_exp/build/tf_merger/build install --record /home/chathushka-sutd/ros2_ws_exp/build/tf_merger/install.log --single-version-externally-managed
[0.983s] running egg_info
[0.984s] writing ../../build/tf_merger/tf_merger.egg-info/PKG-INFO
[0.984s] writing dependency_links to ../../build/tf_merger/tf_merger.egg-info/dependency_links.txt
[0.984s] writing entry points to ../../build/tf_merger/tf_merger.egg-info/entry_points.txt
[0.985s] writing requirements to ../../build/tf_merger/tf_merger.egg-info/requires.txt
[0.985s] writing top-level names to ../../build/tf_merger/tf_merger.egg-info/top_level.txt
[0.988s] reading manifest file '../../build/tf_merger/tf_merger.egg-info/SOURCES.txt'
[0.988s] writing manifest file '../../build/tf_merger/tf_merger.egg-info/SOURCES.txt'
[0.988s] running build
[0.989s] running build_py
[0.989s] running install
[0.989s] running install_lib
[0.990s] running install_data
[0.991s] running install_egg_info
[0.993s] removing '/home/chathushka-sutd/ros2_ws_exp/install/tf_merger/lib/python3.10/site-packages/tf_merger-0.0.0-py3.10.egg-info' (and everything under it)
[0.993s] Copying ../../build/tf_merger/tf_merger.egg-info to /home/chathushka-sutd/ros2_ws_exp/install/tf_merger/lib/python3.10/site-packages/tf_merger-0.0.0-py3.10.egg-info
[0.993s] running install_scripts
[1.015s] Installing tf_merger script to /home/chathushka-sutd/ros2_ws_exp/install/tf_merger/lib/tf_merger
[1.015s] writing list of installed files to '/home/chathushka-sutd/ros2_ws_exp/build/tf_merger/install.log'
[1.063s] Invoked command in '/home/chathushka-sutd/ros2_ws_exp/src/tf_merger' returned '0': PYTHONPATH=/home/chathushka-sutd/ros2_ws_exp/build/tf_merger/prefix_override:/home/chathushka-sutd/ros2_ws_exp/install/tf_merger/lib/python3.10/site-packages:${PYTHONPATH} /usr/bin/python3 setup.py egg_info --egg-base ../../build/tf_merger build --build-base /home/chathushka-sutd/ros2_ws_exp/build/tf_merger/build install --record /home/chathushka-sutd/ros2_ws_exp/build/tf_merger/install.log --single-version-externally-managed
