[0.417s] Invoking command in '/home/chathushka-sutd/ros2_ws_exp/src/tf_publish': PYTHONPATH=/home/chathushka-sutd/ros2_ws_exp/build/tf_publish/prefix_override:/home/chathushka-sutd/ros2_ws_exp/install/tf_publish/lib/python3.10/site-packages:${PYTHONPATH} /usr/bin/python3 setup.py egg_info --egg-base ../../build/tf_publish build --build-base /home/chathushka-sutd/ros2_ws_exp/build/tf_publish/build install --record /home/chathushka-sutd/ros2_ws_exp/build/tf_publish/install.log --single-version-externally-managed
[0.576s] running egg_info
[0.577s] writing ../../build/tf_publish/tf_publish.egg-info/PKG-INFO
[0.577s] writing dependency_links to ../../build/tf_publish/tf_publish.egg-info/dependency_links.txt
[0.577s] writing entry points to ../../build/tf_publish/tf_publish.egg-info/entry_points.txt
[0.577s] writing requirements to ../../build/tf_publish/tf_publish.egg-info/requires.txt
[0.577s] writing top-level names to ../../build/tf_publish/tf_publish.egg-info/top_level.txt
[0.578s] reading manifest file '../../build/tf_publish/tf_publish.egg-info/SOURCES.txt'
[0.579s] writing manifest file '../../build/tf_publish/tf_publish.egg-info/SOURCES.txt'
[0.579s] running build
[0.579s] running build_py
[0.579s] running install
[0.579s] /usr/lib/python3/dist-packages/setuptools/command/install.py:34: SetuptoolsDeprecationWarning: setup.py install is deprecated. Use build and pip and other standards-based tools.
[0.579s]   warnings.warn(
[0.579s] running install_lib
[0.580s] running install_data
[0.580s] running install_egg_info
[0.582s] removing '/home/chathushka-sutd/ros2_ws_exp/install/tf_publish/lib/python3.10/site-packages/tf_publish-0.0.0-py3.10.egg-info' (and everything under it)
[0.582s] Copying ../../build/tf_publish/tf_publish.egg-info to /home/chathushka-sutd/ros2_ws_exp/install/tf_publish/lib/python3.10/site-packages/tf_publish-0.0.0-py3.10.egg-info
[0.582s] running install_scripts
[0.595s] Installing exec_tf_pub script to /home/chathushka-sutd/ros2_ws_exp/install/tf_publish/lib/tf_publish
[0.596s] writing list of installed files to '/home/chathushka-sutd/ros2_ws_exp/build/tf_publish/install.log'
[0.618s] Invoked command in '/home/chathushka-sutd/ros2_ws_exp/src/tf_publish' returned '0': PYTHONPATH=/home/chathushka-sutd/ros2_ws_exp/build/tf_publish/prefix_override:/home/chathushka-sutd/ros2_ws_exp/install/tf_publish/lib/python3.10/site-packages:${PYTHONPATH} /usr/bin/python3 setup.py egg_info --egg-base ../../build/tf_publish build --build-base /home/chathushka-sutd/ros2_ws_exp/build/tf_publish/build install --record /home/chathushka-sutd/ros2_ws_exp/build/tf_publish/install.log --single-version-externally-managed
