-- Found ament_cmake: 1.3.3 (/opt/ros/humble/share/ament_cmake/cmake)
-- Override CMake install command with custom implementation using symlinks instead of copying resources
-- Found rclcpp: 16.0.3 (/opt/ros/humble/share/rclcpp/cmake)
-- Found rosidl_generator_c: 3.1.4 (/opt/ros/humble/share/rosidl_generator_c/cmake)
-- Found rosidl_adapter: 3.1.4 (/opt/ros/humble/share/rosidl_adapter/cmake)
-- Found rosidl_generator_cpp: 3.1.4 (/opt/ros/humble/share/rosidl_generator_cpp/cmake)
-- Using all available rosidl_typesupport_c: rosidl_typesupport_fastrtps_c;rosidl_typesupport_introspection_c
-- Using all available rosidl_typesupport_cpp: rosidl_typesupport_fastrtps_cpp;rosidl_typesupport_introspection_cpp
-- Found rmw_implementation_cmake: 6.1.1 (/opt/ros/humble/share/rmw_implementation_cmake/cmake)
-- Found rmw_fastrtps_cpp: 6.2.2 (/opt/ros/humble/share/rmw_fastrtps_cpp/cmake)
-- Using RMW implementation 'rmw_fastrtps_cpp' as default
-- Found geometry_msgs: 4.2.3 (/opt/ros/humble/share/geometry_msgs/cmake)
-- Found nav_msgs: 4.2.3 (/opt/ros/humble/share/nav_msgs/cmake)
-- Found visualization_msgs: 4.2.3 (/opt/ros/humble/share/visualization_msgs/cmake)
-- Found ament_lint_auto: 0.12.5 (/opt/ros/humble/share/ament_lint_auto/cmake)
-- Added test 'cppcheck' to perform static code analysis on C / C++ code
-- Configured cppcheck include dirs: $<BUILD_INTERFACE:/home/chathushka-sutd/ros2_ws_exp/src/exploration/include>
-- Configured cppcheck exclude dirs and/or files: 
-- Added test 'flake8' to check Python code syntax and style conventions
-- Added test 'lint_cmake' to check CMake code style
-- Added test 'pep257' to check Python code against some of the docstring style conventions in PEP 257
-- Added test 'uncrustify' to check C / C++ code style
-- Configured uncrustify additional arguments: 
-- Added test 'xmllint' to check XML markup files
-- Configuring done
-- Generating done
-- Build files have been written to: /home/chathushka-sutd/ros2_ws_exp/build/exploration
[35m[1mConsolidate compiler generated dependencies of target exec_exp[0m
[ 66%] [32mBuilding CXX object CMakeFiles/exec_exp.dir/src/exploration_code.cpp.o[0m
[ 66%] [32mBuilding CXX object CMakeFiles/exec_exp.dir/src/exploration_node.cpp.o[0m
[01m[K/home/chathushka-sutd/ros2_ws_exp/src/exploration/src/exploration_code.cpp:68:22:[m[K [01;31m[Kerror: [m[Kstray ‘[01m[K`[m[K’ in program
   68 |         mapData=*msg;[01;31m[K`[m[K
      |                      [01;31m[K^[m[K
In file included from [01m[K/home/chathushka-sutd/ros2_ws_exp/src/exploration/src/exploration_node.cpp:1[m[K:
[01m[K/home/chathushka-sutd/ros2_ws_exp/src/exploration/include/exploration/exploration_code.hpp:24:40:[m[K [01;31m[Kerror: [m[K‘[01m[KOccupancyGrid[m[K’ in namespace ‘[01m[Knav_msgs[m[K’ does not name a type
   24 |       void mapCallBack(const nav_msgs::[01;31m[KOccupancyGrid[m[K::ConstPtr& msg);
      |                                        [01;31m[K^~~~~~~~~~~~~[m[K
[01m[K/home/chathushka-sutd/ros2_ws_exp/src/exploration/include/exploration/exploration_code.hpp:24:63:[m[K [01;31m[Kerror: [m[Kexpected unqualified-id before ‘[01m[K&[m[K’ token
   24 |       void mapCallBack(const nav_msgs::OccupancyGrid::ConstPtr[01;31m[K&[m[K msg);
      |                                                               [01;31m[K^[m[K
[01m[K/home/chathushka-sutd/ros2_ws_exp/src/exploration/include/exploration/exploration_code.hpp:24:63:[m[K [01;31m[Kerror: [m[Kexpected ‘[01m[K)[m[K’ before ‘[01m[K&[m[K’ token
   24 |       void mapCallBack[34m[K([m[Kconst nav_msgs::OccupancyGrid::ConstPtr[01;31m[K&[m[K msg);
      |                       [34m[K~[m[K                                       [01;31m[K^[m[K
      |                                                               [32m[K)[m[K
[01m[K/home/chathushka-sutd/ros2_ws_exp/src/exploration/include/exploration/exploration_code.hpp:24:63:[m[K [01;31m[Kerror: [m[Kexpected ‘[01m[K;[m[K’ at end of member declaration
   24 |       void mapCallBack(const nav_msgs::OccupancyGrid::ConstPtr[01;31m[K&[m[K msg);
      |                                                               [01;31m[K^[m[K
      |                                                                [32m[K;[m[K
[01m[K/home/chathushka-sutd/ros2_ws_exp/src/exploration/include/exploration/exploration_code.hpp:24:65:[m[K [01;31m[Kerror: [m[K‘[01m[Kmsg[m[K’ does not name a type
   24 |       void mapCallBack(const nav_msgs::OccupancyGrid::ConstPtr& [01;31m[Kmsg[m[K);
      |                                                                 [01;31m[K^~~[m[K
[01m[K/home/chathushka-sutd/ros2_ws_exp/src/exploration/include/exploration/exploration_code.hpp:25:50:[m[K [01;31m[Kerror: [m[K‘[01m[KOccupancyGrid[m[K’ in namespace ‘[01m[Knav_msgs[m[K’ does not name a type
   25 |       void costmapMergedCallBack(const nav_msgs::[01;31m[KOccupancyGrid[m[K::ConstPtr& msg);
      |                                                  [01;31m[K^~~~~~~~~~~~~[m[K
[01m[K/home/chathushka-sutd/ros2_ws_exp/src/exploration/include/exploration/exploration_code.hpp:25:73:[m[K [01;31m[Kerror: [m[Kexpected unqualified-id before ‘[01m[K&[m[K’ token
   25 |       void costmapMergedCallBack(const nav_msgs::OccupancyGrid::ConstPtr[01;31m[K&[m[K msg);
      |                                                                         [01;31m[K^[m[K
[01m[K/home/chathushka-sutd/ros2_ws_exp/src/exploration/include/exploration/exploration_code.hpp:25:73:[m[K [01;31m[Kerror: [m[Kexpected ‘[01m[K)[m[K’ before ‘[01m[K&[m[K’ token
   25 |       void costmapMergedCallBack[34m[K([m[Kconst nav_msgs::OccupancyGrid::ConstPtr[01;31m[K&[m[K msg);
      |                                 [34m[K~[m[K                                       [01;31m[K^[m[K
      |                                                                         [32m[K)[m[K
[01m[K/home/chathushka-sutd/ros2_ws_exp/src/exploration/include/exploration/exploration_code.hpp:25:73:[m[K [01;31m[Kerror: [m[Kexpected ‘[01m[K;[m[K’ at end of member declaration
   25 |       void costmapMergedCallBack(const nav_msgs::OccupancyGrid::ConstPtr[01;31m[K&[m[K msg);
      |                                                                         [01;31m[K^[m[K
      |                                                                          [32m[K;[m[K
[01m[K/home/chathushka-sutd/ros2_ws_exp/src/exploration/include/exploration/exploration_code.hpp:25:75:[m[K [01;31m[Kerror: [m[K‘[01m[Kmsg[m[K’ does not name a type
   25 |       void costmapMergedCallBack(const nav_msgs::OccupancyGrid::ConstPtr& [01;31m[Kmsg[m[K);
      |                                                                           [01;31m[K^~~[m[K
[01m[K/home/chathushka-sutd/ros2_ws_exp/src/exploration/include/exploration/exploration_code.hpp:26:46:[m[K [01;31m[Kerror: [m[K‘[01m[KPointStamped[m[K’ in namespace ‘[01m[Kgeometry_msgs[m[K’ does not name a type
   26 |       void rvizCallBack(const geometry_msgs::[01;31m[KPointStamped[m[K::ConstPtr& msg);
      |                                              [01;31m[K^~~~~~~~~~~~[m[K
[01m[K/home/chathushka-sutd/ros2_ws_exp/src/exploration/include/exploration/exploration_code.hpp:26:68:[m[K [01;31m[Kerror: [m[Kexpected unqualified-id before ‘[01m[K&[m[K’ token
   26 |       void rvizCallBack(const geometry_msgs::PointStamped::ConstPtr[01;31m[K&[m[K msg);
      |                                                                    [01;31m[K^[m[K
[01m[K/home/chathushka-sutd/ros2_ws_exp/src/exploration/include/exploration/exploration_code.hpp:26:68:[m[K [01;31m[Kerror: [m[Kexpected ‘[01m[K)[m[K’ before ‘[01m[K&[m[K’ token
   26 |       void rvizCallBack[34m[K([m[Kconst geometry_msgs::PointStamped::ConstPtr[01;31m[K&[m[K msg);
      |                        [34m[K~[m[K                                           [01;31m[K^[m[K
      |                                                                    [32m[K)[m[K
[01m[K/home/chathushka-sutd/ros2_ws_exp/src/exploration/include/exploration/exploration_code.hpp:26:68:[m[K [01;31m[Kerror: [m[Kexpected ‘[01m[K;[m[K’ at end of member declaration
   26 |       void rvizCallBack(const geometry_msgs::PointStamped::ConstPtr[01;31m[K&[m[K msg);
      |                                                                    [01;31m[K^[m[K
      |                                                                     [32m[K;[m[K
[01m[K/home/chathushka-sutd/ros2_ws_exp/src/exploration/include/exploration/exploration_code.hpp:26:70:[m[K [01;31m[Kerror: [m[K‘[01m[Kmsg[m[K’ does not name a type
   26 |       void rvizCallBack(const geometry_msgs::PointStamped::ConstPtr& [01;31m[Kmsg[m[K);
      |                                                                      [01;31m[K^~~[m[K
In file included from [01m[K/home/chathushka-sutd/ros2_ws_exp/src/exploration/src/exploration_code.cpp:1[m[K:
[01m[K/home/chathushka-sutd/ros2_ws_exp/src/exploration/include/exploration/exploration_code.hpp:24:40:[m[K [01;31m[Kerror: [m[K‘[01m[KOccupancyGrid[m[K’ in namespace ‘[01m[Knav_msgs[m[K’ does not name a type
   24 |       void mapCallBack(const nav_msgs::[01;31m[KOccupancyGrid[m[K::ConstPtr& msg);
      |                                        [01;31m[K^~~~~~~~~~~~~[m[K
[01m[K/home/chathushka-sutd/ros2_ws_exp/src/exploration/include/exploration/exploration_code.hpp:24:63:[m[K [01;31m[Kerror: [m[Kexpected unqualified-id before ‘[01m[K&[m[K’ token
   24 |       void mapCallBack(const nav_msgs::OccupancyGrid::ConstPtr[01;31m[K&[m[K msg);
      |                                                               [01;31m[K^[m[K
[01m[K/home/chathushka-sutd/ros2_ws_exp/src/exploration/include/exploration/exploration_code.hpp:24:63:[m[K [01;31m[Kerror: [m[Kexpected ‘[01m[K)[m[K’ before ‘[01m[K&[m[K’ token
   24 |       void mapCallBack[34m[K([m[Kconst nav_msgs::OccupancyGrid::ConstPtr[01;31m[K&[m[K msg);
      |                       [34m[K~[m[K                                       [01;31m[K^[m[K
      |                                                               [32m[K)[m[K
[01m[K/home/chathushka-sutd/ros2_ws_exp/src/exploration/include/exploration/exploration_code.hpp:24:63:[m[K [01;31m[Kerror: [m[Kexpected ‘[01m[K;[m[K’ at end of member declaration
   24 |       void mapCallBack(const nav_msgs::OccupancyGrid::ConstPtr[01;31m[K&[m[K msg);
      |                                                               [01;31m[K^[m[K
      |                                                                [32m[K;[m[K
[01m[K/home/chathushka-sutd/ros2_ws_exp/src/exploration/include/exploration/exploration_code.hpp:24:65:[m[K [01;31m[Kerror: [m[K‘[01m[Kmsg[m[K’ does not name a type
   24 |       void mapCallBack(const nav_msgs::OccupancyGrid::ConstPtr& [01;31m[Kmsg[m[K);
      |                                                                 [01;31m[K^~~[m[K
[01m[K/home/chathushka-sutd/ros2_ws_exp/src/exploration/include/exploration/exploration_code.hpp:25:50:[m[K [01;31m[Kerror: [m[K‘[01m[KOccupancyGrid[m[K’ in namespace ‘[01m[Knav_msgs[m[K’ does not name a type
   25 |       void costmapMergedCallBack(const nav_msgs::[01;31m[KOccupancyGrid[m[K::ConstPtr& msg);
      |                                                  [01;31m[K^~~~~~~~~~~~~[m[K
[01m[K/home/chathushka-sutd/ros2_ws_exp/src/exploration/include/exploration/exploration_code.hpp:25:73:[m[K [01;31m[Kerror: [m[Kexpected unqualified-id before ‘[01m[K&[m[K’ token
   25 | id costmapMergedCallBack(const nav_msgs::OccupancyGrid::ConstPtr[01;31m[K&[m[K msg);
      |                                                                 [01;31m[K^[m[K

[01m[K/home/chathushka-sutd/ros2_ws_exp/src/exploration/include/exploration/exploration_code.hpp:25:73:[m[K [01;31m[Kerror: [m[Kexpected ‘[01m[K)[m[K’ before ‘[01m[K&[m[K’ token
   25 | id costmapMergedCallBack[34m[K([m[Kconst nav_msgs::OccupancyGrid::ConstPtr[01;31m[K&[m[K msg);
      |                         [34m[K~[m[K                                       [01;31m[K^[m[K
      |                                                                 [32m[K)[m[K
[01m[K/home/chathushka-sutd/ros2_ws_exp/src/exploration/include/exploration/exploration_code.hpp:25:73:[m[K [01;31m[Kerror: [m[Kexpected ‘[01m[K;[m[K’ at end of member declaration
   25 | id costmapMergedCallBack(const nav_msgs::OccupancyGrid::ConstPtr[01;31m[K&[m[K msg);
      |                                                                 [01;31m[K^[m[K
      |                                                                  [32m[K;[m[K
[01m[K/home/chathushka-sutd/ros2_ws_exp/src/exploration/include/exploration/exploration_code.hpp:25:75:[m[K [01;31m[Kerror: [m[K‘[01m[Kmsg[m[K’ does not name a type
   25 | id costmapMergedCallBack(const nav_msgs::OccupancyGrid::ConstPtr& [01;31m[Kmsg[m[K);
      |                                                                   [01;31m[K^~~[m[K

[01m[K/home/chathushka-sutd/ros2_ws_exp/src/exploration/include/exploration/exploration_code.hpp:26:46:[m[K [01;31m[Kerror: [m[K‘[01m[KPointStamped[m[K’ in namespace ‘[01m[Kgeometry_msgs[m[K’ does not name a type
   26 |       void rvizCallBack(const geometry_msgs::[01;31m[KPointStamped[m[K::ConstPtr& msg);
      |                                              [01;31m[K^~~~~~~~~~~~[m[K
[01m[K/home/chathushka-sutd/ros2_ws_exp/src/exploration/include/exploration/exploration_code.hpp:26:68:[m[K [01;31m[Kerror: [m[Kexpected unqualified-id before ‘[01m[K&[m[K’ token
   26 |    void rvizCallBack(const geometry_msgs::PointStamped::ConstPtr[01;31m[K&[m[K msg);
      |                                                                 [01;31m[K^[m[K

[01m[K/home/chathushka-sutd/ros2_ws_exp/src/exploration/include/exploration/exploration_code.hpp:26:68:[m[K [01;31m[Kerror: [m[Kexpected ‘[01m[K)[m[K’ before ‘[01m[K&[m[K’ token
   26 |    void rvizCallBack[34m[K([m[Kconst geometry_msgs::PointStamped::ConstPtr[01;31m[K&[m[K msg);
      |                     [34m[K~[m[K                                           [01;31m[K^[m[K
      |                                                                 [32m[K)[m[K
[01m[K/home/chathushka-sutd/ros2_ws_exp/src/exploration/include/exploration/exploration_code.hpp:26:68:[m[K [01;31m[Kerror: [m[Kexpected ‘[01m[K;[m[K’ at end of member declaration
   26 |    void rvizCallBack(const geometry_msgs::PointStamped::ConstPtr[01;31m[K&[m[K msg);
      |                                                                 [01;31m[K^[m[K
      |                                                                  [32m[K;[m[K
[01m[K/home/chathushka-sutd/ros2_ws_exp/src/exploration/include/exploration/exploration_code.hpp:26:70:[m[K [01;31m[Kerror: [m[K‘[01m[Kmsg[m[K’ does not name a type
   26 |    void rvizCallBack(const geometry_msgs::PointStamped::ConstPtr& [01;31m[Kmsg[m[K);
      |                                                                   [01;31m[K^~~[m[K

[01m[K/home/chathushka-sutd/ros2_ws_exp/src/exploration/include/exploration/exploration_code.hpp:51:27:[m[K [01;31m[Kerror: [m[K‘[01m[KPointStamped[m[K’ in namespace ‘[01m[Kgeometry_msgs::msg[m[K’ does not name a type
   51 |       geometry_msgs::msg::[01;31m[KPointStamped[m[K clickedpoint;
      |                           [01;31m[K^~~~~~~~~~~~[m[K
[01m[K/home/chathushka-sutd/ros2_ws_exp/src/exploration/include/exploration/exploration_code.hpp:51:27:[m[K [01;31m[Kerror: [m[K‘[01m[KPointStamped[m[K’ in namespace ‘[01m[Kgeometry_msgs::msg[m[K’ does not name a type
   51 |       geometry_msgs::msg::[01;31m[KPointStamped[m[K clickedpoint;
      |                           [01;31m[K^~~~~~~~~~~~[m[K
[01m[K/home/chathushka-sutd/ros2_ws_exp/src/exploration/src/exploration_code.cpp:[m[K In constructor ‘[01m[Kexploration::MWFCN_Algo::MWFCN_Algo()[m[K’:
[01m[K/home/chathushka-sutd/ros2_ws_exp/src/exploration/src/exploration_code.cpp:48:126:[m[K [01;31m[Kerror: [m[K‘[01m[K_1[m[K’ was not declared in this scope; did you mean ‘[01m[Kstd::placeholders::_1[m[K’?
   48 | ncyGrid>(map_topic, 10, std::bind(&MWFCN_Algo::mapCallBack, this, [01;31m[K_1[m[K));
      |                                                                   [01;31m[K^~[m[K
      |                                                                   [32m[Kstd::placeholders::_1[m[K
In file included from [01m[K/usr/include/c++/11/pstl/glue_algorithm_defs.h:13[m[K,
                 from [01m[K/usr/include/c++/11/algorithm:74[m[K,
                 from [01m[K/opt/ros/humble/include/rclcpp/rclcpp/executor.hpp:18[m[K,
                 from [01m[K/opt/ros/humble/include/rclcpp/rclcpp/executors/multi_threaded_executor.hpp:25[m[K,
                 from [01m[K/opt/ros/humble/include/rclcpp/rclcpp/executors.hpp:21[m[K,
                 from [01m[K/opt/ros/humble/include/rclcpp/rclcpp/rclcpp.hpp:155[m[K,
                 from [01m[K/home/chathushka-sutd/ros2_ws_exp/src/exploration/include/exploration/exploration_code.hpp:5[m[K,
                 from [01m[K/home/chathushka-sutd/ros2_ws_exp/src/exploration/src/exploration_code.cpp:1[m[K:
[01m[K/usr/include/c++/11/functional:225:34:[m[K [01;36m[Knote: [m[K‘[01m[Kstd::placeholders::_1[m[K’ declared here
  225 |     extern const _Placeholder<1> [01;36m[K_1[m[K;
      |                                  [01;36m[K^~[m[K
[01m[K/home/chathushka-sutd/ros2_ws_exp/src/exploration/src/exploration_code.cpp:50:64:[m[K [01;31m[Kerror: [m[K‘[01m[KPointStamped[m[K’ is not a member of ‘[01m[Kgeometry_msgs::msg[m[K’
   50 |    rviz_sub = this->create_subscription<geometry_msgs::msg::[01;31m[KPointStamped[m[K>("/clicked_point", 10, std::bind(&MWFCN_Algo::rvizCallBack, this, _1));
      |                                                             [01;31m[K^~~~~~~~~~~~[m[K

[01m[K/home/chathushka-sutd/ros2_ws_exp/src/exploration/src/exploration_code.cpp:[m[K At global scope:
[01m[K/home/chathushka-sutd/ros2_ws_exp/src/exploration/src/exploration_code.cpp:65:67:[m[K [01;35m[Kwarning: [m[K‘[01m[Knav_msgs::msg::OccupancyGrid_<std::allocator<void> >::ConstPtr[m[K’ is deprecated [[01;35m[K]8;;https://gcc.gnu.org/onlinedocs/gcc/Warning-Options.html#index-Wdeprecated-declarations-Wdeprecated-declarations]8;;[m[K]
   65 | void mapCallBack(const nav_msgs::msg::OccupancyGrid::ConstPtr& msg[01;35m[K)[m[K
      |                                                                   [01;35m[K^[m[K
In file included from [01m[K/opt/ros/humble/include/nav_msgs/nav_msgs/msg/occupancy_grid.hpp:7[m[K,
                 from [01m[K/home/chathushka-sutd/ros2_ws_exp/src/exploration/include/exploration/exploration_code.hpp:7[m[K,
                 from [01m[K/home/chathushka-sutd/ros2_ws_exp/src/exploration/src/exploration_code.cpp:1[m[K:
[01m[K/opt/ros/humble/include/nav_msgs/nav_msgs/msg/detail/occupancy_grid__struct.hpp:124:5:[m[K [01;36m[Knote: [m[Kdeclared here
  124 |     [01;36m[KConstPtr[m[K;
      |     [01;36m[K^~~~~~~~[m[K
[01m[K/home/chathushka-sutd/ros2_ws_exp/src/exploration/src/exploration_code.cpp:[m[K In function ‘[01m[Kvoid mapCallBack(const ConstPtr&)[m[K’:
[01m[K/home/chathushka-sutd/ros2_ws_exp/src/exploration/src/exploration_code.cpp:68:9:[m[K [01;31m[Kerror: [m[K‘[01m[KmapData[m[K’ was not declared in this scope
   68 |         [01;31m[KmapData[m[K=*msg;`
      |         [01;31m[K^~~~~~~[m[K
[01m[K/home/chathushka-sutd/ros2_ws_exp/src/exploration/src/exploration_code.cpp:[m[K At global scope:
[01m[K/home/chathushka-sutd/ros2_ws_exp/src/exploration/src/exploration_code.cpp:73:77:[m[K [01;35m[Kwarning: [m[K‘[01m[Knav_msgs::msg::OccupancyGrid_<std::allocator<void> >::ConstPtr[m[K’ is deprecated [[01;35m[K]8;;https://gcc.gnu.org/onlinedocs/gcc/Warning-Options.html#index-Wdeprecated-declarations-Wdeprecated-declarations]8;;[m[K]
   73 | ostmapMergedCallBack(const nav_msgs::msg::OccupancyGrid::ConstPtr& msg[01;35m[K)[m[K
      |                                                                       [01;35m[K^[m[K

In file included from [01m[K/opt/ros/humble/include/nav_msgs/nav_msgs/msg/occupancy_grid.hpp:7[m[K,
                 from [01m[K/home/chathushka-sutd/ros2_ws_exp/src/exploration/include/exploration/exploration_code.hpp:7[m[K,
                 from [01m[K/home/chathushka-sutd/ros2_ws_exp/src/exploration/src/exploration_code.cpp:1[m[K:
[01m[K/opt/ros/humble/include/nav_msgs/nav_msgs/msg/detail/occupancy_grid__struct.hpp:124:5:[m[K [01;36m[Knote: [m[Kdeclared here
  124 |     [01;36m[KConstPtr[m[K;
      |     [01;36m[K^~~~~~~~[m[K
[01m[K/home/chathushka-sutd/ros2_ws_exp/src/exploration/src/exploration_code.cpp:[m[K In function ‘[01m[Kvoid costmapMergedCallBack(const ConstPtr&)[m[K’:
[01m[K/home/chathushka-sutd/ros2_ws_exp/src/exploration/src/exploration_code.cpp:76:9:[m[K [01;31m[Kerror: [m[K‘[01m[KcostmapData[m[K’ was not declared in this scope
   76 |         [01;31m[KcostmapData[m[K=*msg;
      |         [01;31m[K^~~~~~~~~~~[m[K
[01m[K/home/chathushka-sutd/ros2_ws_exp/src/exploration/src/exploration_code.cpp:[m[K At global scope:
[01m[K/home/chathushka-sutd/ros2_ws_exp/src/exploration/src/exploration_code.cpp:82:45:[m[K [01;31m[Kerror: [m[K‘[01m[KPointStamped[m[K’ in namespace ‘[01m[Kgeometry_msgs::msg[m[K’ does not name a type
   82 | void rvizCallBack(const geometry_msgs::msg::[01;31m[KPointStamped[m[K::ConstPt& msg)
      |                                             [01;31m[K^~~~~~~~~~~~[m[K
[01m[K/home/chathushka-sutd/ros2_ws_exp/src/exploration/src/exploration_code.cpp:82:66:[m[K [01;31m[Kerror: [m[Kexpected unqualified-id before ‘[01m[K&[m[K’ token
   82 | void rvizCallBack(const geometry_msgs::msg::PointStamped::ConstPt[01;31m[K&[m[K msg)
      |                                                                  [01;31m[K^[m[K
[01m[K/home/chathushka-sutd/ros2_ws_exp/src/exploration/src/exploration_code.cpp:82:66:[m[K [01;31m[Kerror: [m[Kexpected ‘[01m[K)[m[K’ before ‘[01m[K&[m[K’ token
   82 | void rvizCallBack[34m[K([m[Kconst geometry_msgs::msg::PointStamped::ConstPt[01;31m[K&[m[K msg)
      |                  [34m[K~[m[K                                               [01;31m[K^[m[K
      |                                                                  [32m[K)[m[K
[01m[K/home/chathushka-sutd/ros2_ws_exp/src/exploration/src/exploration_code.cpp:82:68:[m[K [01;31m[Kerror: [m[Kexpected initializer before ‘[01m[Kmsg[m[K’
   82 | void rvizCallBack(const geometry_msgs::msg::PointStamped::ConstPt& [01;31m[Kmsg[m[K)
      |                                                                    [01;31m[K^~~[m[K
In file included from [01m[K/opt/ros/humble/include/rclcpp/rclcpp/client.hpp:40[m[K,
                 from [01m[K/opt/ros/humble/include/rclcpp/rclcpp/callback_group.hpp:24[m[K,
                 from [01m[K/opt/ros/humble/include/rclcpp/rclcpp/any_executable.hpp:20[m[K,
                 from [01m[K/opt/ros/humble/include/rclcpp/rclcpp/memory_strategy.hpp:25[m[K,
                 from [01m[K/opt/ros/humble/include/rclcpp/rclcpp/memory_strategies.hpp:18[m[K,
                 from [01m[K/opt/ros/humble/include/rclcpp/rclcpp/executor_options.hpp:20[m[K,
                 from [01m[K/opt/ros/humble/include/rclcpp/rclcpp/executor.hpp:37[m[K,
                 from [01m[K/opt/ros/humble/include/rclcpp/rclcpp/executors/multi_threaded_executor.hpp:25[m[K,
                 from [01m[K/opt/ros/humble/include/rclcpp/rclcpp/executors.hpp:21[m[K,
                 from [01m[K/opt/ros/humble/include/rclcpp/rclcpp/rclcpp.hpp:155[m[K,
                 from [01m[K/home/chathushka-sutd/ros2_ws_exp/src/exploration/include/exploration/exploration_code.hpp:5[m[K,
                 from [01m[K/home/chathushka-sutd/ros2_ws_exp/src/exploration/src/exploration_code.cpp:1[m[K:
[01m[K/home/chathushka-sutd/ros2_ws_exp/src/exploration/src/exploration_code.cpp:[m[K In member function ‘[01m[Kvoid exploration::MWFCN_Algo::debug_param()[m[K’:
[01m[K/home/chathushka-sutd/ros2_ws_exp/src/exploration/src/exploration_code.cpp:93:69:[m[K [01;31m[Kerror: [m[K‘[01m[Kmap_topic[m[K’ was not declared in this scope
   93 | RCLCPP_INFO_STREAM(MWFCN_Algo::get_logger(), "Map topic: " << [01;31m[Kmap_topic[m[K
      |                                                               [01;31m[K^~~~~~~~~[m[K

[01m[K/home/chathushka-sutd/ros2_ws_exp/src/exploration/src/exploration_code.cpp:94:30:[m[K [01;31m[Kerror: [m[K‘[01m[Kcostmap_topic[m[K’ was not declared in this scope
   94 |       <<"\ncostmap_topic: "<<[01;31m[Kcostmap_topic[m[K
      |                              [01;31m[K^~~~~~~~~~~~~[m[K
gmake[2]: *** [CMakeFiles/exec_exp.dir/build.make:90: CMakeFiles/exec_exp.dir/src/exploration_node.cpp.o] Error 1
gmake[2]: *** Waiting for unfinished jobs....
gmake[2]: *** [CMakeFiles/exec_exp.dir/build.make:76: CMakeFiles/exec_exp.dir/src/exploration_code.cpp.o] Error 1
gmake[1]: *** [CMakeFiles/Makefile2:137: CMakeFiles/exec_exp.dir/all] Error 2
gmake: *** [Makefile:146: all] Error 2
