[0.030s] Invoking command in '/home/chathushka-sutd/ros2_ws_exp/build/map_merge_2d': CMAKE_PREFIX_PATH=${CMAKE_PREFIX_PATH}:/home/chathushka-sutd/ros2_ws/install/my_package2:/opt/ros/humble /usr/bin/cmake --build /home/chathushka-sutd/ros2_ws_exp/build/map_merge_2d -- -j16 -l16
[0.085s] [100%] Built target map_merger
[0.255s] Invoked command in '/home/chathushka-sutd/ros2_ws_exp/build/map_merge_2d' returned '0': CMAKE_PREFIX_PATH=${CMAKE_PREFIX_PATH}:/home/chathushka-sutd/ros2_ws/install/my_package2:/opt/ros/humble /usr/bin/cmake --build /home/chathushka-sutd/ros2_ws_exp/build/map_merge_2d -- -j16 -l16
[0.281s] Invoking command in '/home/chathushka-sutd/ros2_ws_exp/build/map_merge_2d': CMAKE_PREFIX_PATH=${CMAKE_PREFIX_PATH}:/home/chathushka-sutd/ros2_ws/install/my_package2:/opt/ros/humble /usr/bin/cmake --install /home/chathushka-sutd/ros2_ws_exp/build/map_merge_2d
[0.293s] -- Install configuration: ""
[0.293s] -- Up-to-date: /home/chathushka-sutd/ros2_ws_exp/install/map_merge_2d/lib/map_merge_2d/map_merger
[0.293s] -- Up-to-date: /home/chathushka-sutd/ros2_ws_exp/install/map_merge_2d/share/map_merge_2d/include
[0.293s] -- Up-to-date: /home/chathushka-sutd/ros2_ws_exp/install/map_merge_2d/share/map_merge_2d/include/map_merge_2d
[0.294s] -- Up-to-date: /home/chathushka-sutd/ros2_ws_exp/install/map_merge_2d/share/map_merge_2d/include/map_merge_2d/submaps
[0.294s] -- Up-to-date: /home/chathushka-sutd/ros2_ws_exp/install/map_merge_2d/share/map_merge_2d/include/map_merge_2d/submaps/submap.hpp
[0.294s] -- Up-to-date: /home/chathushka-sutd/ros2_ws_exp/install/map_merge_2d/share/map_merge_2d/include/map_merge_2d/submaps/submap_merger.hpp
[0.294s] -- Up-to-date: /home/chathushka-sutd/ros2_ws_exp/install/map_merge_2d/share/map_merge_2d/include/map_merge_2d/submaps/submap_matcher.hpp
[0.294s] -- Up-to-date: /home/chathushka-sutd/ros2_ws_exp/install/map_merge_2d/share/map_merge_2d/include/map_merge_2d/cv_core
[0.294s] -- Up-to-date: /home/chathushka-sutd/ros2_ws_exp/install/map_merge_2d/share/map_merge_2d/include/map_merge_2d/cv_core/cv_helpers.hpp
[0.294s] -- Up-to-date: /home/chathushka-sutd/ros2_ws_exp/install/map_merge_2d/share/map_merge_2d/include/map_merge_2d/cv_core/cv_core.hpp
[0.294s] -- Up-to-date: /home/chathushka-sutd/ros2_ws_exp/install/map_merge_2d/share/map_merge_2d/include/map_merge_2d/map_merger.hpp
[0.294s] -- Up-to-date: /home/chathushka-sutd/ros2_ws_exp/install/map_merge_2d/share/map_merge_2d/include/map_merge_2d/map_discovery
[0.295s] -- Up-to-date: /home/chathushka-sutd/ros2_ws_exp/install/map_merge_2d/share/map_merge_2d/include/map_merge_2d/map_discovery/topic_discovery.hpp
[0.295s] -- Up-to-date: /home/chathushka-sutd/ros2_ws_exp/install/map_merge_2d/share/map_merge_2d/include/map_merge_2d/util
[0.295s] -- Up-to-date: /home/chathushka-sutd/ros2_ws_exp/install/map_merge_2d/share/map_merge_2d/include/map_merge_2d/util/tf_utils.hpp
[0.295s] -- Up-to-date: /home/chathushka-sutd/ros2_ws_exp/install/map_merge_2d/share/map_merge_2d/include/map_merge_2d/util/topic_name_utils.hpp
[0.295s] -- Up-to-date: /home/chathushka-sutd/ros2_ws_exp/install/map_merge_2d/share/map_merge_2d/config
[0.295s] -- Up-to-date: /home/chathushka-sutd/ros2_ws_exp/install/map_merge_2d/share/map_merge_2d/config/params.yaml
[0.295s] -- Up-to-date: /home/chathushka-sutd/ros2_ws_exp/install/map_merge_2d/share/map_merge_2d/launch
[0.295s] -- Up-to-date: /home/chathushka-sutd/ros2_ws_exp/install/map_merge_2d/share/map_merge_2d/launch/map_merge_2d.launch.py
[0.295s] -- Up-to-date: /home/chathushka-sutd/ros2_ws_exp/install/map_merge_2d/share/ament_index/resource_index/package_run_dependencies/map_merge_2d
[0.295s] -- Up-to-date: /home/chathushka-sutd/ros2_ws_exp/install/map_merge_2d/share/ament_index/resource_index/parent_prefix_path/map_merge_2d
[0.295s] -- Up-to-date: /home/chathushka-sutd/ros2_ws_exp/install/map_merge_2d/share/map_merge_2d/environment/ament_prefix_path.sh
[0.295s] -- Up-to-date: /home/chathushka-sutd/ros2_ws_exp/install/map_merge_2d/share/map_merge_2d/environment/ament_prefix_path.dsv
[0.295s] -- Up-to-date: /home/chathushka-sutd/ros2_ws_exp/install/map_merge_2d/share/map_merge_2d/environment/path.sh
[0.296s] -- Up-to-date: /home/chathushka-sutd/ros2_ws_exp/install/map_merge_2d/share/map_merge_2d/environment/path.dsv
[0.297s] -- Up-to-date: /home/chathushka-sutd/ros2_ws_exp/install/map_merge_2d/share/map_merge_2d/local_setup.bash
[0.297s] -- Up-to-date: /home/chathushka-sutd/ros2_ws_exp/install/map_merge_2d/share/map_merge_2d/local_setup.sh
[0.297s] -- Up-to-date: /home/chathushka-sutd/ros2_ws_exp/install/map_merge_2d/share/map_merge_2d/local_setup.zsh
[0.298s] -- Up-to-date: /home/chathushka-sutd/ros2_ws_exp/install/map_merge_2d/share/map_merge_2d/local_setup.dsv
[0.298s] -- Installing: /home/chathushka-sutd/ros2_ws_exp/install/map_merge_2d/share/map_merge_2d/package.dsv
[0.298s] -- Up-to-date: /home/chathushka-sutd/ros2_ws_exp/install/map_merge_2d/share/ament_index/resource_index/packages/map_merge_2d
[0.298s] -- Up-to-date: /home/chathushka-sutd/ros2_ws_exp/install/map_merge_2d/share/map_merge_2d/cmake/map_merge_2dConfig.cmake
[0.298s] -- Up-to-date: /home/chathushka-sutd/ros2_ws_exp/install/map_merge_2d/share/map_merge_2d/cmake/map_merge_2dConfig-version.cmake
[0.298s] -- Up-to-date: /home/chathushka-sutd/ros2_ws_exp/install/map_merge_2d/share/map_merge_2d/package.xml
[0.324s] Invoked command in '/home/chathushka-sutd/ros2_ws_exp/build/map_merge_2d' returned '0': CMAKE_PREFIX_PATH=${CMAKE_PREFIX_PATH}:/home/chathushka-sutd/ros2_ws/install/my_package2:/opt/ros/humble /usr/bin/cmake --install /home/chathushka-sutd/ros2_ws_exp/build/map_merge_2d
