[35m[1mConsolidate compiler generated dependencies of target exec_exp[0m
[ 66%] [32mBuilding CXX object CMakeFiles/exec_exp.dir/src/exploration_node.cpp.o[0m
[ 66%] [32mBuilding CXX object CMakeFiles/exec_exp.dir/src/exploration_code.cpp.o[0m
In file included from [01m[K/home/chathushka-sutd/ros2_ws_exp/src/exploration/src/exploration_code.cpp:1[m[K:
[01m[K/home/chathushka-sutd/ros2_ws_exp/src/exploration/include/exploration/exploration_code.hpp:29:40:[m[K [01;31m[Kerror: [m[K‘[01m[KOccupancyGrid[m[K’ in namespace ‘[01m[Knav_msgs[m[K’ does not name a type
   29 |       void mapCallBack(const nav_msgs::[01;31m[KOccupancyGrid[m[K::ConstPtr& msg);
      |                                        [01;31m[K^~~~~~~~~~~~~[m[K
[01m[K/home/chathushka-sutd/ros2_ws_exp/src/exploration/include/exploration/exploration_code.hpp:29:63:[m[K [01;31m[Kerror: [m[Kexpected unqualified-id before ‘[01m[K&[m[K’ token
   29 |       void mapCallBack(const nav_msgs::OccupancyGrid::ConstPtr[01;31m[K&[m[K msg);
      |                                                               [01;31m[K^[m[K
[01m[K/home/chathushka-sutd/ros2_ws_exp/src/exploration/include/exploration/exploration_code.hpp:29:63:[m[K [01;31m[Kerror: [m[Kexpected ‘[01m[K)[m[K’ before ‘[01m[K&[m[K’ token
   29 |       void mapCallBack[34m[K([m[Kconst nav_msgs::OccupancyGrid::ConstPtr[01;31m[K&[m[K msg);
      |                       [34m[K~[m[K                                       [01;31m[K^[m[K
      |                                                               [32m[K)[m[K
[01m[K/home/chathushka-sutd/ros2_ws_exp/src/exploration/include/exploration/exploration_code.hpp:29:63:[m[K [01;31m[Kerror: [m[Kexpected ‘[01m[K;[m[K’ at end of member declaration
   29 |       void mapCallBack(const nav_msgs::OccupancyGrid::ConstPtr[01;31m[K&[m[K msg);
      |                                                               [01;31m[K^[m[K
      |                                                                [32m[K;[m[K
[01m[K/home/chathushka-sutd/ros2_ws_exp/src/exploration/include/exploration/exploration_code.hpp:29:65:[m[K [01;31m[Kerror: [m[K‘[01m[Kmsg[m[K’ does not name a type
   29 |       void mapCallBack(const nav_msgs::OccupancyGrid::ConstPtr& [01;31m[Kmsg[m[K);
      |                                                                 [01;31m[K^~~[m[K
[01m[K/home/chathushka-sutd/ros2_ws_exp/src/exploration/include/exploration/exploration_code.hpp:30:50:[m[K [01;31m[Kerror: [m[K‘[01m[KOccupancyGrid[m[K’ in namespace ‘[01m[Knav_msgs[m[K’ does not name a type
   30 |       void costmapMergedCallBack(const nav_msgs::[01;31m[KOccupancyGrid[m[K::ConstPtr& msg);
      |                                                  [01;31m[K^~~~~~~~~~~~~[m[K
[01m[K/home/chathushka-sutd/ros2_ws_exp/src/exploration/include/exploration/exploration_code.hpp:30:73:[m[K [01;31m[Kerror: [m[Kexpected unqualified-id before ‘[01m[K&[m[K’ token
   30 |       void costmapMergedCallBack(const nav_msgs::OccupancyGrid::ConstPtr[01;31m[K&[m[K msg);
      |                                                                         [01;31m[K^[m[K
[01m[K/home/chathushka-sutd/ros2_ws_exp/src/exploration/include/exploration/exploration_code.hpp:30:73:[m[K [01;31m[Kerror: [m[Kexpected ‘[01m[K)[m[K’ before ‘[01m[K&[m[K’ token
   30 |       void costmapMergedCallBack[34m[K([m[Kconst nav_msgs::OccupancyGrid::ConstPtr[01;31m[K&[m[K msg);
      |                                 [34m[K~[m[K                                       [01;31m[K^[m[K
      |                                                                         [32m[K)[m[K
[01m[K/home/chathushka-sutd/ros2_ws_exp/src/exploration/include/exploration/exploration_code.hpp:30:73:[m[K [01;31m[Kerror: [m[Kexpected ‘[01m[K;[m[K’ at end of member declaration
   30 |       void costmapMergedCallBack(const nav_msgs::OccupancyGrid::ConstPtr[01;31m[K&[m[K msg);
      |                                                                         [01;31m[K^[m[K
      |                                                                          [32m[K;[m[K
[01m[K/home/chathushka-sutd/ros2_ws_exp/src/exploration/include/exploration/exploration_code.hpp:30:75:[m[K [01;31m[Kerror: [m[K‘[01m[Kmsg[m[K’ does not name a type
   30 |       void costmapMergedCallBack(const nav_msgs::OccupancyGrid::ConstPtr& [01;31m[Kmsg[m[K);
      |                                                                           [01;31m[K^~~[m[K
[01m[K/home/chathushka-sutd/ros2_ws_exp/src/exploration/include/exploration/exploration_code.hpp:31:46:[m[K [01;31m[Kerror: [m[K‘[01m[KPointStamped[m[K’ in namespace ‘[01m[Kgeometry_msgs[m[K’ does not name a type
   31 |       void rvizCallBack(const geometry_msgs::[01;31m[KPointStamped[m[K::ConstPtr& msg);
      |                                              [01;31m[K^~~~~~~~~~~~[m[K
[01m[K/home/chathushka-sutd/ros2_ws_exp/src/exploration/include/exploration/exploration_code.hpp:31:68:[m[K [01;31m[Kerror: [m[Kexpected unqualified-id before ‘[01m[K&[m[K’ token
   31 |       void rvizCallBack(const geometry_msgs::PointStamped::ConstPtr[01;31m[K&[m[K msg);
      |                                                                    [01;31m[K^[m[K
[01m[K/home/chathushka-sutd/ros2_ws_exp/src/exploration/include/exploration/exploration_code.hpp:31:68:[m[K [01;31m[Kerror: [m[Kexpected ‘[01m[K)[m[K’ before ‘[01m[K&[m[K’ token
   31 |       void rvizCallBack[34m[K([m[Kconst geometry_msgs::PointStamped::ConstPtr[01;31m[K&[m[K msg);
      |                        [34m[K~[m[K                                           [01;31m[K^[m[K
      |                                                                    [32m[K)[m[K
[01m[K/home/chathushka-sutd/ros2_ws_exp/src/exploration/include/exploration/exploration_code.hpp:31:68:[m[K [01;31m[Kerror: [m[Kexpected ‘[01m[K;[m[K’ at end of member declaration
   31 |       void rvizCallBack(const geometry_msgs::PointStamped::ConstPtr[01;31m[K&[m[K msg);
      |                                                                    [01;31m[K^[m[K
      |                                                                     [32m[K;[m[K
[01m[K/home/chathushka-sutd/ros2_ws_exp/src/exploration/include/exploration/exploration_code.hpp:31:70:[m[K [01;31m[Kerror: [m[K‘[01m[Kmsg[m[K’ does not name a type
   31 |       void rvizCallBack(const geometry_msgs::PointStamped::ConstPtr& [01;31m[Kmsg[m[K);
      |                                                                      [01;31m[K^~~[m[K
In file included from [01m[K/home/chathushka-sutd/ros2_ws_exp/src/exploration/src/exploration_node.cpp:1[m[K:
[01m[K/home/chathushka-sutd/ros2_ws_exp/src/exploration/include/exploration/exploration_code.hpp:29:40:[m[K [01;31m[Kerror: [m[K‘[01m[KOccupancyGrid[m[K’ in namespace ‘[01m[Knav_msgs[m[K’ does not name a type
   29 |       void mapCallBack(const nav_msgs::[01;31m[KOccupancyGrid[m[K::ConstPtr& msg);
      |                                        [01;31m[K^~~~~~~~~~~~~[m[K
[01m[K/home/chathushka-sutd/ros2_ws_exp/src/exploration/include/exploration/exploration_code.hpp:29:63:[m[K [01;31m[Kerror: [m[Kexpected unqualified-id before ‘[01m[K&[m[K’ token
   29 |       void mapCallBack(const nav_msgs::OccupancyGrid::ConstPtr[01;31m[K&[m[K msg);
      |                                                               [01;31m[K^[m[K
[01m[K/home/chathushka-sutd/ros2_ws_exp/src/exploration/include/exploration/exploration_code.hpp:29:63:[m[K [01;31m[Kerror: [m[Kexpected ‘[01m[K)[m[K’ before ‘[01m[K&[m[K’ token
   29 |       void mapCallBack[34m[K([m[Kconst nav_msgs::OccupancyGrid::ConstPtr[01;31m[K&[m[K msg);
      |                       [34m[K~[m[K                                       [01;31m[K^[m[K
      |                                                               [32m[K)[m[K
[01m[K/home/chathushka-sutd/ros2_ws_exp/src/exploration/include/exploration/exploration_code.hpp:29:63:[m[K [01;31m[Kerror: [m[Kexpected ‘[01m[K;[m[K’ at end of member declaration
   29 |       void mapCallBack(const nav_msgs::OccupancyGrid::ConstPtr[01;31m[K&[m[K msg);
      |                                                               [01;31m[K^[m[K
      |                                                                [32m[K;[m[K
[01m[K/home/chathushka-sutd/ros2_ws_exp/src/exploration/include/exploration/exploration_code.hpp:29:65:[m[K [01;31m[Kerror: [m[K‘[01m[Kmsg[m[K’ does not name a type
   29 |       void mapCallBack(const nav_msgs::OccupancyGrid::ConstPtr& [01;31m[Kmsg[m[K);
      |                                                                 [01;31m[K^~~[m[K
[01m[K/home/chathushka-sutd/ros2_ws_exp/src/exploration/include/exploration/exploration_code.hpp:30:50:[m[K [01;31m[Kerror: [m[K‘[01m[KOccupancyGrid[m[K’ in namespace ‘[01m[Knav_msgs[m[K’ does not name a type
   30 |       void costmapMergedCallBack(const nav_msgs::[01;31m[KOccupancyGrid[m[K::ConstPtr& msg);
      |                                                  [01;31m[K^~~~~~~~~~~~~[m[K
[01m[K/home/chathushka-sutd/ros2_ws_exp/src/exploration/include/exploration/exploration_code.hpp:30:73:[m[K [01;31m[Kerror: [m[Kexpected unqualified-id before ‘[01m[K&[m[K’ token
   30 |       void costmapMergedCallBack(const nav_msgs::OccupancyGrid::ConstPtr[01;31m[K&[m[K msg);
      |                                                                         [01;31m[K^[m[K
[01m[K/home/chathushka-sutd/ros2_ws_exp/src/exploration/include/exploration/exploration_code.hpp:30:73:[m[K [01;31m[Kerror: [m[Kexpected ‘[01m[K)[m[K’ before ‘[01m[K&[m[K’ token
   30 |       void costmapMergedCallBack[34m[K([m[Kconst nav_msgs::OccupancyGrid::ConstPtr[01;31m[K&[m[K msg);
      |                                 [34m[K~[m[K                                       [01;31m[K^[m[K
      |                                                                         [32m[K)[m[K
[01m[K/home/chathushka-sutd/ros2_ws_exp/src/exploration/include/exploration/exploration_code.hpp:30:73:[m[K [01;31m[Kerror: [m[Kexpected ‘[01m[K;[m[K’ at end of member declaration
   30 |       void costmapMergedCallBack(const nav_msgs::OccupancyGrid::ConstPtr[01;31m[K&[m[K msg);
      |                                                                         [01;31m[K^[m[K
      |                                                                          [32m[K;[m[K
[01m[K/home/chathushka-sutd/ros2_ws_exp/src/exploration/include/exploration/exploration_code.hpp:30:75:[m[K [01;31m[Kerror: [m[K‘[01m[Kmsg[m[K’ does not name a type
   30 |       void costmapMergedCallBack(const nav_msgs::OccupancyGrid::ConstPtr& [01;31m[Kmsg[m[K);
      |                                                                           [01;31m[K^~~[m[K
[01m[K/home/chathushka-sutd/ros2_ws_exp/src/exploration/include/exploration/exploration_code.hpp:31:46:[m[K [01;31m[Kerror: [m[K‘[01m[KPointStamped[m[K’ in namespace ‘[01m[Kgeometry_msgs[m[K’ does not name a type
   31 |       void rvizCallBack(const geometry_msgs::[01;31m[KPointStamped[m[K::ConstPtr& msg);
      |                                              [01;31m[K^~~~~~~~~~~~[m[K
[01m[K/home/chathushka-sutd/ros2_ws_exp/src/exploration/include/exploration/exploration_code.hpp:31:68:[m[K [01;31m[Kerror: [m[Kexpected unqualified-id before ‘[01m[K&[m[K’ token
   31 |       void rvizCallBack(const geometry_msgs::PointStamped::ConstPtr[01;31m[K&[m[K msg);
      |                                                                    [01;31m[K^[m[K
[01m[K/home/chathushka-sutd/ros2_ws_exp/src/exploration/include/exploration/exploration_code.hpp:31:68:[m[K [01;31m[Kerror: [m[Kexpected ‘[01m[K)[m[K’ before ‘[01m[K&[m[K’ token
   31 |       void rvizCallBack[34m[K([m[Kconst geometry_msgs::PointStamped::ConstPtr[01;31m[K&[m[K msg);
      |                        [34m[K~[m[K                                           [01;31m[K^[m[K
      |                                                                    [32m[K)[m[K
[01m[K/home/chathushka-sutd/ros2_ws_exp/src/exploration/include/exploration/exploration_code.hpp:31:68:[m[K [01;31m[Kerror: [m[Kexpected ‘[01m[K;[m[K’ at end of member declaration
   31 |       void rvizCallBack(const geometry_msgs::PointStamped::ConstPtr[01;31m[K&[m[K msg);
      |                                                                    [01;31m[K^[m[K
      |                                                                     [32m[K;[m[K
[01m[K/home/chathushka-sutd/ros2_ws_exp/src/exploration/include/exploration/exploration_code.hpp:31:70:[m[K [01;31m[Kerror: [m[K‘[01m[Kmsg[m[K’ does not name a type
   31 |       void rvizCallBack(const geometry_msgs::PointStamped::ConstPtr& [01;31m[Kmsg[m[K);
      |                                                                      [01;31m[K^~~[m[K
[01m[K/home/chathushka-sutd/ros2_ws_exp/src/exploration/include/exploration/exploration_code.hpp:55:43:[m[K [01;31m[Kerror: [m[Kredeclaration of ‘[01m[Knav_msgs::msg::OccupancyGrid exploration::MWFCN_Algo::mapData[m[K’
   55 |       nav_msgs::msg::OccupancyGrid mapData[01;31m[K,[m[K costmapData;
      |                                           [01;31m[K^[m[K
[01m[K/home/chathushka-sutd/ros2_ws_exp/src/exploration/include/exploration/exploration_code.hpp:21:36:[m[K [01;36m[Knote: [m[Kprevious declaration ‘[01m[Knav_msgs::msg::OccupancyGrid exploration::MWFCN_Algo::mapData[m[K’
   21 |       nav_msgs::msg::OccupancyGrid [01;36m[KmapData[m[K, costmapData;
      |                                    [01;36m[K^~~~~~~[m[K
[01m[K/home/chathushka-sutd/ros2_ws_exp/src/exploration/include/exploration/exploration_code.hpp:55:45:[m[K [01;31m[Kerror: [m[Kredeclaration of ‘[01m[Knav_msgs::msg::OccupancyGrid exploration::MWFCN_Algo::costmapData[m[K’
   55 |       nav_msgs::msg::OccupancyGrid mapData, [01;31m[KcostmapData[m[K;
      |                                             [01;31m[K^~~~~~~~~~~[m[K
[01m[K/home/chathushka-sutd/ros2_ws_exp/src/exploration/include/exploration/exploration_code.hpp:21:45:[m[K [01;36m[Knote: [m[Kprevious declaration ‘[01m[Knav_msgs::msg::OccupancyGrid exploration::MWFCN_Algo::costmapData[m[K’
   21 |       nav_msgs::msg::OccupancyGrid mapData, [01;36m[KcostmapData[m[K;
      |                                             [01;36m[K^~~~~~~~~~~[m[K
[01m[K/home/chathushka-sutd/ros2_ws_exp/src/exploration/include/exploration/exploration_code.hpp:56:40:[m[K [01;31m[Kerror: [m[Kredeclaration of ‘[01m[Kgeometry_msgs::msg::PointStamped exploration::MWFCN_Algo::clickedpoint[m[K’
   56 |       geometry_msgs::msg::PointStamped [01;31m[Kclickedpoint[m[K;
      |                                        [01;31m[K^~~~~~~~~~~~[m[K
[01m[K/home/chathushka-sutd/ros2_ws_exp/src/exploration/include/exploration/exploration_code.hpp:22:40:[m[K [01;36m[Knote: [m[Kprevious declaration ‘[01m[Kgeometry_msgs::msg::PointStamped exploration::MWFCN_Algo::clickedpoint[m[K’
   22 |       geometry_msgs::msg::PointStamped [01;36m[Kclickedpoint[m[K;
      |                                        [01;36m[K^~~~~~~~~~~~[m[K
[01m[K/home/chathushka-sutd/ros2_ws_exp/src/exploration/include/exploration/exploration_code.hpp:57:45:[m[K [01;31m[Kerror: [m[Kredeclaration of ‘[01m[Kvisualization_msgs::msg::Marker exploration::MWFCN_Algo::points[m[K’
   57 |       visualization_msgs::msg::Marker points[01;31m[K,[m[Kline;
      |                                             [01;31m[K^[m[K
[01m[K/home/chathushka-sutd/ros2_ws_exp/src/exploration/include/exploration/exploration_code.hpp:23:39:[m[K [01;36m[Knote: [m[Kprevious declaration ‘[01m[Kvisualization_msgs::msg::Marker exploration::MWFCN_Algo::points[m[K’
   23 |       visualization_msgs::msg::Marker [01;36m[Kpoints[m[K,line;
      |                                       [01;36m[K^~~~~~[m[K
[01m[K/home/chathushka-sutd/ros2_ws_exp/src/exploration/include/exploration/exploration_code.hpp:57:46:[m[K [01;31m[Kerror: [m[Kredeclaration of ‘[01m[Kvisualization_msgs::msg::Marker exploration::MWFCN_Algo::line[m[K’
   57 |       visualization_msgs::msg::Marker points,[01;31m[Kline[m[K;
      |                                              [01;31m[K^~~~[m[K
[01m[K/home/chathushka-sutd/ros2_ws_exp/src/exploration/include/exploration/exploration_code.hpp:23:46:[m[K [01;36m[Knote: [m[Kprevious declaration ‘[01m[Kvisualization_msgs::msg::Marker exploration::MWFCN_Algo::line[m[K’
   23 |       visualization_msgs::msg::Marker points,[01;36m[Kline[m[K;
      |                                              [01;36m[K^~~~[m[K
[01m[K/home/chathushka-sutd/ros2_ws_exp/src/exploration/include/exploration/exploration_code.hpp:58:33:[m[K [01;31m[Kerror: [m[Kredeclaration of ‘[01m[Kgeometry_msgs::msg::Point exploration::MWFCN_Algo::p[m[K’
   58 |       geometry_msgs::msg::Point [01;31m[Kp[m[K;
      |                                 [01;31m[K^[m[K
[01m[K/home/chathushka-sutd/ros2_ws_exp/src/exploration/include/exploration/exploration_code.hpp:24:33:[m[K [01;36m[Knote: [m[Kprevious declaration ‘[01m[Kgeometry_msgs::msg::Point exploration::MWFCN_Algo::p[m[K’
   24 |       geometry_msgs::msg::Point [01;36m[Kp[m[K;
      |                                 [01;36m[K^[m[K
[01m[K/home/chathushka-sutd/ros2_ws_exp/src/exploration/include/exploration/exploration_code.hpp:55:43:[m[K [01;31m[Kerror: [m[Kredeclaration of ‘[01m[Knav_msgs::msg::OccupancyGrid exploration::MWFCN_Algo::mapData[m[K’
   55 |       nav_msgs::msg::OccupancyGrid mapData[01;31m[K,[m[K costmapData;
      |                                           [01;31m[K^[m[K
[01m[K/home/chathushka-sutd/ros2_ws_exp/src/exploration/include/exploration/exploration_code.hpp:21:36:[m[K [01;36m[Knote: [m[Kprevious declaration ‘[01m[Knav_msgs::msg::OccupancyGrid exploration::MWFCN_Algo::mapData[m[K’
   21 |       nav_msgs::msg::OccupancyGrid [01;36m[KmapData[m[K, costmapData;
      |                                    [01;36m[K^~~~~~~[m[K
[01m[K/home/chathushka-sutd/ros2_ws_exp/src/exploration/include/exploration/exploration_code.hpp:55:45:[m[K [01;31m[Kerror: [m[Kredeclaration of ‘[01m[Knav_msgs::msg::OccupancyGrid exploration::MWFCN_Algo::costmapData[m[K’
   55 |       nav_msgs::msg::OccupancyGrid mapData, [01;31m[KcostmapData[m[K;
      |                                             [01;31m[K^~~~~~~~~~~[m[K
[01m[K/home/chathushka-sutd/ros2_ws_exp/src/exploration/include/exploration/exploration_code.hpp:21:45:[m[K [01;36m[Knote: [m[Kprevious declaration ‘[01m[Knav_msgs::msg::OccupancyGrid exploration::MWFCN_Algo::costmapData[m[K’
   21 |       nav_msgs::msg::OccupancyGrid mapData, [01;36m[KcostmapData[m[K;
      |                                             [01;36m[K^~~~~~~~~~~[m[K
[01m[K/home/chathushka-sutd/ros2_ws_exp/src/exploration/include/exploration/exploration_code.hpp:56:40:[m[K [01;31m[Kerror: [m[Kredeclaration of ‘[01m[Kgeometry_msgs::msg::PointStamped exploration::MWFCN_Algo::clickedpoint[m[K’
   56 |       geometry_msgs::msg::PointStamped [01;31m[Kclickedpoint[m[K;
      |                                        [01;31m[K^~~~~~~~~~~~[m[K
[01m[K/home/chathushka-sutd/ros2_ws_exp/src/exploration/include/exploration/exploration_code.hpp:22:40:[m[K [01;36m[Knote: [m[Kprevious declaration ‘[01m[Kgeometry_msgs::msg::PointStamped exploration::MWFCN_Algo::clickedpoint[m[K’
   22 |       geometry_msgs::msg::PointStamped [01;36m[Kclickedpoint[m[K;
      |                                        [01;36m[K^~~~~~~~~~~~[m[K
[01m[K/home/chathushka-sutd/ros2_ws_exp/src/exploration/include/exploration/exploration_code.hpp:57:45:[m[K [01;31m[Kerror: [m[Kredeclaration of ‘[01m[Kvisualization_msgs::msg::Marker exploration::MWFCN_Algo::points[m[K’
   57 |       visualization_msgs::msg::Marker points[01;31m[K,[m[Kline;
      |                                             [01;31m[K^[m[K
[01m[K/home/chathushka-sutd/ros2_ws_exp/src/exploration/include/exploration/exploration_code.hpp:23:39:[m[K [01;36m[Knote: [m[Kprevious declaration ‘[01m[Kvisualization_msgs::msg::Marker exploration::MWFCN_Algo::points[m[K’
   23 |       visualization_msgs::msg::Marker [01;36m[Kpoints[m[K,line;
      |                                       [01;36m[K^~~~~~[m[K
[01m[K/home/chathushka-sutd/ros2_ws_exp/src/exploration/include/exploration/exploration_code.hpp:57:46:[m[K [01;31m[Kerror: [m[Kredeclaration of ‘[01m[Kvisualization_msgs::msg::Marker exploration::MWFCN_Algo::line[m[K’
   57 |       visualization_msgs::msg::Marker points,[01;31m[Kline[m[K;
      |                                              [01;31m[K^~~~[m[K
[01m[K/home/chathushka-sutd/ros2_ws_exp/src/exploration/include/exploration/exploration_code.hpp:23:46:[m[K [01;36m[Knote: [m[Kprevious declaration ‘[01m[Kvisualization_msgs::msg::Marker exploration::MWFCN_Algo::line[m[K’
   23 |       visualization_msgs::msg::Marker points,[01;36m[Kline[m[K;
      |                                              [01;36m[K^~~~[m[K
[01m[K/home/chathushka-sutd/ros2_ws_exp/src/exploration/include/exploration/exploration_code.hpp:58:33:[m[K [01;31m[Kerror: [m[Kredeclaration of ‘[01m[Kgeometry_msgs::msg::Point exploration::MWFCN_Algo::p[m[K’
   58 |       geometry_msgs::msg::Point [01;31m[Kp[m[K;
      |                                 [01;31m[K^[m[K
[01m[K/home/chathushka-sutd/ros2_ws_exp/src/exploration/include/exploration/exploration_code.hpp:24:33:[m[K [01;36m[Knote: [m[Kprevious declaration ‘[01m[Kgeometry_msgs::msg::Point exploration::MWFCN_Algo::p[m[K’
   24 |       geometry_msgs::msg::Point [01;36m[Kp[m[K;
      |                                 [01;36m[K^[m[K
[01m[K/home/chathushka-sutd/ros2_ws_exp/src/exploration/src/exploration_code.cpp:[m[K In constructor ‘[01m[Kexploration::MWFCN_Algo::MWFCN_Algo()[m[K’:
[01m[K/home/chathushka-sutd/ros2_ws_exp/src/exploration/src/exploration_code.cpp:48:126:[m[K [01;31m[Kerror: [m[K‘[01m[K_1[m[K’ was not declared in this scope; did you mean ‘[01m[Kstd::placeholders::_1[m[K’?
   48 | iption<nav_msgs::msg::OccupancyGrid>(map_topic, 10, std::bind(&MWFCN_Algo::mapCallBack, this, [01;31m[K_1[m[K));
      |                                                                                               [01;31m[K^~[m[K
      |                                                                                               [32m[Kstd::placeholders::_1[m[K
In file included from [01m[K/usr/include/c++/11/pstl/glue_algorithm_defs.h:13[m[K,
                 from [01m[K/usr/include/c++/11/algorithm:74[m[K,
                 from [01m[K/opt/ros/humble/include/rclcpp/rclcpp/executor.hpp:18[m[K,
                 from [01m[K/opt/ros/humble/include/rclcpp/rclcpp/executors/multi_threaded_executor.hpp:25[m[K,
                 from [01m[K/opt/ros/humble/include/rclcpp/rclcpp/executors.hpp:21[m[K,
                 from [01m[K/opt/ros/humble/include/rclcpp/rclcpp/rclcpp.hpp:155[m[K,
                 from [01m[K/home/chathushka-sutd/ros2_ws_exp/src/exploration/include/exploration/exploration_code.hpp:5[m[K,
                 from [01m[K/home/chathushka-sutd/ros2_ws_exp/src/exploration/src/exploration_code.cpp:1[m[K:
[01m[K/usr/include/c++/11/functional:225:34:[m[K [01;36m[Knote: [m[K‘[01m[Kstd::placeholders::_1[m[K’ declared here
  225 |     extern const _Placeholder<1> [01;36m[K_1[m[K;
      |                                  [01;36m[K^~[m[K
[01m[K/home/chathushka-sutd/ros2_ws_exp/src/exploration/src/exploration_code.cpp:[m[K At global scope:
[01m[K/home/chathushka-sutd/ros2_ws_exp/src/exploration/src/exploration_code.cpp:65:79:[m[K [01;35m[Kwarning: [m[K‘[01m[Knav_msgs::msg::OccupancyGrid_<std::allocator<void> >::ConstPtr[m[K’ is deprecated [[01;35m[K]8;;https://gcc.gnu.org/onlinedocs/gcc/Warning-Options.html#index-Wdeprecated-declarations-Wdeprecated-declarations]8;;[m[K]
   65 | void MWFCN_Algo::mapCallBack(const nav_msgs::msg::OccupancyGrid::ConstPtr& msg[01;35m[K)[m[K
      |                                                                               [01;35m[K^[m[K
In file included from [01m[K/opt/ros/humble/include/nav_msgs/nav_msgs/msg/occupancy_grid.hpp:7[m[K,
                 from [01m[K/home/chathushka-sutd/ros2_ws_exp/src/exploration/include/exploration/exploration_code.hpp:7[m[K,
                 from [01m[K/home/chathushka-sutd/ros2_ws_exp/src/exploration/src/exploration_code.cpp:1[m[K:
[01m[K/opt/ros/humble/include/nav_msgs/nav_msgs/msg/detail/occupancy_grid__struct.hpp:124:5:[m[K [01;36m[Knote: [m[Kdeclared here
  124 |     [01;36m[KConstPtr[m[K;
      |     [01;36m[K^~~~~~~~[m[K
[01m[K/home/chathushka-sutd/ros2_ws_exp/src/exploration/src/exploration_code.cpp:65:6:[m[K [01;31m[Kerror: [m[Kno declaration matches ‘[01m[Kvoid exploration::MWFCN_Algo::mapCallBack(const ConstPtr&)[m[K’
   65 | void [01;31m[KMWFCN_Algo[m[K::mapCallBack(const nav_msgs::msg::OccupancyGrid::ConstPtr& msg)
      |      [01;31m[K^~~~~~~~~~[m[K
In file included from [01m[K/home/chathushka-sutd/ros2_ws_exp/src/exploration/src/exploration_code.cpp:1[m[K:
[01m[K/home/chathushka-sutd/ros2_ws_exp/src/exploration/include/exploration/exploration_code.hpp:29:12:[m[K [01;36m[Knote: [m[Kcandidate is: ‘[01m[Kvoid exploration::MWFCN_Algo::mapCallBack(...) &[m[K’
   29 |       void [01;36m[KmapCallBack[m[K(const nav_msgs::OccupancyGrid::ConstPtr& msg);
      |            [01;36m[K^~~~~~~~~~~[m[K
[01m[K/home/chathushka-sutd/ros2_ws_exp/src/exploration/include/exploration/exploration_code.hpp:17:9:[m[K [01;36m[Knote: [m[K‘[01m[Kclass exploration::MWFCN_Algo[m[K’ defined here
   17 |   class [01;36m[KMWFCN_Algo[m[K : public rclcpp::Node
      |         [01;36m[K^~~~~~~~~~[m[K
[01m[K/home/chathushka-sutd/ros2_ws_exp/src/exploration/src/exploration_code.cpp:73:89:[m[K [01;35m[Kwarning: [m[K‘[01m[Knav_msgs::msg::OccupancyGrid_<std::allocator<void> >::ConstPtr[m[K’ is deprecated [[01;35m[K]8;;https://gcc.gnu.org/onlinedocs/gcc/Warning-Options.html#index-Wdeprecated-declarations-Wdeprecated-declarations]8;;[m[K]
   73 | void MWFCN_Algo::costmapMergedCallBack(const nav_msgs::msg::OccupancyGrid::ConstPtr& msg[01;35m[K)[m[K
      |                                                                                         [01;35m[K^[m[K
In file included from [01m[K/opt/ros/humble/include/nav_msgs/nav_msgs/msg/occupancy_grid.hpp:7[m[K,
                 from [01m[K/home/chathushka-sutd/ros2_ws_exp/src/exploration/include/exploration/exploration_code.hpp:7[m[K,
                 from [01m[K/home/chathushka-sutd/ros2_ws_exp/src/exploration/src/exploration_code.cpp:1[m[K:
[01m[K/opt/ros/humble/include/nav_msgs/nav_msgs/msg/detail/occupancy_grid__struct.hpp:124:5:[m[K [01;36m[Knote: [m[Kdeclared here
  124 |     [01;36m[KConstPtr[m[K;
      |     [01;36m[K^~~~~~~~[m[K
[01m[K/home/chathushka-sutd/ros2_ws_exp/src/exploration/src/exploration_code.cpp:73:6:[m[K [01;31m[Kerror: [m[Kno declaration matches ‘[01m[Kvoid exploration::MWFCN_Algo::costmapMergedCallBack(const ConstPtr&)[m[K’
   73 | void [01;31m[KMWFCN_Algo[m[K::costmapMergedCallBack(const nav_msgs::msg::OccupancyGrid::ConstPtr& msg)
      |      [01;31m[K^~~~~~~~~~[m[K
In file included from [01m[K/home/chathushka-sutd/ros2_ws_exp/src/exploration/src/exploration_code.cpp:1[m[K:
[01m[K/home/chathushka-sutd/ros2_ws_exp/src/exploration/include/exploration/exploration_code.hpp:30:12:[m[K [01;36m[Knote: [m[Kcandidate is: ‘[01m[Kvoid exploration::MWFCN_Algo::costmapMergedCallBack(...) &[m[K’
   30 |       void [01;36m[KcostmapMergedCallBack[m[K(const nav_msgs::OccupancyGrid::ConstPtr& msg);
      |            [01;36m[K^~~~~~~~~~~~~~~~~~~~~[m[K
[01m[K/home/chathushka-sutd/ros2_ws_exp/src/exploration/include/exploration/exploration_code.hpp:17:9:[m[K [01;36m[Knote: [m[K‘[01m[Kclass exploration::MWFCN_Algo[m[K’ defined here
   17 |   class [01;36m[KMWFCN_Algo[m[K : public rclcpp::Node
      |         [01;36m[K^~~~~~~~~~[m[K
[01m[K/home/chathushka-sutd/ros2_ws_exp/src/exploration/src/exploration_code.cpp:82:71:[m[K [01;31m[Kerror: [m[K‘[01m[KConstPt[m[K’ in ‘[01m[Kusing PointStamped = struct geometry_msgs::msg::PointStamped_<std::allocator<void> >[m[K’ {aka ‘[01m[Kstruct geometry_msgs::msg::PointStamped_<std::allocator<void> >[m[K’} does not name a type
   82 | void MWFCN_Algo::rvizCallBack(const geometry_msgs::msg::PointStamped::[01;31m[KConstPt[m[K& msg)
      |                                                                       [01;31m[K^~~~~~~[m[K
[01m[K/home/chathushka-sutd/ros2_ws_exp/src/exploration/src/exploration_code.cpp:82:6:[m[K [01;31m[Kerror: [m[Kno declaration matches ‘[01m[Kvoid exploration::MWFCN_Algo::rvizCallBack(const int&)[m[K’
   82 | void [01;31m[KMWFCN_Algo[m[K::rvizCallBack(const geometry_msgs::msg::PointStamped::ConstPt& msg)
      |      [01;31m[K^~~~~~~~~~[m[K
In file included from [01m[K/home/chathushka-sutd/ros2_ws_exp/src/exploration/src/exploration_code.cpp:1[m[K:
[01m[K/home/chathushka-sutd/ros2_ws_exp/src/exploration/include/exploration/exploration_code.hpp:31:12:[m[K [01;36m[Knote: [m[Kcandidate is: ‘[01m[Kvoid exploration::MWFCN_Algo::rvizCallBack(...) &[m[K’
   31 |       void [01;36m[KrvizCallBack[m[K(const geometry_msgs::PointStamped::ConstPtr& msg);
      |            [01;36m[K^~~~~~~~~~~~[m[K
[01m[K/home/chathushka-sutd/ros2_ws_exp/src/exploration/include/exploration/exploration_code.hpp:17:9:[m[K [01;36m[Knote: [m[K‘[01m[Kclass exploration::MWFCN_Algo[m[K’ defined here
   17 |   class [01;36m[KMWFCN_Algo[m[K : public rclcpp::Node
      |         [01;36m[K^~~~~~~~~~[m[K
gmake[2]: *** [CMakeFiles/exec_exp.dir/build.make:90: CMakeFiles/exec_exp.dir/src/exploration_node.cpp.o] Error 1
gmake[2]: *** Waiting for unfinished jobs....
gmake[2]: *** [CMakeFiles/exec_exp.dir/build.make:76: CMakeFiles/exec_exp.dir/src/exploration_code.cpp.o] Error 1
gmake[1]: *** [CMakeFiles/Makefile2:137: CMakeFiles/exec_exp.dir/all] Error 2
gmake: *** [Makefile:146: all] Error 2
