[0.418s] Invoking command in '/home/chathushka-sutd/ros2_ws_exp/src/tf_publish': PYTHONPATH=/home/chathushka-sutd/ros2_ws_exp/build/tf_publish/prefix_override:/home/chathushka-sutd/ros2_ws_exp/install/tf_publish/lib/python3.10/site-packages:${PYTHONPATH} /usr/bin/python3 setup.py egg_info --egg-base ../../build/tf_publish build --build-base /home/chathushka-sutd/ros2_ws_exp/build/tf_publish/build install --record /home/chathushka-sutd/ros2_ws_exp/build/tf_publish/install.log --single-version-externally-managed
[0.587s] running egg_info
[0.587s] writing ../../build/tf_publish/tf_publish.egg-info/PKG-INFO
[0.587s] writing dependency_links to ../../build/tf_publish/tf_publish.egg-info/dependency_links.txt
[0.587s] writing entry points to ../../build/tf_publish/tf_publish.egg-info/entry_points.txt
[0.588s] writing requirements to ../../build/tf_publish/tf_publish.egg-info/requires.txt
[0.588s] writing top-level names to ../../build/tf_publish/tf_publish.egg-info/top_level.txt
[0.589s] reading manifest file '../../build/tf_publish/tf_publish.egg-info/SOURCES.txt'
[0.589s] writing manifest file '../../build/tf_publish/tf_publish.egg-info/SOURCES.txt'
[0.589s] running build
[0.590s] running build_py
[0.590s] running install
[0.590s] /usr/lib/python3/dist-packages/setuptools/command/install.py:34: SetuptoolsDeprecationWarning: setup.py install is deprecated. Use build and pip and other standards-based tools.
[0.590s]   warnings.warn(
[0.590s] running install_lib
[0.591s] running install_data
[0.591s] running install_egg_info
[0.593s] removing '/home/chathushka-sutd/ros2_ws_exp/install/tf_publish/lib/python3.10/site-packages/tf_publish-0.0.0-py3.10.egg-info' (and everything under it)
[0.593s] Copying ../../build/tf_publish/tf_publish.egg-info to /home/chathushka-sutd/ros2_ws_exp/install/tf_publish/lib/python3.10/site-packages/tf_publish-0.0.0-py3.10.egg-info
[0.594s] running install_scripts
[0.607s] Installing exec_tf_pub script to /home/chathushka-sutd/ros2_ws_exp/install/tf_publish/lib/tf_publish
[0.607s] writing list of installed files to '/home/chathushka-sutd/ros2_ws_exp/build/tf_publish/install.log'
[0.631s] Invoked command in '/home/chathushka-sutd/ros2_ws_exp/src/tf_publish' returned '0': PYTHONPATH=/home/chathushka-sutd/ros2_ws_exp/build/tf_publish/prefix_override:/home/chathushka-sutd/ros2_ws_exp/install/tf_publish/lib/python3.10/site-packages:${PYTHONPATH} /usr/bin/python3 setup.py egg_info --egg-base ../../build/tf_publish build --build-base /home/chathushka-sutd/ros2_ws_exp/build/tf_publish/build install --record /home/chathushka-sutd/ros2_ws_exp/build/tf_publish/install.log --single-version-externally-managed
