[0.355s] DEBUG:colcon:Command line arguments: ['/usr/bin/colcon', 'build', '--packages-up-to', 'exploration']
[0.355s] DEBUG:colcon:Parsed command line arguments: Namespace(log_base=None, log_level=None, verb_name='build', build_base='build', install_base='install', merge_install=False, symlink_install=False, test_result_base=None, continue_on_error=False, executor='parallel', parallel_workers=16, event_handlers=None, ignore_user_meta=False, metas=['./colcon.meta'], base_paths=['.'], packages_ignore=None, packages_ignore_regex=None, paths=None, packages_up_to=['exploration'], packages_up_to_regex=None, packages_above=None, packages_above_and_dependencies=None, packages_above_depth=None, packages_select_by_dep=None, packages_skip_by_dep=None, packages_skip_up_to=None, packages_select_build_failed=False, packages_skip_build_finished=False, packages_select_test_failures=False, packages_skip_test_passed=False, packages_select=None, packages_skip=None, packages_select_regex=None, packages_skip_regex=None, packages_start=None, packages_end=None, allow_overriding=[], cmake_args=None, cmake_target=None, cmake_target_skip_unavailable=False, cmake_clean_cache=False, cmake_clean_first=False, cmake_force_configure=False, ament_cmake_args=None, catkin_cmake_args=None, catkin_skip_building_tests=False, verb_parser=<colcon_defaults.argument_parser.defaults.DefaultArgumentsDecorator object at 0x7fd18ab9b6d0>, verb_extension=<colcon_core.verb.build.BuildVerb object at 0x7fd18ab9b160>, main=<bound method BuildVerb.main of <colcon_core.verb.build.BuildVerb object at 0x7fd18ab9b160>>)
[0.375s] Level 1:colcon.colcon_core.package_discovery:discover_packages(colcon_meta) check parameters
[0.375s] Level 1:colcon.colcon_core.package_discovery:discover_packages(recursive) check parameters
[0.375s] Level 1:colcon.colcon_core.package_discovery:discover_packages(ignore) check parameters
[0.375s] Level 1:colcon.colcon_core.package_discovery:discover_packages(path) check parameters
[0.375s] Level 1:colcon.colcon_core.package_discovery:discover_packages(colcon_meta) discover
[0.376s] Level 1:colcon.colcon_core.package_discovery:discover_packages(recursive) discover
[0.376s] INFO:colcon.colcon_core.package_discovery:Crawling recursively for packages in '/home/chathushka-sutd/ros2_ws_exp'
[0.376s] Level 1:colcon.colcon_core.package_identification:_identify(.) by extensions ['ignore', 'ignore_ament_install']
[0.376s] Level 1:colcon.colcon_core.package_identification:_identify(.) by extension 'ignore'
[0.376s] Level 1:colcon.colcon_core.package_identification:_identify(.) by extension 'ignore_ament_install'
[0.376s] Level 1:colcon.colcon_core.package_identification:_identify(.) by extensions ['colcon_pkg']
[0.376s] Level 1:colcon.colcon_core.package_identification:_identify(.) by extension 'colcon_pkg'
[0.376s] Level 1:colcon.colcon_core.package_identification:_identify(.) by extensions ['colcon_meta']
[0.376s] Level 1:colcon.colcon_core.package_identification:_identify(.) by extension 'colcon_meta'
[0.376s] Level 1:colcon.colcon_core.package_identification:_identify(.) by extensions ['ros']
[0.376s] Level 1:colcon.colcon_core.package_identification:_identify(.) by extension 'ros'
[0.386s] Level 1:colcon.colcon_core.package_identification:_identify(.) by extensions ['cmake', 'python']
[0.386s] Level 1:colcon.colcon_core.package_identification:_identify(.) by extension 'cmake'
[0.386s] Level 1:colcon.colcon_core.package_identification:_identify(.) by extension 'python'
[0.386s] Level 1:colcon.colcon_core.package_identification:_identify(.) by extensions ['python_setup_py']
[0.386s] Level 1:colcon.colcon_core.package_identification:_identify(.) by extension 'python_setup_py'
[0.386s] Level 1:colcon.colcon_core.package_identification:_identify(build) by extensions ['ignore', 'ignore_ament_install']
[0.386s] Level 1:colcon.colcon_core.package_identification:_identify(build) by extension 'ignore'
[0.386s] Level 1:colcon.colcon_core.package_identification:_identify(build) ignored
[0.386s] Level 1:colcon.colcon_core.package_identification:_identify(install) by extensions ['ignore', 'ignore_ament_install']
[0.386s] Level 1:colcon.colcon_core.package_identification:_identify(install) by extension 'ignore'
[0.386s] Level 1:colcon.colcon_core.package_identification:_identify(install) ignored
[0.387s] Level 1:colcon.colcon_core.package_identification:_identify(log) by extensions ['ignore', 'ignore_ament_install']
[0.387s] Level 1:colcon.colcon_core.package_identification:_identify(log) by extension 'ignore'
[0.387s] Level 1:colcon.colcon_core.package_identification:_identify(log) ignored
[0.387s] Level 1:colcon.colcon_core.package_identification:_identify(src) by extensions ['ignore', 'ignore_ament_install']
[0.387s] Level 1:colcon.colcon_core.package_identification:_identify(src) by extension 'ignore'
[0.387s] Level 1:colcon.colcon_core.package_identification:_identify(src) by extension 'ignore_ament_install'
[0.387s] Level 1:colcon.colcon_core.package_identification:_identify(src) by extensions ['colcon_pkg']
[0.387s] Level 1:colcon.colcon_core.package_identification:_identify(src) by extension 'colcon_pkg'
[0.387s] Level 1:colcon.colcon_core.package_identification:_identify(src) by extensions ['colcon_meta']
[0.387s] Level 1:colcon.colcon_core.package_identification:_identify(src) by extension 'colcon_meta'
[0.387s] Level 1:colcon.colcon_core.package_identification:_identify(src) by extensions ['ros']
[0.387s] Level 1:colcon.colcon_core.package_identification:_identify(src) by extension 'ros'
[0.387s] Level 1:colcon.colcon_core.package_identification:_identify(src) by extensions ['cmake', 'python']
[0.387s] Level 1:colcon.colcon_core.package_identification:_identify(src) by extension 'cmake'
[0.387s] Level 1:colcon.colcon_core.package_identification:_identify(src) by extension 'python'
[0.387s] Level 1:colcon.colcon_core.package_identification:_identify(src) by extensions ['python_setup_py']
[0.387s] Level 1:colcon.colcon_core.package_identification:_identify(src) by extension 'python_setup_py'
[0.387s] Level 1:colcon.colcon_core.package_identification:_identify(src/exploration) by extensions ['ignore', 'ignore_ament_install']
[0.388s] Level 1:colcon.colcon_core.package_identification:_identify(src/exploration) by extension 'ignore'
[0.388s] Level 1:colcon.colcon_core.package_identification:_identify(src/exploration) by extension 'ignore_ament_install'
[0.388s] Level 1:colcon.colcon_core.package_identification:_identify(src/exploration) by extensions ['colcon_pkg']
[0.388s] Level 1:colcon.colcon_core.package_identification:_identify(src/exploration) by extension 'colcon_pkg'
[0.388s] Level 1:colcon.colcon_core.package_identification:_identify(src/exploration) by extensions ['colcon_meta']
[0.388s] Level 1:colcon.colcon_core.package_identification:_identify(src/exploration) by extension 'colcon_meta'
[0.388s] Level 1:colcon.colcon_core.package_identification:_identify(src/exploration) by extensions ['ros']
[0.388s] Level 1:colcon.colcon_core.package_identification:_identify(src/exploration) by extension 'ros'
[0.390s] DEBUG:colcon.colcon_core.package_identification:Package 'src/exploration' with type 'ros.ament_cmake' and name 'exploration'
[0.390s] Level 1:colcon.colcon_core.package_identification:_identify(src/map_merge_2d) by extensions ['ignore', 'ignore_ament_install']
[0.390s] Level 1:colcon.colcon_core.package_identification:_identify(src/map_merge_2d) by extension 'ignore'
[0.390s] Level 1:colcon.colcon_core.package_identification:_identify(src/map_merge_2d) by extension 'ignore_ament_install'
[0.390s] Level 1:colcon.colcon_core.package_identification:_identify(src/map_merge_2d) by extensions ['colcon_pkg']
[0.390s] Level 1:colcon.colcon_core.package_identification:_identify(src/map_merge_2d) by extension 'colcon_pkg'
[0.390s] Level 1:colcon.colcon_core.package_identification:_identify(src/map_merge_2d) by extensions ['colcon_meta']
[0.390s] Level 1:colcon.colcon_core.package_identification:_identify(src/map_merge_2d) by extension 'colcon_meta'
[0.390s] Level 1:colcon.colcon_core.package_identification:_identify(src/map_merge_2d) by extensions ['ros']
[0.390s] Level 1:colcon.colcon_core.package_identification:_identify(src/map_merge_2d) by extension 'ros'
[0.391s] DEBUG:colcon.colcon_core.package_identification:Package 'src/map_merge_2d' with type 'ros.ament_cmake' and name 'map_merge_2d'
[0.391s] Level 1:colcon.colcon_core.package_identification:_identify(src/sim_env) by extensions ['ignore', 'ignore_ament_install']
[0.391s] Level 1:colcon.colcon_core.package_identification:_identify(src/sim_env) by extension 'ignore'
[0.391s] Level 1:colcon.colcon_core.package_identification:_identify(src/sim_env) by extension 'ignore_ament_install'
[0.392s] Level 1:colcon.colcon_core.package_identification:_identify(src/sim_env) by extensions ['colcon_pkg']
[0.392s] Level 1:colcon.colcon_core.package_identification:_identify(src/sim_env) by extension 'colcon_pkg'
[0.392s] Level 1:colcon.colcon_core.package_identification:_identify(src/sim_env) by extensions ['colcon_meta']
[0.392s] Level 1:colcon.colcon_core.package_identification:_identify(src/sim_env) by extension 'colcon_meta'
[0.392s] Level 1:colcon.colcon_core.package_identification:_identify(src/sim_env) by extensions ['ros']
[0.392s] Level 1:colcon.colcon_core.package_identification:_identify(src/sim_env) by extension 'ros'
[0.392s] DEBUG:colcon.colcon_core.package_identification:Package 'src/sim_env' with type 'ros.ament_cmake' and name 'sim_env'
[0.392s] Level 1:colcon.colcon_core.package_identification:_identify(src/tb3_sim) by extensions ['ignore', 'ignore_ament_install']
[0.392s] Level 1:colcon.colcon_core.package_identification:_identify(src/tb3_sim) by extension 'ignore'
[0.392s] Level 1:colcon.colcon_core.package_identification:_identify(src/tb3_sim) by extension 'ignore_ament_install'
[0.392s] Level 1:colcon.colcon_core.package_identification:_identify(src/tb3_sim) by extensions ['colcon_pkg']
[0.392s] Level 1:colcon.colcon_core.package_identification:_identify(src/tb3_sim) by extension 'colcon_pkg'
[0.392s] Level 1:colcon.colcon_core.package_identification:_identify(src/tb3_sim) by extensions ['colcon_meta']
[0.392s] Level 1:colcon.colcon_core.package_identification:_identify(src/tb3_sim) by extension 'colcon_meta'
[0.392s] Level 1:colcon.colcon_core.package_identification:_identify(src/tb3_sim) by extensions ['ros']
[0.392s] Level 1:colcon.colcon_core.package_identification:_identify(src/tb3_sim) by extension 'ros'
[0.393s] DEBUG:colcon.colcon_core.package_identification:Package 'src/tb3_sim' with type 'ros.ament_cmake' and name 'tb3_sim'
[0.393s] Level 1:colcon.colcon_core.package_identification:_identify(src/tf_merger) by extensions ['ignore', 'ignore_ament_install']
[0.393s] Level 1:colcon.colcon_core.package_identification:_identify(src/tf_merger) by extension 'ignore'
[0.393s] Level 1:colcon.colcon_core.package_identification:_identify(src/tf_merger) by extension 'ignore_ament_install'
[0.393s] Level 1:colcon.colcon_core.package_identification:_identify(src/tf_merger) by extensions ['colcon_pkg']
[0.393s] Level 1:colcon.colcon_core.package_identification:_identify(src/tf_merger) by extension 'colcon_pkg'
[0.393s] Level 1:colcon.colcon_core.package_identification:_identify(src/tf_merger) by extensions ['colcon_meta']
[0.393s] Level 1:colcon.colcon_core.package_identification:_identify(src/tf_merger) by extension 'colcon_meta'
[0.393s] Level 1:colcon.colcon_core.package_identification:_identify(src/tf_merger) by extensions ['ros']
[0.393s] Level 1:colcon.colcon_core.package_identification:_identify(src/tf_merger) by extension 'ros'
[0.394s] DEBUG:colcon.colcon_core.package_identification:Package 'src/tf_merger' with type 'ros.ament_python' and name 'tf_merger'
[0.394s] Level 1:colcon.colcon_core.package_discovery:discover_packages(recursive) using defaults
[0.394s] Level 1:colcon.colcon_core.package_discovery:discover_packages(ignore) discover
[0.394s] Level 1:colcon.colcon_core.package_discovery:discover_packages(ignore) using defaults
[0.394s] Level 1:colcon.colcon_core.package_discovery:discover_packages(path) discover
[0.394s] Level 1:colcon.colcon_core.package_discovery:discover_packages(path) using defaults
[0.414s] INFO:colcon.colcon_core.package_selection:Skipping package 'tf_merger' in 'src/tf_merger'
[0.414s] INFO:colcon.colcon_core.package_selection:Skipping package 'tb3_sim' in 'src/tb3_sim'
[0.414s] INFO:colcon.colcon_core.package_selection:Skipping package 'sim_env' in 'src/sim_env'
[0.414s] INFO:colcon.colcon_core.package_selection:Skipping package 'map_merge_2d' in 'src/map_merge_2d'
[0.414s] Level 1:colcon.colcon_core.package_discovery:discover_packages(prefix_path) check parameters
[0.414s] Level 1:colcon.colcon_core.package_discovery:discover_packages(prefix_path) discover
[0.417s] DEBUG:colcon.colcon_installed_package_information.package_discovery:Found 5 installed packages in /home/chathushka-sutd/ros2_ws_exp/install
[0.418s] DEBUG:colcon.colcon_installed_package_information.package_discovery:Found 3 installed packages in /home/chathushka-sutd/ros2_ws/install
[0.420s] DEBUG:colcon.colcon_installed_package_information.package_discovery:Found 387 installed packages in /opt/ros/humble
[0.422s] Level 1:colcon.colcon_core.package_discovery:discover_packages(prefix_path) using defaults
[0.483s] Level 5:colcon.colcon_core.verb:set package 'exploration' build argument 'cmake_args' from command line to 'None'
[0.483s] Level 5:colcon.colcon_core.verb:set package 'exploration' build argument 'cmake_target' from command line to 'None'
[0.483s] Level 5:colcon.colcon_core.verb:set package 'exploration' build argument 'cmake_target_skip_unavailable' from command line to 'False'
[0.483s] Level 5:colcon.colcon_core.verb:set package 'exploration' build argument 'cmake_clean_cache' from command line to 'False'
[0.484s] Level 5:colcon.colcon_core.verb:set package 'exploration' build argument 'cmake_clean_first' from command line to 'False'
[0.484s] Level 5:colcon.colcon_core.verb:set package 'exploration' build argument 'cmake_force_configure' from command line to 'False'
[0.484s] Level 5:colcon.colcon_core.verb:set package 'exploration' build argument 'ament_cmake_args' from command line to 'None'
[0.484s] Level 5:colcon.colcon_core.verb:set package 'exploration' build argument 'catkin_cmake_args' from command line to 'None'
[0.484s] Level 5:colcon.colcon_core.verb:set package 'exploration' build argument 'catkin_skip_building_tests' from command line to 'False'
[0.484s] DEBUG:colcon.colcon_core.verb:Building package 'exploration' with the following arguments: {'ament_cmake_args': None, 'build_base': '/home/chathushka-sutd/ros2_ws_exp/build/exploration', 'catkin_cmake_args': None, 'catkin_skip_building_tests': False, 'cmake_args': None, 'cmake_clean_cache': False, 'cmake_clean_first': False, 'cmake_force_configure': False, 'cmake_target': None, 'cmake_target_skip_unavailable': False, 'install_base': '/home/chathushka-sutd/ros2_ws_exp/install/exploration', 'merge_install': False, 'path': '/home/chathushka-sutd/ros2_ws_exp/src/exploration', 'symlink_install': False, 'test_result_base': None}
[0.484s] INFO:colcon.colcon_core.executor:Executing jobs using 'parallel' executor
[0.488s] DEBUG:colcon.colcon_parallel_executor.executor.parallel:run_until_complete
[0.488s] INFO:colcon.colcon_ros.task.ament_cmake.build:Building ROS package in '/home/chathushka-sutd/ros2_ws_exp/src/exploration' with build type 'ament_cmake'
[0.488s] INFO:colcon.colcon_cmake.task.cmake.build:Building CMake package in '/home/chathushka-sutd/ros2_ws_exp/src/exploration'
[0.492s] INFO:colcon.colcon_core.plugin_system:Skipping extension 'colcon_core.shell.bat': Not used on non-Windows systems
[0.493s] INFO:colcon.colcon_core.shell:Skip shell extension 'powershell' for command environment: Not usable outside of PowerShell
[0.493s] DEBUG:colcon.colcon_core.shell:Skip shell extension 'dsv' for command environment
[0.505s] DEBUG:colcon.colcon_core.event_handler.log_command:Invoking command in '/home/chathushka-sutd/ros2_ws_exp/build/exploration': CMAKE_PREFIX_PATH=${CMAKE_PREFIX_PATH}:/home/chathushka-sutd/ros2_ws/install/my_package2:/home/chathushka-sutd/ros2_ws_exp/install/tf_merger:/opt/ros/humble /usr/bin/cmake --build /home/chathushka-sutd/ros2_ws_exp/build/exploration -- -j16 -l16
[0.568s] DEBUG:colcon.colcon_core.event_handler.log_command:Invoked command in '/home/chathushka-sutd/ros2_ws_exp/build/exploration' returned '0': CMAKE_PREFIX_PATH=${CMAKE_PREFIX_PATH}:/home/chathushka-sutd/ros2_ws/install/my_package2:/home/chathushka-sutd/ros2_ws_exp/install/tf_merger:/opt/ros/humble /usr/bin/cmake --build /home/chathushka-sutd/ros2_ws_exp/build/exploration -- -j16 -l16
[0.607s] DEBUG:colcon.colcon_core.event_handler.log_command:Invoking command in '/home/chathushka-sutd/ros2_ws_exp/build/exploration': CMAKE_PREFIX_PATH=${CMAKE_PREFIX_PATH}:/home/chathushka-sutd/ros2_ws/install/my_package2:/home/chathushka-sutd/ros2_ws_exp/install/tf_merger:/opt/ros/humble /usr/bin/cmake --install /home/chathushka-sutd/ros2_ws_exp/build/exploration
[0.629s] Level 1:colcon.colcon_core.environment:create_environment_scripts_only(exploration)
[0.630s] DEBUG:colcon.colcon_core.event_handler.log_command:Invoked command in '/home/chathushka-sutd/ros2_ws_exp/build/exploration' returned '0': CMAKE_PREFIX_PATH=${CMAKE_PREFIX_PATH}:/home/chathushka-sutd/ros2_ws/install/my_package2:/home/chathushka-sutd/ros2_ws_exp/install/tf_merger:/opt/ros/humble /usr/bin/cmake --install /home/chathushka-sutd/ros2_ws_exp/build/exploration
[0.633s] Level 1:colcon.colcon_core.environment:checking '/home/chathushka-sutd/ros2_ws_exp/install/exploration' for CMake module files
[0.634s] Level 1:colcon.colcon_core.environment:checking '/home/chathushka-sutd/ros2_ws_exp/install/exploration' for CMake config files
[0.634s] Level 1:colcon.colcon_core.shell:create_environment_hook('exploration', 'cmake_prefix_path')
[0.635s] INFO:colcon.colcon_core.shell:Creating environment hook '/home/chathushka-sutd/ros2_ws_exp/install/exploration/share/exploration/hook/cmake_prefix_path.ps1'
[0.636s] INFO:colcon.colcon_core.shell:Creating environment descriptor '/home/chathushka-sutd/ros2_ws_exp/install/exploration/share/exploration/hook/cmake_prefix_path.dsv'
[0.636s] INFO:colcon.colcon_core.shell:Creating environment hook '/home/chathushka-sutd/ros2_ws_exp/install/exploration/share/exploration/hook/cmake_prefix_path.sh'
[0.637s] Level 1:colcon.colcon_core.environment:checking '/home/chathushka-sutd/ros2_ws_exp/install/exploration/lib'
[0.637s] Level 1:colcon.colcon_core.environment:checking '/home/chathushka-sutd/ros2_ws_exp/install/exploration/bin'
[0.637s] Level 1:colcon.colcon_core.environment:checking '/home/chathushka-sutd/ros2_ws_exp/install/exploration/lib/pkgconfig/exploration.pc'
[0.637s] Level 1:colcon.colcon_core.environment:checking '/home/chathushka-sutd/ros2_ws_exp/install/exploration/lib/python3.10/site-packages'
[0.637s] Level 1:colcon.colcon_core.environment:checking '/home/chathushka-sutd/ros2_ws_exp/install/exploration/bin'
[0.638s] INFO:colcon.colcon_core.shell:Creating package script '/home/chathushka-sutd/ros2_ws_exp/install/exploration/share/exploration/package.ps1'
[0.639s] INFO:colcon.colcon_core.shell:Creating package descriptor '/home/chathushka-sutd/ros2_ws_exp/install/exploration/share/exploration/package.dsv'
[0.639s] INFO:colcon.colcon_core.shell:Creating package script '/home/chathushka-sutd/ros2_ws_exp/install/exploration/share/exploration/package.sh'
[0.640s] INFO:colcon.colcon_core.shell:Creating package script '/home/chathushka-sutd/ros2_ws_exp/install/exploration/share/exploration/package.bash'
[0.640s] INFO:colcon.colcon_core.shell:Creating package script '/home/chathushka-sutd/ros2_ws_exp/install/exploration/share/exploration/package.zsh'
[0.641s] Level 1:colcon.colcon_core.environment:create_file_with_runtime_dependencies(/home/chathushka-sutd/ros2_ws_exp/install/exploration/share/colcon-core/packages/exploration)
[0.662s] Level 1:colcon.colcon_core.environment:create_environment_scripts_only(exploration)
[0.665s] Level 1:colcon.colcon_core.environment:checking '/home/chathushka-sutd/ros2_ws_exp/install/exploration' for CMake module files
[0.665s] Level 1:colcon.colcon_core.environment:checking '/home/chathushka-sutd/ros2_ws_exp/install/exploration' for CMake config files
[0.666s] Level 1:colcon.colcon_core.shell:create_environment_hook('exploration', 'cmake_prefix_path')
[0.667s] INFO:colcon.colcon_core.shell:Creating environment hook '/home/chathushka-sutd/ros2_ws_exp/install/exploration/share/exploration/hook/cmake_prefix_path.ps1'
[0.667s] INFO:colcon.colcon_core.shell:Creating environment descriptor '/home/chathushka-sutd/ros2_ws_exp/install/exploration/share/exploration/hook/cmake_prefix_path.dsv'
[0.667s] INFO:colcon.colcon_core.shell:Creating environment hook '/home/chathushka-sutd/ros2_ws_exp/install/exploration/share/exploration/hook/cmake_prefix_path.sh'
[0.668s] Level 1:colcon.colcon_core.environment:checking '/home/chathushka-sutd/ros2_ws_exp/install/exploration/lib'
[0.668s] Level 1:colcon.colcon_core.environment:checking '/home/chathushka-sutd/ros2_ws_exp/install/exploration/bin'
[0.668s] Level 1:colcon.colcon_core.environment:checking '/home/chathushka-sutd/ros2_ws_exp/install/exploration/lib/pkgconfig/exploration.pc'
[0.668s] Level 1:colcon.colcon_core.environment:checking '/home/chathushka-sutd/ros2_ws_exp/install/exploration/lib/python3.10/site-packages'
[0.668s] Level 1:colcon.colcon_core.environment:checking '/home/chathushka-sutd/ros2_ws_exp/install/exploration/bin'
[0.669s] INFO:colcon.colcon_core.shell:Creating package script '/home/chathushka-sutd/ros2_ws_exp/install/exploration/share/exploration/package.ps1'
[0.670s] INFO:colcon.colcon_core.shell:Creating package descriptor '/home/chathushka-sutd/ros2_ws_exp/install/exploration/share/exploration/package.dsv'
[0.670s] INFO:colcon.colcon_core.shell:Creating package script '/home/chathushka-sutd/ros2_ws_exp/install/exploration/share/exploration/package.sh'
[0.671s] INFO:colcon.colcon_core.shell:Creating package script '/home/chathushka-sutd/ros2_ws_exp/install/exploration/share/exploration/package.bash'
[0.671s] INFO:colcon.colcon_core.shell:Creating package script '/home/chathushka-sutd/ros2_ws_exp/install/exploration/share/exploration/package.zsh'
[0.671s] Level 1:colcon.colcon_core.environment:create_file_with_runtime_dependencies(/home/chathushka-sutd/ros2_ws_exp/install/exploration/share/colcon-core/packages/exploration)
[0.671s] DEBUG:colcon.colcon_parallel_executor.executor.parallel:closing loop
[0.672s] DEBUG:colcon.colcon_parallel_executor.executor.parallel:loop closed
[0.672s] DEBUG:colcon.colcon_parallel_executor.executor.parallel:run_until_complete finished with '0'
[0.672s] DEBUG:colcon.colcon_core.event_reactor:joining thread
[0.678s] INFO:colcon.colcon_core.plugin_system:Skipping extension 'colcon_notification.desktop_notification.terminal_notifier': Not used on non-Darwin systems
[0.678s] INFO:colcon.colcon_core.plugin_system:Skipping extension 'colcon_notification.desktop_notification.win32': Not used on non-Windows systems
[0.678s] INFO:colcon.colcon_notification.desktop_notification:Sending desktop notification using 'notify2'
[0.690s] DEBUG:colcon.colcon_core.event_reactor:joined thread
[0.693s] INFO:colcon.colcon_core.shell:Creating prefix script '/home/chathushka-sutd/ros2_ws_exp/install/local_setup.ps1'
[0.694s] INFO:colcon.colcon_core.shell:Creating prefix util module '/home/chathushka-sutd/ros2_ws_exp/install/_local_setup_util_ps1.py'
[0.696s] INFO:colcon.colcon_core.shell:Creating prefix chain script '/home/chathushka-sutd/ros2_ws_exp/install/setup.ps1'
[0.698s] INFO:colcon.colcon_core.shell:Creating prefix script '/home/chathushka-sutd/ros2_ws_exp/install/local_setup.sh'
[0.699s] INFO:colcon.colcon_core.shell:Creating prefix util module '/home/chathushka-sutd/ros2_ws_exp/install/_local_setup_util_sh.py'
[0.699s] INFO:colcon.colcon_core.shell:Creating prefix chain script '/home/chathushka-sutd/ros2_ws_exp/install/setup.sh'
[0.701s] INFO:colcon.colcon_core.shell:Creating prefix script '/home/chathushka-sutd/ros2_ws_exp/install/local_setup.bash'
[0.702s] INFO:colcon.colcon_core.shell:Creating prefix chain script '/home/chathushka-sutd/ros2_ws_exp/install/setup.bash'
[0.704s] INFO:colcon.colcon_core.shell:Creating prefix script '/home/chathushka-sutd/ros2_ws_exp/install/local_setup.zsh'
[0.705s] INFO:colcon.colcon_core.shell:Creating prefix chain script '/home/chathushka-sutd/ros2_ws_exp/install/setup.zsh'
