-- Found ament_cmake: 1.3.3 (/opt/ros/humble/share/ament_cmake/cmake)
-- Override CMake install command with custom implementation using symlinks instead of copying resources
-- Found rclcpp: 16.0.3 (/opt/ros/humble/share/rclcpp/cmake)
-- Found rosidl_generator_c: 3.1.4 (/opt/ros/humble/share/rosidl_generator_c/cmake)
-- Found rosidl_adapter: 3.1.4 (/opt/ros/humble/share/rosidl_adapter/cmake)
-- Found rosidl_generator_cpp: 3.1.4 (/opt/ros/humble/share/rosidl_generator_cpp/cmake)
-- Using all available rosidl_typesupport_c: rosidl_typesupport_fastrtps_c;rosidl_typesupport_introspection_c
-- Using all available rosidl_typesupport_cpp: rosidl_typesupport_fastrtps_cpp;rosidl_typesupport_introspection_cpp
-- Found rmw_implementation_cmake: 6.1.1 (/opt/ros/humble/share/rmw_implementation_cmake/cmake)
-- Found rmw_fastrtps_cpp: 6.2.2 (/opt/ros/humble/share/rmw_fastrtps_cpp/cmake)
-- Using RMW implementation 'rmw_fastrtps_cpp' as default
-- Found tf2: 0.25.2 (/opt/ros/humble/share/tf2/cmake)
-- Found tf2_ros: 0.25.2 (/opt/ros/humble/share/tf2_ros/cmake)
-- Found nav_msgs: 4.2.3 (/opt/ros/humble/share/nav_msgs/cmake)
-- Found ament_lint_auto: 0.12.5 (/opt/ros/humble/share/ament_lint_auto/cmake)
-- Added test 'cppcheck' to perform static code analysis on C / C++ code
-- Configured cppcheck include dirs: $<BUILD_INTERFACE:/home/chathushka-sutd/ros2_ws_exp/src/map_merge_2d/include>
-- Configured cppcheck exclude dirs and/or files: 
-- Added test 'flake8' to check Python code syntax and style conventions
-- Added test 'lint_cmake' to check CMake code style
-- Added test 'pep257' to check Python code against some of the docstring style conventions in PEP 257
-- Added test 'uncrustify' to check C / C++ code style
-- Configured uncrustify additional arguments: 
-- Added test 'xmllint' to check XML markup files
-- Configuring done
-- Generating done
-- Build files have been written to: /home/chathushka-sutd/ros2_ws_exp/build/map_merge_2d
[35m[1mConsolidate compiler generated dependencies of target map_merger[0m
[ 10%] [32m[1mLinking CXX executable map_merger[0m
[100%] Built target map_merger
-- Install configuration: ""
-- Execute custom install script
-- Symlinking: /home/chathushka-sutd/ros2_ws_exp/install/map_merge_2d/lib/map_merge_2d/map_merger
-- Symlinking: /home/chathushka-sutd/ros2_ws_exp/install/map_merge_2d/share/map_merge_2d/include/map_merge_2d/cv_core/cv_core.hpp
-- Symlinking: /home/chathushka-sutd/ros2_ws_exp/install/map_merge_2d/share/map_merge_2d/include/map_merge_2d/cv_core/cv_helpers.hpp
-- Symlinking: /home/chathushka-sutd/ros2_ws_exp/install/map_merge_2d/share/map_merge_2d/include/map_merge_2d/map_discovery/topic_discovery.hpp
-- Symlinking: /home/chathushka-sutd/ros2_ws_exp/install/map_merge_2d/share/map_merge_2d/include/map_merge_2d/map_merger.hpp
-- Symlinking: /home/chathushka-sutd/ros2_ws_exp/install/map_merge_2d/share/map_merge_2d/include/map_merge_2d/submaps/submap.hpp
-- Symlinking: /home/chathushka-sutd/ros2_ws_exp/install/map_merge_2d/share/map_merge_2d/include/map_merge_2d/submaps/submap_matcher.hpp
-- Symlinking: /home/chathushka-sutd/ros2_ws_exp/install/map_merge_2d/share/map_merge_2d/include/map_merge_2d/submaps/submap_merger.hpp
-- Symlinking: /home/chathushka-sutd/ros2_ws_exp/install/map_merge_2d/share/map_merge_2d/include/map_merge_2d/util/tf_utils.hpp
-- Symlinking: /home/chathushka-sutd/ros2_ws_exp/install/map_merge_2d/share/map_merge_2d/include/map_merge_2d/util/topic_name_utils.hpp
-- Symlinking: /home/chathushka-sutd/ros2_ws_exp/install/map_merge_2d/share/map_merge_2d/config/params.yaml
-- Symlinking: /home/chathushka-sutd/ros2_ws_exp/install/map_merge_2d/share/map_merge_2d/launch/map_merge_2d.launch.py
-- Symlinking: /home/chathushka-sutd/ros2_ws_exp/install/map_merge_2d/share/ament_index/resource_index/package_run_dependencies/map_merge_2d
-- Symlinking: /home/chathushka-sutd/ros2_ws_exp/install/map_merge_2d/share/ament_index/resource_index/parent_prefix_path/map_merge_2d
-- Symlinking: /home/chathushka-sutd/ros2_ws_exp/install/map_merge_2d/share/map_merge_2d/environment/ament_prefix_path.sh
-- Symlinking: /home/chathushka-sutd/ros2_ws_exp/install/map_merge_2d/share/map_merge_2d/environment/ament_prefix_path.dsv
-- Symlinking: /home/chathushka-sutd/ros2_ws_exp/install/map_merge_2d/share/map_merge_2d/environment/path.sh
-- Symlinking: /home/chathushka-sutd/ros2_ws_exp/install/map_merge_2d/share/map_merge_2d/environment/path.dsv
-- Symlinking: /home/chathushka-sutd/ros2_ws_exp/install/map_merge_2d/share/map_merge_2d/local_setup.bash
-- Symlinking: /home/chathushka-sutd/ros2_ws_exp/install/map_merge_2d/share/map_merge_2d/local_setup.sh
-- Symlinking: /home/chathushka-sutd/ros2_ws_exp/install/map_merge_2d/share/map_merge_2d/local_setup.zsh
-- Symlinking: /home/chathushka-sutd/ros2_ws_exp/install/map_merge_2d/share/map_merge_2d/local_setup.dsv
-- Symlinking: /home/chathushka-sutd/ros2_ws_exp/install/map_merge_2d/share/map_merge_2d/package.dsv
-- Symlinking: /home/chathushka-sutd/ros2_ws_exp/install/map_merge_2d/share/ament_index/resource_index/packages/map_merge_2d
-- Symlinking: /home/chathushka-sutd/ros2_ws_exp/install/map_merge_2d/share/map_merge_2d/cmake/map_merge_2dConfig.cmake
-- Symlinking: /home/chathushka-sutd/ros2_ws_exp/install/map_merge_2d/share/map_merge_2d/cmake/map_merge_2dConfig-version.cmake
-- Symlinking: /home/chathushka-sutd/ros2_ws_exp/install/map_merge_2d/share/map_merge_2d/package.xml
