[0.013s] Invoking command in '/home/chathushka-sutd/ros2_ws_exp/build/exploration': CMAKE_PREFIX_PATH=${CMAKE_PREFIX_PATH}:/home/chathushka-sutd/ros2_ws/install/my_package2:/opt/ros/humble /usr/bin/cmake /home/chathushka-sutd/ros2_ws_exp/src/exploration -DAMENT_CMAKE_SYMLINK_INSTALL=1 -DCMAKE_INSTALL_PREFIX=/home/chathushka-sutd/ros2_ws_exp/install/exploration
[0.043s] -- The C compiler identification is GNU 11.3.0
[0.074s] -- The CXX compiler identification is GNU 11.3.0
[0.078s] -- Detecting C compiler ABI info
[0.116s] -- Detecting C compiler ABI info - done
[0.122s] -- Check for working C compiler: /usr/bin/cc - skipped
[0.122s] -- Detecting C compile features
[0.122s] -- Detecting C compile features - done
[0.124s] -- Detecting CXX compiler ABI info
[0.167s] -- Detecting CXX compiler ABI info - done
[0.173s] -- Check for working CXX compiler: /usr/bin/c++ - skipped
[0.173s] -- Detecting CXX compile features
[0.173s] -- Detecting CXX compile features - done
[0.175s] -- Found ament_cmake: 1.3.3 (/opt/ros/humble/share/ament_cmake/cmake)
[0.278s] -- Found Python3: /usr/bin/python3.10 (found version "3.10.6") found components: Interpreter 
[0.316s] -- Override CMake install command with custom implementation using symlinks instead of copying resources
[0.337s] -- Found rclcpp: 16.0.3 (/opt/ros/humble/share/rclcpp/cmake)
[0.376s] -- Found rosidl_generator_c: 3.1.4 (/opt/ros/humble/share/rosidl_generator_c/cmake)
[0.380s] -- Found rosidl_adapter: 3.1.4 (/opt/ros/humble/share/rosidl_adapter/cmake)
[0.386s] -- Found rosidl_generator_cpp: 3.1.4 (/opt/ros/humble/share/rosidl_generator_cpp/cmake)
[0.397s] -- Using all available rosidl_typesupport_c: rosidl_typesupport_fastrtps_c;rosidl_typesupport_introspection_c
[0.410s] -- Using all available rosidl_typesupport_cpp: rosidl_typesupport_fastrtps_cpp;rosidl_typesupport_introspection_cpp
[0.456s] -- Found rmw_implementation_cmake: 6.1.1 (/opt/ros/humble/share/rmw_implementation_cmake/cmake)
[0.458s] -- Found rmw_fastrtps_cpp: 6.2.2 (/opt/ros/humble/share/rmw_fastrtps_cpp/cmake)
[0.513s] -- Found OpenSSL: /usr/lib/x86_64-linux-gnu/libcrypto.so (found version "3.0.2")  
[0.532s] -- Found FastRTPS: /opt/ros/humble/include  
[0.561s] -- Using RMW implementation 'rmw_fastrtps_cpp' as default
[0.567s] -- Looking for pthread.h
[0.608s] -- Looking for pthread.h - found
[0.608s] -- Performing Test CMAKE_HAVE_LIBC_PTHREAD
[0.650s] -- Performing Test CMAKE_HAVE_LIBC_PTHREAD - Success
[0.650s] -- Found Threads: TRUE  
[0.766s] -- Found ament_lint_auto: 0.12.5 (/opt/ros/humble/share/ament_lint_auto/cmake)
[0.824s] -- Added test 'cppcheck' to perform static code analysis on C / C++ code
[0.824s] -- Configured cppcheck include dirs: $<BUILD_INTERFACE:/home/chathushka-sutd/ros2_ws_exp/src/exploration/include>
[0.824s] -- Configured cppcheck exclude dirs and/or files: 
[0.824s] -- Added test 'flake8' to check Python code syntax and style conventions
[0.824s] -- Added test 'lint_cmake' to check CMake code style
[0.825s] -- Added test 'pep257' to check Python code against some of the docstring style conventions in PEP 257
[0.825s] -- Added test 'uncrustify' to check C / C++ code style
[0.825s] -- Configured uncrustify additional arguments: 
[0.825s] -- Added test 'xmllint' to check XML markup files
[0.826s] -- Configuring done
[0.831s] -- Generating done
[0.832s] -- Build files have been written to: /home/chathushka-sutd/ros2_ws_exp/build/exploration
[0.839s] Invoked command in '/home/chathushka-sutd/ros2_ws_exp/build/exploration' returned '0': CMAKE_PREFIX_PATH=${CMAKE_PREFIX_PATH}:/home/chathushka-sutd/ros2_ws/install/my_package2:/opt/ros/humble /usr/bin/cmake /home/chathushka-sutd/ros2_ws_exp/src/exploration -DAMENT_CMAKE_SYMLINK_INSTALL=1 -DCMAKE_INSTALL_PREFIX=/home/chathushka-sutd/ros2_ws_exp/install/exploration
[0.840s] Invoking command in '/home/chathushka-sutd/ros2_ws_exp/build/exploration': CMAKE_PREFIX_PATH=${CMAKE_PREFIX_PATH}:/home/chathushka-sutd/ros2_ws/install/my_package2:/opt/ros/humble /usr/bin/cmake --build /home/chathushka-sutd/ros2_ws_exp/build/exploration -- -j16 -l16
[0.871s] [ 33%] [32mBuilding CXX object CMakeFiles/exec_exp.dir/src/exploration_node.cpp.o[0m
[0.871s] [ 66%] [32mBuilding CXX object CMakeFiles/exec_exp.dir/src/exploration_code.cpp.o[0m
[3.552s] [100%] [32m[1mLinking CXX executable exec_exp[0m
[3.661s] [100%] Built target exec_exp
[3.670s] Invoked command in '/home/chathushka-sutd/ros2_ws_exp/build/exploration' returned '0': CMAKE_PREFIX_PATH=${CMAKE_PREFIX_PATH}:/home/chathushka-sutd/ros2_ws/install/my_package2:/opt/ros/humble /usr/bin/cmake --build /home/chathushka-sutd/ros2_ws_exp/build/exploration -- -j16 -l16
[3.688s] Invoking command in '/home/chathushka-sutd/ros2_ws_exp/build/exploration': CMAKE_PREFIX_PATH=${CMAKE_PREFIX_PATH}:/home/chathushka-sutd/ros2_ws/install/my_package2:/opt/ros/humble /usr/bin/cmake --install /home/chathushka-sutd/ros2_ws_exp/build/exploration
[3.693s] -- Install configuration: ""
[3.693s] -- Execute custom install script
[3.693s] -- Symlinking: /home/chathushka-sutd/ros2_ws_exp/install/exploration/lib/exploration/exec_exp
[3.700s] -- Symlinking: /home/chathushka-sutd/ros2_ws_exp/install/exploration/share/exploration/include/exploration/exploration_code.hpp
[3.705s] -- Symlinking: /home/chathushka-sutd/ros2_ws_exp/install/exploration/share/exploration/launch/exp_launch.py
[3.711s] -- Symlinking: /home/chathushka-sutd/ros2_ws_exp/install/exploration/share/ament_index/resource_index/package_run_dependencies/exploration
[3.717s] -- Symlinking: /home/chathushka-sutd/ros2_ws_exp/install/exploration/share/ament_index/resource_index/parent_prefix_path/exploration
[3.722s] -- Symlinking: /home/chathushka-sutd/ros2_ws_exp/install/exploration/share/exploration/environment/ament_prefix_path.sh
[3.726s] -- Symlinking: /home/chathushka-sutd/ros2_ws_exp/install/exploration/share/exploration/environment/ament_prefix_path.dsv
[3.732s] -- Symlinking: /home/chathushka-sutd/ros2_ws_exp/install/exploration/share/exploration/environment/path.sh
[3.736s] -- Symlinking: /home/chathushka-sutd/ros2_ws_exp/install/exploration/share/exploration/environment/path.dsv
[3.739s] -- Symlinking: /home/chathushka-sutd/ros2_ws_exp/install/exploration/share/exploration/local_setup.bash
[3.745s] -- Symlinking: /home/chathushka-sutd/ros2_ws_exp/install/exploration/share/exploration/local_setup.sh
[3.750s] -- Symlinking: /home/chathushka-sutd/ros2_ws_exp/install/exploration/share/exploration/local_setup.zsh
[3.756s] -- Symlinking: /home/chathushka-sutd/ros2_ws_exp/install/exploration/share/exploration/local_setup.dsv
[3.761s] -- Symlinking: /home/chathushka-sutd/ros2_ws_exp/install/exploration/share/exploration/package.dsv
[3.766s] -- Symlinking: /home/chathushka-sutd/ros2_ws_exp/install/exploration/share/ament_index/resource_index/packages/exploration
[3.772s] -- Symlinking: /home/chathushka-sutd/ros2_ws_exp/install/exploration/share/exploration/cmake/explorationConfig.cmake
[3.777s] -- Symlinking: /home/chathushka-sutd/ros2_ws_exp/install/exploration/share/exploration/cmake/explorationConfig-version.cmake
[3.783s] -- Symlinking: /home/chathushka-sutd/ros2_ws_exp/install/exploration/share/exploration/package.xml
[3.791s] Invoked command in '/home/chathushka-sutd/ros2_ws_exp/build/exploration' returned '0': CMAKE_PREFIX_PATH=${CMAKE_PREFIX_PATH}:/home/chathushka-sutd/ros2_ws/install/my_package2:/opt/ros/humble /usr/bin/cmake --install /home/chathushka-sutd/ros2_ws_exp/build/exploration
