[0.014s] Invoking command in '/home/chathushka-sutd/ros2_ws_exp/build/exploration': CMAKE_PREFIX_PATH=${CMAKE_PREFIX_PATH}:/home/chathushka-sutd/ros2_ws/install/my_package2:/opt/ros/humble /usr/bin/cmake /home/chathushka-sutd/ros2_ws_exp/src/exploration -DCMAKE_INSTALL_PREFIX=/home/chathushka-sutd/ros2_ws_exp/install/exploration
[0.021s] -- Found ament_cmake: 1.3.3 (/opt/ros/humble/share/ament_cmake/cmake)
[0.115s] -- Override CMake install command with custom implementation using symlinks instead of copying resources
[0.120s] -- Found rclcpp: 16.0.3 (/opt/ros/humble/share/rclcpp/cmake)
[0.140s] -- Found rosidl_generator_c: 3.1.4 (/opt/ros/humble/share/rosidl_generator_c/cmake)
[0.142s] -- Found rosidl_adapter: 3.1.4 (/opt/ros/humble/share/rosidl_adapter/cmake)
[0.145s] -- Found rosidl_generator_cpp: 3.1.4 (/opt/ros/humble/share/rosidl_generator_cpp/cmake)
[0.152s] -- Using all available rosidl_typesupport_c: rosidl_typesupport_fastrtps_c;rosidl_typesupport_introspection_c
[0.162s] -- Using all available rosidl_typesupport_cpp: rosidl_typesupport_fastrtps_cpp;rosidl_typesupport_introspection_cpp
[0.201s] -- Found rmw_implementation_cmake: 6.1.1 (/opt/ros/humble/share/rmw_implementation_cmake/cmake)
[0.202s] -- Found rmw_fastrtps_cpp: 6.2.2 (/opt/ros/humble/share/rmw_fastrtps_cpp/cmake)
[0.276s] -- Using RMW implementation 'rmw_fastrtps_cpp' as default
[0.376s] -- Found ament_lint_auto: 0.12.5 (/opt/ros/humble/share/ament_lint_auto/cmake)
[0.430s] -- Added test 'cppcheck' to perform static code analysis on C / C++ code
[0.430s] -- Configured cppcheck include dirs: $<BUILD_INTERFACE:/home/chathushka-sutd/ros2_ws_exp/src/exploration/include>
[0.430s] -- Configured cppcheck exclude dirs and/or files: 
[0.431s] -- Added test 'flake8' to check Python code syntax and style conventions
[0.431s] -- Added test 'lint_cmake' to check CMake code style
[0.431s] -- Added test 'pep257' to check Python code against some of the docstring style conventions in PEP 257
[0.431s] -- Added test 'uncrustify' to check C / C++ code style
[0.431s] -- Configured uncrustify additional arguments: 
[0.432s] -- Added test 'xmllint' to check XML markup files
[0.433s] -- Configuring done
[0.439s] -- Generating done
[0.440s] -- Build files have been written to: /home/chathushka-sutd/ros2_ws_exp/build/exploration
[0.445s] Invoked command in '/home/chathushka-sutd/ros2_ws_exp/build/exploration' returned '0': CMAKE_PREFIX_PATH=${CMAKE_PREFIX_PATH}:/home/chathushka-sutd/ros2_ws/install/my_package2:/opt/ros/humble /usr/bin/cmake /home/chathushka-sutd/ros2_ws_exp/src/exploration -DCMAKE_INSTALL_PREFIX=/home/chathushka-sutd/ros2_ws_exp/install/exploration
[0.446s] Invoking command in '/home/chathushka-sutd/ros2_ws_exp/build/exploration': CMAKE_PREFIX_PATH=${CMAKE_PREFIX_PATH}:/home/chathushka-sutd/ros2_ws/install/my_package2:/opt/ros/humble /usr/bin/cmake --build /home/chathushka-sutd/ros2_ws_exp/build/exploration -- -j16 -l16
[0.467s] [35m[1mConsolidate compiler generated dependencies of target exec_exp[0m
[0.476s] [ 33%] [32mBuilding CXX object CMakeFiles/exec_exp.dir/src/exploration_code.cpp.o[0m
[0.476s] [ 66%] [32mBuilding CXX object CMakeFiles/exec_exp.dir/src/exploration_node.cpp.o[0m
[3.208s] [100%] [32m[1mLinking CXX executable exec_exp[0m
[3.303s] [100%] Built target exec_exp
[3.308s] Invoked command in '/home/chathushka-sutd/ros2_ws_exp/build/exploration' returned '0': CMAKE_PREFIX_PATH=${CMAKE_PREFIX_PATH}:/home/chathushka-sutd/ros2_ws/install/my_package2:/opt/ros/humble /usr/bin/cmake --build /home/chathushka-sutd/ros2_ws_exp/build/exploration -- -j16 -l16
[3.320s] Invoking command in '/home/chathushka-sutd/ros2_ws_exp/build/exploration': CMAKE_PREFIX_PATH=${CMAKE_PREFIX_PATH}:/home/chathushka-sutd/ros2_ws/install/my_package2:/opt/ros/humble /usr/bin/cmake --install /home/chathushka-sutd/ros2_ws_exp/build/exploration
[3.323s] -- Install configuration: ""
[3.324s] -- Execute custom install script
[3.324s] -- Up-to-date symlink: /home/chathushka-sutd/ros2_ws_exp/install/exploration/lib/exploration/exec_exp
[3.324s] -- Symlinking: /home/chathushka-sutd/ros2_ws_exp/install/exploration/share/exploration/include/exploration/colored_noise.h
[3.328s] -- Up-to-date symlink: /home/chathushka-sutd/ros2_ws_exp/install/exploration/share/exploration/include/exploration/exploration_code.hpp
[3.328s] -- Up-to-date symlink: /home/chathushka-sutd/ros2_ws_exp/install/exploration/share/exploration/launch/exp_launch.py
[3.328s] -- Up-to-date symlink: /home/chathushka-sutd/ros2_ws_exp/install/exploration/share/ament_index/resource_index/package_run_dependencies/exploration
[3.328s] -- Up-to-date symlink: /home/chathushka-sutd/ros2_ws_exp/install/exploration/share/ament_index/resource_index/parent_prefix_path/exploration
[3.329s] -- Up-to-date symlink: /home/chathushka-sutd/ros2_ws_exp/install/exploration/share/exploration/environment/ament_prefix_path.sh
[3.329s] -- Up-to-date symlink: /home/chathushka-sutd/ros2_ws_exp/install/exploration/share/exploration/environment/ament_prefix_path.dsv
[3.329s] -- Up-to-date symlink: /home/chathushka-sutd/ros2_ws_exp/install/exploration/share/exploration/environment/path.sh
[3.329s] -- Up-to-date symlink: /home/chathushka-sutd/ros2_ws_exp/install/exploration/share/exploration/environment/path.dsv
[3.329s] -- Up-to-date symlink: /home/chathushka-sutd/ros2_ws_exp/install/exploration/share/exploration/local_setup.bash
[3.329s] -- Up-to-date symlink: /home/chathushka-sutd/ros2_ws_exp/install/exploration/share/exploration/local_setup.sh
[3.329s] -- Up-to-date symlink: /home/chathushka-sutd/ros2_ws_exp/install/exploration/share/exploration/local_setup.zsh
[3.329s] -- Up-to-date symlink: /home/chathushka-sutd/ros2_ws_exp/install/exploration/share/exploration/local_setup.dsv
[3.329s] -- Symlinking: /home/chathushka-sutd/ros2_ws_exp/install/exploration/share/exploration/package.dsv
[3.333s] -- Up-to-date symlink: /home/chathushka-sutd/ros2_ws_exp/install/exploration/share/ament_index/resource_index/packages/exploration
[3.333s] -- Up-to-date symlink: /home/chathushka-sutd/ros2_ws_exp/install/exploration/share/exploration/cmake/explorationConfig.cmake
[3.333s] -- Up-to-date symlink: /home/chathushka-sutd/ros2_ws_exp/install/exploration/share/exploration/cmake/explorationConfig-version.cmake
[3.333s] -- Up-to-date symlink: /home/chathushka-sutd/ros2_ws_exp/install/exploration/share/exploration/package.xml
[3.336s] Invoked command in '/home/chathushka-sutd/ros2_ws_exp/build/exploration' returned '0': CMAKE_PREFIX_PATH=${CMAKE_PREFIX_PATH}:/home/chathushka-sutd/ros2_ws/install/my_package2:/opt/ros/humble /usr/bin/cmake --install /home/chathushka-sutd/ros2_ws_exp/build/exploration
