[0.359s] DEBUG:colcon:Command line arguments: ['/usr/bin/colcon', 'build', '--packages-up-to', 'exploration']
[0.359s] DEBUG:colcon:Parsed command line arguments: Namespace(log_base=None, log_level=None, verb_name='build', build_base='build', install_base='install', merge_install=False, symlink_install=False, test_result_base=None, continue_on_error=False, executor='parallel', parallel_workers=16, event_handlers=None, ignore_user_meta=False, metas=['./colcon.meta'], base_paths=['.'], packages_ignore=None, packages_ignore_regex=None, paths=None, packages_up_to=['exploration'], packages_up_to_regex=None, packages_above=None, packages_above_and_dependencies=None, packages_above_depth=None, packages_select_by_dep=None, packages_skip_by_dep=None, packages_skip_up_to=None, packages_select_build_failed=False, packages_skip_build_finished=False, packages_select_test_failures=False, packages_skip_test_passed=False, packages_select=None, packages_skip=None, packages_select_regex=None, packages_skip_regex=None, packages_start=None, packages_end=None, allow_overriding=[], cmake_args=None, cmake_target=None, cmake_target_skip_unavailable=False, cmake_clean_cache=False, cmake_clean_first=False, cmake_force_configure=False, ament_cmake_args=None, catkin_cmake_args=None, catkin_skip_building_tests=False, verb_parser=<colcon_defaults.argument_parser.defaults.DefaultArgumentsDecorator object at 0x7fb5dbb9f190>, verb_extension=<colcon_core.verb.build.BuildVerb object at 0x7fb5dbb9ec20>, main=<bound method BuildVerb.main of <colcon_core.verb.build.BuildVerb object at 0x7fb5dbb9ec20>>)
[0.378s] Level 1:colcon.colcon_core.package_discovery:discover_packages(colcon_meta) check parameters
[0.379s] Level 1:colcon.colcon_core.package_discovery:discover_packages(recursive) check parameters
[0.379s] Level 1:colcon.colcon_core.package_discovery:discover_packages(ignore) check parameters
[0.379s] Level 1:colcon.colcon_core.package_discovery:discover_packages(path) check parameters
[0.379s] Level 1:colcon.colcon_core.package_discovery:discover_packages(colcon_meta) discover
[0.379s] Level 1:colcon.colcon_core.package_discovery:discover_packages(recursive) discover
[0.379s] INFO:colcon.colcon_core.package_discovery:Crawling recursively for packages in '/home/chathushka-sutd/ros2_ws_exp'
[0.379s] Level 1:colcon.colcon_core.package_identification:_identify(.) by extensions ['ignore', 'ignore_ament_install']
[0.379s] Level 1:colcon.colcon_core.package_identification:_identify(.) by extension 'ignore'
[0.379s] Level 1:colcon.colcon_core.package_identification:_identify(.) by extension 'ignore_ament_install'
[0.379s] Level 1:colcon.colcon_core.package_identification:_identify(.) by extensions ['colcon_pkg']
[0.379s] Level 1:colcon.colcon_core.package_identification:_identify(.) by extension 'colcon_pkg'
[0.379s] Level 1:colcon.colcon_core.package_identification:_identify(.) by extensions ['colcon_meta']
[0.379s] Level 1:colcon.colcon_core.package_identification:_identify(.) by extension 'colcon_meta'
[0.379s] Level 1:colcon.colcon_core.package_identification:_identify(.) by extensions ['ros']
[0.379s] Level 1:colcon.colcon_core.package_identification:_identify(.) by extension 'ros'
[0.390s] Level 1:colcon.colcon_core.package_identification:_identify(.) by extensions ['cmake', 'python']
[0.390s] Level 1:colcon.colcon_core.package_identification:_identify(.) by extension 'cmake'
[0.390s] Level 1:colcon.colcon_core.package_identification:_identify(.) by extension 'python'
[0.390s] Level 1:colcon.colcon_core.package_identification:_identify(.) by extensions ['python_setup_py']
[0.390s] Level 1:colcon.colcon_core.package_identification:_identify(.) by extension 'python_setup_py'
[0.391s] Level 1:colcon.colcon_core.package_identification:_identify(build) by extensions ['ignore', 'ignore_ament_install']
[0.391s] Level 1:colcon.colcon_core.package_identification:_identify(build) by extension 'ignore'
[0.391s] Level 1:colcon.colcon_core.package_identification:_identify(build) ignored
[0.391s] Level 1:colcon.colcon_core.package_identification:_identify(install) by extensions ['ignore', 'ignore_ament_install']
[0.391s] Level 1:colcon.colcon_core.package_identification:_identify(install) by extension 'ignore'
[0.391s] Level 1:colcon.colcon_core.package_identification:_identify(install) ignored
[0.391s] Level 1:colcon.colcon_core.package_identification:_identify(log) by extensions ['ignore', 'ignore_ament_install']
[0.391s] Level 1:colcon.colcon_core.package_identification:_identify(log) by extension 'ignore'
[0.391s] Level 1:colcon.colcon_core.package_identification:_identify(log) ignored
[0.391s] Level 1:colcon.colcon_core.package_identification:_identify(src) by extensions ['ignore', 'ignore_ament_install']
[0.391s] Level 1:colcon.colcon_core.package_identification:_identify(src) by extension 'ignore'
[0.391s] Level 1:colcon.colcon_core.package_identification:_identify(src) by extension 'ignore_ament_install'
[0.391s] Level 1:colcon.colcon_core.package_identification:_identify(src) by extensions ['colcon_pkg']
[0.392s] Level 1:colcon.colcon_core.package_identification:_identify(src) by extension 'colcon_pkg'
[0.392s] Level 1:colcon.colcon_core.package_identification:_identify(src) by extensions ['colcon_meta']
[0.392s] Level 1:colcon.colcon_core.package_identification:_identify(src) by extension 'colcon_meta'
[0.392s] Level 1:colcon.colcon_core.package_identification:_identify(src) by extensions ['ros']
[0.392s] Level 1:colcon.colcon_core.package_identification:_identify(src) by extension 'ros'
[0.392s] Level 1:colcon.colcon_core.package_identification:_identify(src) by extensions ['cmake', 'python']
[0.392s] Level 1:colcon.colcon_core.package_identification:_identify(src) by extension 'cmake'
[0.392s] Level 1:colcon.colcon_core.package_identification:_identify(src) by extension 'python'
[0.392s] Level 1:colcon.colcon_core.package_identification:_identify(src) by extensions ['python_setup_py']
[0.392s] Level 1:colcon.colcon_core.package_identification:_identify(src) by extension 'python_setup_py'
[0.392s] Level 1:colcon.colcon_core.package_identification:_identify(src/exploration) by extensions ['ignore', 'ignore_ament_install']
[0.392s] Level 1:colcon.colcon_core.package_identification:_identify(src/exploration) by extension 'ignore'
[0.392s] Level 1:colcon.colcon_core.package_identification:_identify(src/exploration) by extension 'ignore_ament_install'
[0.392s] Level 1:colcon.colcon_core.package_identification:_identify(src/exploration) by extensions ['colcon_pkg']
[0.392s] Level 1:colcon.colcon_core.package_identification:_identify(src/exploration) by extension 'colcon_pkg'
[0.392s] Level 1:colcon.colcon_core.package_identification:_identify(src/exploration) by extensions ['colcon_meta']
[0.392s] Level 1:colcon.colcon_core.package_identification:_identify(src/exploration) by extension 'colcon_meta'
[0.392s] Level 1:colcon.colcon_core.package_identification:_identify(src/exploration) by extensions ['ros']
[0.392s] Level 1:colcon.colcon_core.package_identification:_identify(src/exploration) by extension 'ros'
[0.394s] DEBUG:colcon.colcon_core.package_identification:Package 'src/exploration' with type 'ros.ament_cmake' and name 'exploration'
[0.394s] Level 1:colcon.colcon_core.package_identification:_identify(src/map_merge_2d) by extensions ['ignore', 'ignore_ament_install']
[0.394s] Level 1:colcon.colcon_core.package_identification:_identify(src/map_merge_2d) by extension 'ignore'
[0.394s] Level 1:colcon.colcon_core.package_identification:_identify(src/map_merge_2d) by extension 'ignore_ament_install'
[0.394s] Level 1:colcon.colcon_core.package_identification:_identify(src/map_merge_2d) by extensions ['colcon_pkg']
[0.394s] Level 1:colcon.colcon_core.package_identification:_identify(src/map_merge_2d) by extension 'colcon_pkg'
[0.394s] Level 1:colcon.colcon_core.package_identification:_identify(src/map_merge_2d) by extensions ['colcon_meta']
[0.394s] Level 1:colcon.colcon_core.package_identification:_identify(src/map_merge_2d) by extension 'colcon_meta'
[0.394s] Level 1:colcon.colcon_core.package_identification:_identify(src/map_merge_2d) by extensions ['ros']
[0.394s] Level 1:colcon.colcon_core.package_identification:_identify(src/map_merge_2d) by extension 'ros'
[0.395s] DEBUG:colcon.colcon_core.package_identification:Package 'src/map_merge_2d' with type 'ros.ament_cmake' and name 'map_merge_2d'
[0.396s] Level 1:colcon.colcon_core.package_identification:_identify(src/sim_env) by extensions ['ignore', 'ignore_ament_install']
[0.396s] Level 1:colcon.colcon_core.package_identification:_identify(src/sim_env) by extension 'ignore'
[0.396s] Level 1:colcon.colcon_core.package_identification:_identify(src/sim_env) by extension 'ignore_ament_install'
[0.396s] Level 1:colcon.colcon_core.package_identification:_identify(src/sim_env) by extensions ['colcon_pkg']
[0.396s] Level 1:colcon.colcon_core.package_identification:_identify(src/sim_env) by extension 'colcon_pkg'
[0.396s] Level 1:colcon.colcon_core.package_identification:_identify(src/sim_env) by extensions ['colcon_meta']
[0.396s] Level 1:colcon.colcon_core.package_identification:_identify(src/sim_env) by extension 'colcon_meta'
[0.396s] Level 1:colcon.colcon_core.package_identification:_identify(src/sim_env) by extensions ['ros']
[0.396s] Level 1:colcon.colcon_core.package_identification:_identify(src/sim_env) by extension 'ros'
[0.396s] DEBUG:colcon.colcon_core.package_identification:Package 'src/sim_env' with type 'ros.ament_cmake' and name 'sim_env'
[0.396s] Level 1:colcon.colcon_core.package_identification:_identify(src/tb3_sim) by extensions ['ignore', 'ignore_ament_install']
[0.396s] Level 1:colcon.colcon_core.package_identification:_identify(src/tb3_sim) by extension 'ignore'
[0.397s] Level 1:colcon.colcon_core.package_identification:_identify(src/tb3_sim) by extension 'ignore_ament_install'
[0.397s] Level 1:colcon.colcon_core.package_identification:_identify(src/tb3_sim) by extensions ['colcon_pkg']
[0.397s] Level 1:colcon.colcon_core.package_identification:_identify(src/tb3_sim) by extension 'colcon_pkg'
[0.397s] Level 1:colcon.colcon_core.package_identification:_identify(src/tb3_sim) by extensions ['colcon_meta']
[0.397s] Level 1:colcon.colcon_core.package_identification:_identify(src/tb3_sim) by extension 'colcon_meta'
[0.397s] Level 1:colcon.colcon_core.package_identification:_identify(src/tb3_sim) by extensions ['ros']
[0.397s] Level 1:colcon.colcon_core.package_identification:_identify(src/tb3_sim) by extension 'ros'
[0.397s] DEBUG:colcon.colcon_core.package_identification:Package 'src/tb3_sim' with type 'ros.ament_cmake' and name 'tb3_sim'
[0.397s] Level 1:colcon.colcon_core.package_identification:_identify(src/tf_merger) by extensions ['ignore', 'ignore_ament_install']
[0.397s] Level 1:colcon.colcon_core.package_identification:_identify(src/tf_merger) by extension 'ignore'
[0.397s] Level 1:colcon.colcon_core.package_identification:_identify(src/tf_merger) by extension 'ignore_ament_install'
[0.397s] Level 1:colcon.colcon_core.package_identification:_identify(src/tf_merger) by extensions ['colcon_pkg']
[0.397s] Level 1:colcon.colcon_core.package_identification:_identify(src/tf_merger) by extension 'colcon_pkg'
[0.397s] Level 1:colcon.colcon_core.package_identification:_identify(src/tf_merger) by extensions ['colcon_meta']
[0.397s] Level 1:colcon.colcon_core.package_identification:_identify(src/tf_merger) by extension 'colcon_meta'
[0.397s] Level 1:colcon.colcon_core.package_identification:_identify(src/tf_merger) by extensions ['ros']
[0.397s] Level 1:colcon.colcon_core.package_identification:_identify(src/tf_merger) by extension 'ros'
[0.398s] DEBUG:colcon.colcon_core.package_identification:Package 'src/tf_merger' with type 'ros.ament_python' and name 'tf_merger'
[0.398s] Level 1:colcon.colcon_core.package_discovery:discover_packages(recursive) using defaults
[0.398s] Level 1:colcon.colcon_core.package_discovery:discover_packages(ignore) discover
[0.398s] Level 1:colcon.colcon_core.package_discovery:discover_packages(ignore) using defaults
[0.398s] Level 1:colcon.colcon_core.package_discovery:discover_packages(path) discover
[0.398s] Level 1:colcon.colcon_core.package_discovery:discover_packages(path) using defaults
[0.416s] INFO:colcon.colcon_core.package_selection:Skipping package 'tf_merger' in 'src/tf_merger'
[0.416s] INFO:colcon.colcon_core.package_selection:Skipping package 'tb3_sim' in 'src/tb3_sim'
[0.416s] INFO:colcon.colcon_core.package_selection:Skipping package 'sim_env' in 'src/sim_env'
[0.416s] INFO:colcon.colcon_core.package_selection:Skipping package 'map_merge_2d' in 'src/map_merge_2d'
[0.417s] Level 1:colcon.colcon_core.package_discovery:discover_packages(prefix_path) check parameters
[0.417s] Level 1:colcon.colcon_core.package_discovery:discover_packages(prefix_path) discover
[0.420s] DEBUG:colcon.colcon_installed_package_information.package_discovery:Found 5 installed packages in /home/chathushka-sutd/ros2_ws_exp/install
[0.422s] DEBUG:colcon.colcon_installed_package_information.package_discovery:Found 3 installed packages in /home/chathushka-sutd/ros2_ws/install
[0.423s] DEBUG:colcon.colcon_installed_package_information.package_discovery:Found 387 installed packages in /opt/ros/humble
[0.425s] Level 1:colcon.colcon_core.package_discovery:discover_packages(prefix_path) using defaults
[0.487s] Level 5:colcon.colcon_core.verb:set package 'exploration' build argument 'cmake_args' from command line to 'None'
[0.487s] Level 5:colcon.colcon_core.verb:set package 'exploration' build argument 'cmake_target' from command line to 'None'
[0.487s] Level 5:colcon.colcon_core.verb:set package 'exploration' build argument 'cmake_target_skip_unavailable' from command line to 'False'
[0.487s] Level 5:colcon.colcon_core.verb:set package 'exploration' build argument 'cmake_clean_cache' from command line to 'False'
[0.487s] Level 5:colcon.colcon_core.verb:set package 'exploration' build argument 'cmake_clean_first' from command line to 'False'
[0.487s] Level 5:colcon.colcon_core.verb:set package 'exploration' build argument 'cmake_force_configure' from command line to 'False'
[0.487s] Level 5:colcon.colcon_core.verb:set package 'exploration' build argument 'ament_cmake_args' from command line to 'None'
[0.487s] Level 5:colcon.colcon_core.verb:set package 'exploration' build argument 'catkin_cmake_args' from command line to 'None'
[0.487s] Level 5:colcon.colcon_core.verb:set package 'exploration' build argument 'catkin_skip_building_tests' from command line to 'False'
[0.487s] DEBUG:colcon.colcon_core.verb:Building package 'exploration' with the following arguments: {'ament_cmake_args': None, 'build_base': '/home/chathushka-sutd/ros2_ws_exp/build/exploration', 'catkin_cmake_args': None, 'catkin_skip_building_tests': False, 'cmake_args': None, 'cmake_clean_cache': False, 'cmake_clean_first': False, 'cmake_force_configure': False, 'cmake_target': None, 'cmake_target_skip_unavailable': False, 'install_base': '/home/chathushka-sutd/ros2_ws_exp/install/exploration', 'merge_install': False, 'path': '/home/chathushka-sutd/ros2_ws_exp/src/exploration', 'symlink_install': False, 'test_result_base': None}
[0.488s] INFO:colcon.colcon_core.executor:Executing jobs using 'parallel' executor
[0.492s] DEBUG:colcon.colcon_parallel_executor.executor.parallel:run_until_complete
[0.492s] INFO:colcon.colcon_ros.task.ament_cmake.build:Building ROS package in '/home/chathushka-sutd/ros2_ws_exp/src/exploration' with build type 'ament_cmake'
[0.492s] INFO:colcon.colcon_cmake.task.cmake.build:Building CMake package in '/home/chathushka-sutd/ros2_ws_exp/src/exploration'
[0.496s] INFO:colcon.colcon_core.plugin_system:Skipping extension 'colcon_core.shell.bat': Not used on non-Windows systems
[0.497s] INFO:colcon.colcon_core.shell:Skip shell extension 'powershell' for command environment: Not usable outside of PowerShell
[0.497s] DEBUG:colcon.colcon_core.shell:Skip shell extension 'dsv' for command environment
[0.507s] DEBUG:colcon.colcon_core.event_handler.log_command:Invoking command in '/home/chathushka-sutd/ros2_ws_exp/build/exploration': CMAKE_PREFIX_PATH=${CMAKE_PREFIX_PATH}:/home/chathushka-sutd/ros2_ws/install/my_package2:/home/chathushka-sutd/ros2_ws_exp/install/tf_merger:/opt/ros/humble /usr/bin/cmake --build /home/chathushka-sutd/ros2_ws_exp/build/exploration -- -j16 -l16
[0.567s] DEBUG:colcon.colcon_core.event_handler.log_command:Invoked command in '/home/chathushka-sutd/ros2_ws_exp/build/exploration' returned '0': CMAKE_PREFIX_PATH=${CMAKE_PREFIX_PATH}:/home/chathushka-sutd/ros2_ws/install/my_package2:/home/chathushka-sutd/ros2_ws_exp/install/tf_merger:/opt/ros/humble /usr/bin/cmake --build /home/chathushka-sutd/ros2_ws_exp/build/exploration -- -j16 -l16
[0.590s] DEBUG:colcon.colcon_core.event_handler.log_command:Invoking command in '/home/chathushka-sutd/ros2_ws_exp/build/exploration': CMAKE_PREFIX_PATH=${CMAKE_PREFIX_PATH}:/home/chathushka-sutd/ros2_ws/install/my_package2:/home/chathushka-sutd/ros2_ws_exp/install/tf_merger:/opt/ros/humble /usr/bin/cmake --install /home/chathushka-sutd/ros2_ws_exp/build/exploration
[0.598s] Level 1:colcon.colcon_core.environment:create_environment_scripts_only(exploration)
[0.598s] DEBUG:colcon.colcon_core.event_handler.log_command:Invoked command in '/home/chathushka-sutd/ros2_ws_exp/build/exploration' returned '0': CMAKE_PREFIX_PATH=${CMAKE_PREFIX_PATH}:/home/chathushka-sutd/ros2_ws/install/my_package2:/home/chathushka-sutd/ros2_ws_exp/install/tf_merger:/opt/ros/humble /usr/bin/cmake --install /home/chathushka-sutd/ros2_ws_exp/build/exploration
[0.603s] Level 1:colcon.colcon_core.environment:checking '/home/chathushka-sutd/ros2_ws_exp/install/exploration' for CMake module files
[0.604s] Level 1:colcon.colcon_core.environment:checking '/home/chathushka-sutd/ros2_ws_exp/install/exploration' for CMake config files
[0.604s] Level 1:colcon.colcon_core.shell:create_environment_hook('exploration', 'cmake_prefix_path')
[0.606s] INFO:colcon.colcon_core.shell:Creating environment hook '/home/chathushka-sutd/ros2_ws_exp/install/exploration/share/exploration/hook/cmake_prefix_path.ps1'
[0.607s] INFO:colcon.colcon_core.shell:Creating environment descriptor '/home/chathushka-sutd/ros2_ws_exp/install/exploration/share/exploration/hook/cmake_prefix_path.dsv'
[0.607s] INFO:colcon.colcon_core.shell:Creating environment hook '/home/chathushka-sutd/ros2_ws_exp/install/exploration/share/exploration/hook/cmake_prefix_path.sh'
[0.608s] Level 1:colcon.colcon_core.environment:checking '/home/chathushka-sutd/ros2_ws_exp/install/exploration/lib'
[0.608s] Level 1:colcon.colcon_core.environment:checking '/home/chathushka-sutd/ros2_ws_exp/install/exploration/bin'
[0.608s] Level 1:colcon.colcon_core.environment:checking '/home/chathushka-sutd/ros2_ws_exp/install/exploration/lib/pkgconfig/exploration.pc'
[0.609s] Level 1:colcon.colcon_core.environment:checking '/home/chathushka-sutd/ros2_ws_exp/install/exploration/lib/python3.10/site-packages'
[0.609s] Level 1:colcon.colcon_core.environment:checking '/home/chathushka-sutd/ros2_ws_exp/install/exploration/bin'
[0.611s] INFO:colcon.colcon_core.shell:Creating package script '/home/chathushka-sutd/ros2_ws_exp/install/exploration/share/exploration/package.ps1'
[0.611s] INFO:colcon.colcon_core.shell:Creating package descriptor '/home/chathushka-sutd/ros2_ws_exp/install/exploration/share/exploration/package.dsv'
[0.612s] INFO:colcon.colcon_core.shell:Creating package script '/home/chathushka-sutd/ros2_ws_exp/install/exploration/share/exploration/package.sh'
[0.612s] INFO:colcon.colcon_core.shell:Creating package script '/home/chathushka-sutd/ros2_ws_exp/install/exploration/share/exploration/package.bash'
[0.613s] INFO:colcon.colcon_core.shell:Creating package script '/home/chathushka-sutd/ros2_ws_exp/install/exploration/share/exploration/package.zsh'
[0.613s] Level 1:colcon.colcon_core.environment:create_file_with_runtime_dependencies(/home/chathushka-sutd/ros2_ws_exp/install/exploration/share/colcon-core/packages/exploration)
[0.640s] Level 1:colcon.colcon_core.environment:create_environment_scripts_only(exploration)
[0.642s] Level 1:colcon.colcon_core.environment:checking '/home/chathushka-sutd/ros2_ws_exp/install/exploration' for CMake module files
[0.643s] Level 1:colcon.colcon_core.environment:checking '/home/chathushka-sutd/ros2_ws_exp/install/exploration' for CMake config files
[0.643s] Level 1:colcon.colcon_core.shell:create_environment_hook('exploration', 'cmake_prefix_path')
[0.645s] INFO:colcon.colcon_core.shell:Creating environment hook '/home/chathushka-sutd/ros2_ws_exp/install/exploration/share/exploration/hook/cmake_prefix_path.ps1'
[0.646s] INFO:colcon.colcon_core.shell:Creating environment descriptor '/home/chathushka-sutd/ros2_ws_exp/install/exploration/share/exploration/hook/cmake_prefix_path.dsv'
[0.646s] INFO:colcon.colcon_core.shell:Creating environment hook '/home/chathushka-sutd/ros2_ws_exp/install/exploration/share/exploration/hook/cmake_prefix_path.sh'
[0.647s] Level 1:colcon.colcon_core.environment:checking '/home/chathushka-sutd/ros2_ws_exp/install/exploration/lib'
[0.647s] Level 1:colcon.colcon_core.environment:checking '/home/chathushka-sutd/ros2_ws_exp/install/exploration/bin'
[0.647s] Level 1:colcon.colcon_core.environment:checking '/home/chathushka-sutd/ros2_ws_exp/install/exploration/lib/pkgconfig/exploration.pc'
[0.647s] Level 1:colcon.colcon_core.environment:checking '/home/chathushka-sutd/ros2_ws_exp/install/exploration/lib/python3.10/site-packages'
[0.648s] Level 1:colcon.colcon_core.environment:checking '/home/chathushka-sutd/ros2_ws_exp/install/exploration/bin'
[0.649s] INFO:colcon.colcon_core.shell:Creating package script '/home/chathushka-sutd/ros2_ws_exp/install/exploration/share/exploration/package.ps1'
[0.650s] INFO:colcon.colcon_core.shell:Creating package descriptor '/home/chathushka-sutd/ros2_ws_exp/install/exploration/share/exploration/package.dsv'
[0.650s] INFO:colcon.colcon_core.shell:Creating package script '/home/chathushka-sutd/ros2_ws_exp/install/exploration/share/exploration/package.sh'
[0.651s] INFO:colcon.colcon_core.shell:Creating package script '/home/chathushka-sutd/ros2_ws_exp/install/exploration/share/exploration/package.bash'
[0.651s] INFO:colcon.colcon_core.shell:Creating package script '/home/chathushka-sutd/ros2_ws_exp/install/exploration/share/exploration/package.zsh'
[0.652s] Level 1:colcon.colcon_core.environment:create_file_with_runtime_dependencies(/home/chathushka-sutd/ros2_ws_exp/install/exploration/share/colcon-core/packages/exploration)
[0.652s] DEBUG:colcon.colcon_parallel_executor.executor.parallel:closing loop
[0.652s] DEBUG:colcon.colcon_parallel_executor.executor.parallel:loop closed
[0.652s] DEBUG:colcon.colcon_parallel_executor.executor.parallel:run_until_complete finished with '0'
[0.653s] DEBUG:colcon.colcon_core.event_reactor:joining thread
[0.659s] INFO:colcon.colcon_core.plugin_system:Skipping extension 'colcon_notification.desktop_notification.terminal_notifier': Not used on non-Darwin systems
[0.659s] INFO:colcon.colcon_core.plugin_system:Skipping extension 'colcon_notification.desktop_notification.win32': Not used on non-Windows systems
[0.659s] INFO:colcon.colcon_notification.desktop_notification:Sending desktop notification using 'notify2'
[0.670s] DEBUG:colcon.colcon_core.event_reactor:joined thread
[0.672s] INFO:colcon.colcon_core.shell:Creating prefix script '/home/chathushka-sutd/ros2_ws_exp/install/local_setup.ps1'
[0.673s] INFO:colcon.colcon_core.shell:Creating prefix util module '/home/chathushka-sutd/ros2_ws_exp/install/_local_setup_util_ps1.py'
[0.674s] INFO:colcon.colcon_core.shell:Creating prefix chain script '/home/chathushka-sutd/ros2_ws_exp/install/setup.ps1'
[0.676s] INFO:colcon.colcon_core.shell:Creating prefix script '/home/chathushka-sutd/ros2_ws_exp/install/local_setup.sh'
[0.676s] INFO:colcon.colcon_core.shell:Creating prefix util module '/home/chathushka-sutd/ros2_ws_exp/install/_local_setup_util_sh.py'
[0.677s] INFO:colcon.colcon_core.shell:Creating prefix chain script '/home/chathushka-sutd/ros2_ws_exp/install/setup.sh'
[0.678s] INFO:colcon.colcon_core.shell:Creating prefix script '/home/chathushka-sutd/ros2_ws_exp/install/local_setup.bash'
[0.679s] INFO:colcon.colcon_core.shell:Creating prefix chain script '/home/chathushka-sutd/ros2_ws_exp/install/setup.bash'
[0.681s] INFO:colcon.colcon_core.shell:Creating prefix script '/home/chathushka-sutd/ros2_ws_exp/install/local_setup.zsh'
[0.681s] INFO:colcon.colcon_core.shell:Creating prefix chain script '/home/chathushka-sutd/ros2_ws_exp/install/setup.zsh'
