[0.013s] Invoking command in '/home/chathushka-sutd/ros2_ws_exp/build/exploration': CMAKE_PREFIX_PATH=${CMAKE_PREFIX_PATH}:/home/chathushka-sutd/ros2_ws/install/my_package2:/opt/ros/humble /usr/bin/cmake --build /home/chathushka-sutd/ros2_ws_exp/build/exploration -- -j16 -l16
[0.026s] -- Found ament_cmake: 1.3.3 (/opt/ros/humble/share/ament_cmake/cmake)
[0.119s] -- Override CMake install command with custom implementation using symlinks instead of copying resources
[0.123s] -- Found rclcpp: 16.0.3 (/opt/ros/humble/share/rclcpp/cmake)
[0.144s] -- Found rosidl_generator_c: 3.1.4 (/opt/ros/humble/share/rosidl_generator_c/cmake)
[0.145s] -- Found rosidl_adapter: 3.1.4 (/opt/ros/humble/share/rosidl_adapter/cmake)
[0.149s] -- Found rosidl_generator_cpp: 3.1.4 (/opt/ros/humble/share/rosidl_generator_cpp/cmake)
[0.156s] -- Using all available rosidl_typesupport_c: rosidl_typesupport_fastrtps_c;rosidl_typesupport_introspection_c
[0.165s] -- Using all available rosidl_typesupport_cpp: rosidl_typesupport_fastrtps_cpp;rosidl_typesupport_introspection_cpp
[0.203s] -- Found rmw_implementation_cmake: 6.1.1 (/opt/ros/humble/share/rmw_implementation_cmake/cmake)
[0.204s] -- Found rmw_fastrtps_cpp: 6.2.2 (/opt/ros/humble/share/rmw_fastrtps_cpp/cmake)
[0.279s] -- Using RMW implementation 'rmw_fastrtps_cpp' as default
[0.380s] -- Found geometry_msgs: 4.2.3 (/opt/ros/humble/share/geometry_msgs/cmake)
[0.408s] -- Found nav_msgs: 4.2.3 (/opt/ros/humble/share/nav_msgs/cmake)
[0.463s] -- Found visualization_msgs: 4.2.3 (/opt/ros/humble/share/visualization_msgs/cmake)
[0.610s] -- Found ament_lint_auto: 0.12.5 (/opt/ros/humble/share/ament_lint_auto/cmake)
[0.655s] -- Added test 'cppcheck' to perform static code analysis on C / C++ code
[0.656s] -- Configured cppcheck include dirs: $<BUILD_INTERFACE:/home/chathushka-sutd/ros2_ws_exp/src/exploration/include>
[0.656s] -- Configured cppcheck exclude dirs and/or files: 
[0.656s] -- Added test 'flake8' to check Python code syntax and style conventions
[0.656s] -- Added test 'lint_cmake' to check CMake code style
[0.656s] -- Added test 'pep257' to check Python code against some of the docstring style conventions in PEP 257
[0.657s] -- Added test 'uncrustify' to check C / C++ code style
[0.657s] -- Configured uncrustify additional arguments: 
[0.657s] -- Added test 'xmllint' to check XML markup files
[0.657s] -- Configuring done
[0.664s] -- Generating done
[0.665s] -- Build files have been written to: /home/chathushka-sutd/ros2_ws_exp/build/exploration
[0.680s] [35m[1mConsolidate compiler generated dependencies of target exec_exp[0m
[0.691s] [100%] Built target exec_exp
[0.696s] Invoked command in '/home/chathushka-sutd/ros2_ws_exp/build/exploration' returned '0': CMAKE_PREFIX_PATH=${CMAKE_PREFIX_PATH}:/home/chathushka-sutd/ros2_ws/install/my_package2:/opt/ros/humble /usr/bin/cmake --build /home/chathushka-sutd/ros2_ws_exp/build/exploration -- -j16 -l16
[0.710s] Invoking command in '/home/chathushka-sutd/ros2_ws_exp/build/exploration': CMAKE_PREFIX_PATH=${CMAKE_PREFIX_PATH}:/home/chathushka-sutd/ros2_ws/install/my_package2:/opt/ros/humble /usr/bin/cmake --install /home/chathushka-sutd/ros2_ws_exp/build/exploration
[0.714s] -- Install configuration: ""
[0.714s] -- Execute custom install script
[0.715s] -- Up-to-date symlink: /home/chathushka-sutd/ros2_ws_exp/install/exploration/lib/exploration/exec_exp
[0.715s] -- Up-to-date symlink: /home/chathushka-sutd/ros2_ws_exp/install/exploration/share/exploration/include/exploration/colored_noise.h
[0.715s] -- Up-to-date symlink: /home/chathushka-sutd/ros2_ws_exp/install/exploration/share/exploration/include/exploration/exploration_code.hpp
[0.715s] -- Up-to-date symlink: /home/chathushka-sutd/ros2_ws_exp/install/exploration/share/exploration/launch/exp_launch.py
[0.715s] -- Up-to-date symlink: /home/chathushka-sutd/ros2_ws_exp/install/exploration/share/exploration/config/params.yaml
[0.715s] -- Up-to-date symlink: /home/chathushka-sutd/ros2_ws_exp/install/exploration/share/ament_index/resource_index/package_run_dependencies/exploration
[0.716s] -- Up-to-date symlink: /home/chathushka-sutd/ros2_ws_exp/install/exploration/share/ament_index/resource_index/parent_prefix_path/exploration
[0.716s] -- Up-to-date symlink: /home/chathushka-sutd/ros2_ws_exp/install/exploration/share/exploration/environment/ament_prefix_path.sh
[0.716s] -- Up-to-date symlink: /home/chathushka-sutd/ros2_ws_exp/install/exploration/share/exploration/environment/ament_prefix_path.dsv
[0.716s] -- Up-to-date symlink: /home/chathushka-sutd/ros2_ws_exp/install/exploration/share/exploration/environment/path.sh
[0.716s] -- Up-to-date symlink: /home/chathushka-sutd/ros2_ws_exp/install/exploration/share/exploration/environment/path.dsv
[0.716s] -- Up-to-date symlink: /home/chathushka-sutd/ros2_ws_exp/install/exploration/share/exploration/local_setup.bash
[0.716s] -- Up-to-date symlink: /home/chathushka-sutd/ros2_ws_exp/install/exploration/share/exploration/local_setup.sh
[0.716s] -- Up-to-date symlink: /home/chathushka-sutd/ros2_ws_exp/install/exploration/share/exploration/local_setup.zsh
[0.717s] -- Up-to-date symlink: /home/chathushka-sutd/ros2_ws_exp/install/exploration/share/exploration/local_setup.dsv
[0.717s] -- Symlinking: /home/chathushka-sutd/ros2_ws_exp/install/exploration/share/exploration/package.dsv
[0.721s] -- Up-to-date symlink: /home/chathushka-sutd/ros2_ws_exp/install/exploration/share/ament_index/resource_index/packages/exploration
[0.721s] -- Up-to-date symlink: /home/chathushka-sutd/ros2_ws_exp/install/exploration/share/exploration/cmake/explorationConfig.cmake
[0.721s] -- Up-to-date symlink: /home/chathushka-sutd/ros2_ws_exp/install/exploration/share/exploration/cmake/explorationConfig-version.cmake
[0.721s] -- Up-to-date symlink: /home/chathushka-sutd/ros2_ws_exp/install/exploration/share/exploration/package.xml
[0.723s] Invoked command in '/home/chathushka-sutd/ros2_ws_exp/build/exploration' returned '0': CMAKE_PREFIX_PATH=${CMAKE_PREFIX_PATH}:/home/chathushka-sutd/ros2_ws/install/my_package2:/opt/ros/humble /usr/bin/cmake --install /home/chathushka-sutd/ros2_ws_exp/build/exploration
