[0.301s] DEBUG:colcon:Command line arguments: ['/usr/bin/colcon', 'build', '--packages-up-to', 'exploration', '--symlink-install']
[0.301s] DEBUG:colcon:Parsed command line arguments: Namespace(log_base=None, log_level=None, verb_name='build', build_base='build', install_base='install', merge_install=False, symlink_install=True, test_result_base=None, continue_on_error=False, executor='parallel', parallel_workers=16, event_handlers=None, ignore_user_meta=False, metas=['./colcon.meta'], base_paths=['.'], packages_ignore=None, packages_ignore_regex=None, paths=None, packages_up_to=['exploration'], packages_up_to_regex=None, packages_above=None, packages_above_and_dependencies=None, packages_above_depth=None, packages_select_by_dep=None, packages_skip_by_dep=None, packages_skip_up_to=None, packages_select_build_failed=False, packages_skip_build_finished=False, packages_select_test_failures=False, packages_skip_test_passed=False, packages_select=None, packages_skip=None, packages_select_regex=None, packages_skip_regex=None, packages_start=None, packages_end=None, allow_overriding=[], cmake_args=None, cmake_target=None, cmake_target_skip_unavailable=False, cmake_clean_cache=False, cmake_clean_first=False, cmake_force_configure=False, ament_cmake_args=None, catkin_cmake_args=None, catkin_skip_building_tests=False, verb_parser=<colcon_defaults.argument_parser.defaults.DefaultArgumentsDecorator object at 0x7f2d10397700>, verb_extension=<colcon_core.verb.build.BuildVerb object at 0x7f2d10397190>, main=<bound method BuildVerb.main of <colcon_core.verb.build.BuildVerb object at 0x7f2d10397190>>)
[0.318s] Level 1:colcon.colcon_core.package_discovery:discover_packages(colcon_meta) check parameters
[0.318s] Level 1:colcon.colcon_core.package_discovery:discover_packages(recursive) check parameters
[0.318s] Level 1:colcon.colcon_core.package_discovery:discover_packages(ignore) check parameters
[0.318s] Level 1:colcon.colcon_core.package_discovery:discover_packages(path) check parameters
[0.318s] Level 1:colcon.colcon_core.package_discovery:discover_packages(colcon_meta) discover
[0.319s] Level 1:colcon.colcon_core.package_discovery:discover_packages(recursive) discover
[0.319s] INFO:colcon.colcon_core.package_discovery:Crawling recursively for packages in '/home/chathushka-sutd/ros2_ws_exp'
[0.319s] Level 1:colcon.colcon_core.package_identification:_identify(.) by extensions ['ignore', 'ignore_ament_install']
[0.319s] Level 1:colcon.colcon_core.package_identification:_identify(.) by extension 'ignore'
[0.319s] Level 1:colcon.colcon_core.package_identification:_identify(.) by extension 'ignore_ament_install'
[0.319s] Level 1:colcon.colcon_core.package_identification:_identify(.) by extensions ['colcon_pkg']
[0.319s] Level 1:colcon.colcon_core.package_identification:_identify(.) by extension 'colcon_pkg'
[0.319s] Level 1:colcon.colcon_core.package_identification:_identify(.) by extensions ['colcon_meta']
[0.319s] Level 1:colcon.colcon_core.package_identification:_identify(.) by extension 'colcon_meta'
[0.319s] Level 1:colcon.colcon_core.package_identification:_identify(.) by extensions ['ros']
[0.319s] Level 1:colcon.colcon_core.package_identification:_identify(.) by extension 'ros'
[0.328s] Level 1:colcon.colcon_core.package_identification:_identify(.) by extensions ['cmake', 'python']
[0.328s] Level 1:colcon.colcon_core.package_identification:_identify(.) by extension 'cmake'
[0.329s] Level 1:colcon.colcon_core.package_identification:_identify(.) by extension 'python'
[0.329s] Level 1:colcon.colcon_core.package_identification:_identify(.) by extensions ['python_setup_py']
[0.329s] Level 1:colcon.colcon_core.package_identification:_identify(.) by extension 'python_setup_py'
[0.329s] Level 1:colcon.colcon_core.package_identification:_identify(build) by extensions ['ignore', 'ignore_ament_install']
[0.329s] Level 1:colcon.colcon_core.package_identification:_identify(build) by extension 'ignore'
[0.329s] Level 1:colcon.colcon_core.package_identification:_identify(build) ignored
[0.329s] Level 1:colcon.colcon_core.package_identification:_identify(install) by extensions ['ignore', 'ignore_ament_install']
[0.329s] Level 1:colcon.colcon_core.package_identification:_identify(install) by extension 'ignore'
[0.329s] Level 1:colcon.colcon_core.package_identification:_identify(install) ignored
[0.329s] Level 1:colcon.colcon_core.package_identification:_identify(log) by extensions ['ignore', 'ignore_ament_install']
[0.329s] Level 1:colcon.colcon_core.package_identification:_identify(log) by extension 'ignore'
[0.330s] Level 1:colcon.colcon_core.package_identification:_identify(log) ignored
[0.330s] Level 1:colcon.colcon_core.package_identification:_identify(src) by extensions ['ignore', 'ignore_ament_install']
[0.330s] Level 1:colcon.colcon_core.package_identification:_identify(src) by extension 'ignore'
[0.330s] Level 1:colcon.colcon_core.package_identification:_identify(src) by extension 'ignore_ament_install'
[0.330s] Level 1:colcon.colcon_core.package_identification:_identify(src) by extensions ['colcon_pkg']
[0.330s] Level 1:colcon.colcon_core.package_identification:_identify(src) by extension 'colcon_pkg'
[0.330s] Level 1:colcon.colcon_core.package_identification:_identify(src) by extensions ['colcon_meta']
[0.330s] Level 1:colcon.colcon_core.package_identification:_identify(src) by extension 'colcon_meta'
[0.330s] Level 1:colcon.colcon_core.package_identification:_identify(src) by extensions ['ros']
[0.330s] Level 1:colcon.colcon_core.package_identification:_identify(src) by extension 'ros'
[0.330s] Level 1:colcon.colcon_core.package_identification:_identify(src) by extensions ['cmake', 'python']
[0.330s] Level 1:colcon.colcon_core.package_identification:_identify(src) by extension 'cmake'
[0.330s] Level 1:colcon.colcon_core.package_identification:_identify(src) by extension 'python'
[0.330s] Level 1:colcon.colcon_core.package_identification:_identify(src) by extensions ['python_setup_py']
[0.330s] Level 1:colcon.colcon_core.package_identification:_identify(src) by extension 'python_setup_py'
[0.330s] Level 1:colcon.colcon_core.package_identification:_identify(src/exploration) by extensions ['ignore', 'ignore_ament_install']
[0.330s] Level 1:colcon.colcon_core.package_identification:_identify(src/exploration) by extension 'ignore'
[0.331s] Level 1:colcon.colcon_core.package_identification:_identify(src/exploration) by extension 'ignore_ament_install'
[0.331s] Level 1:colcon.colcon_core.package_identification:_identify(src/exploration) by extensions ['colcon_pkg']
[0.331s] Level 1:colcon.colcon_core.package_identification:_identify(src/exploration) by extension 'colcon_pkg'
[0.331s] Level 1:colcon.colcon_core.package_identification:_identify(src/exploration) by extensions ['colcon_meta']
[0.331s] Level 1:colcon.colcon_core.package_identification:_identify(src/exploration) by extension 'colcon_meta'
[0.331s] Level 1:colcon.colcon_core.package_identification:_identify(src/exploration) by extensions ['ros']
[0.331s] Level 1:colcon.colcon_core.package_identification:_identify(src/exploration) by extension 'ros'
[0.333s] DEBUG:colcon.colcon_core.package_identification:Package 'src/exploration' with type 'ros.ament_cmake' and name 'exploration'
[0.333s] Level 1:colcon.colcon_core.package_identification:_identify(src/map_merge_2d) by extensions ['ignore', 'ignore_ament_install']
[0.333s] Level 1:colcon.colcon_core.package_identification:_identify(src/map_merge_2d) by extension 'ignore'
[0.333s] Level 1:colcon.colcon_core.package_identification:_identify(src/map_merge_2d) by extension 'ignore_ament_install'
[0.333s] Level 1:colcon.colcon_core.package_identification:_identify(src/map_merge_2d) by extensions ['colcon_pkg']
[0.333s] Level 1:colcon.colcon_core.package_identification:_identify(src/map_merge_2d) by extension 'colcon_pkg'
[0.333s] Level 1:colcon.colcon_core.package_identification:_identify(src/map_merge_2d) by extensions ['colcon_meta']
[0.334s] Level 1:colcon.colcon_core.package_identification:_identify(src/map_merge_2d) by extension 'colcon_meta'
[0.334s] Level 1:colcon.colcon_core.package_identification:_identify(src/map_merge_2d) by extensions ['ros']
[0.334s] Level 1:colcon.colcon_core.package_identification:_identify(src/map_merge_2d) by extension 'ros'
[0.334s] DEBUG:colcon.colcon_core.package_identification:Package 'src/map_merge_2d' with type 'ros.ament_cmake' and name 'map_merge_2d'
[0.334s] Level 1:colcon.colcon_core.package_identification:_identify(src/sim_env) by extensions ['ignore', 'ignore_ament_install']
[0.334s] Level 1:colcon.colcon_core.package_identification:_identify(src/sim_env) by extension 'ignore'
[0.334s] Level 1:colcon.colcon_core.package_identification:_identify(src/sim_env) by extension 'ignore_ament_install'
[0.335s] Level 1:colcon.colcon_core.package_identification:_identify(src/sim_env) by extensions ['colcon_pkg']
[0.335s] Level 1:colcon.colcon_core.package_identification:_identify(src/sim_env) by extension 'colcon_pkg'
[0.335s] Level 1:colcon.colcon_core.package_identification:_identify(src/sim_env) by extensions ['colcon_meta']
[0.335s] Level 1:colcon.colcon_core.package_identification:_identify(src/sim_env) by extension 'colcon_meta'
[0.335s] Level 1:colcon.colcon_core.package_identification:_identify(src/sim_env) by extensions ['ros']
[0.335s] Level 1:colcon.colcon_core.package_identification:_identify(src/sim_env) by extension 'ros'
[0.335s] DEBUG:colcon.colcon_core.package_identification:Package 'src/sim_env' with type 'ros.ament_cmake' and name 'sim_env'
[0.335s] Level 1:colcon.colcon_core.package_identification:_identify(src/tb3_sim) by extensions ['ignore', 'ignore_ament_install']
[0.335s] Level 1:colcon.colcon_core.package_identification:_identify(src/tb3_sim) by extension 'ignore'
[0.335s] Level 1:colcon.colcon_core.package_identification:_identify(src/tb3_sim) by extension 'ignore_ament_install'
[0.335s] Level 1:colcon.colcon_core.package_identification:_identify(src/tb3_sim) by extensions ['colcon_pkg']
[0.335s] Level 1:colcon.colcon_core.package_identification:_identify(src/tb3_sim) by extension 'colcon_pkg'
[0.335s] Level 1:colcon.colcon_core.package_identification:_identify(src/tb3_sim) by extensions ['colcon_meta']
[0.335s] Level 1:colcon.colcon_core.package_identification:_identify(src/tb3_sim) by extension 'colcon_meta'
[0.335s] Level 1:colcon.colcon_core.package_identification:_identify(src/tb3_sim) by extensions ['ros']
[0.335s] Level 1:colcon.colcon_core.package_identification:_identify(src/tb3_sim) by extension 'ros'
[0.336s] DEBUG:colcon.colcon_core.package_identification:Package 'src/tb3_sim' with type 'ros.ament_cmake' and name 'tb3_sim'
[0.336s] Level 1:colcon.colcon_core.package_identification:_identify(src/tf_merger) by extensions ['ignore', 'ignore_ament_install']
[0.336s] Level 1:colcon.colcon_core.package_identification:_identify(src/tf_merger) by extension 'ignore'
[0.336s] Level 1:colcon.colcon_core.package_identification:_identify(src/tf_merger) by extension 'ignore_ament_install'
[0.336s] Level 1:colcon.colcon_core.package_identification:_identify(src/tf_merger) by extensions ['colcon_pkg']
[0.336s] Level 1:colcon.colcon_core.package_identification:_identify(src/tf_merger) by extension 'colcon_pkg'
[0.336s] Level 1:colcon.colcon_core.package_identification:_identify(src/tf_merger) by extensions ['colcon_meta']
[0.336s] Level 1:colcon.colcon_core.package_identification:_identify(src/tf_merger) by extension 'colcon_meta'
[0.336s] Level 1:colcon.colcon_core.package_identification:_identify(src/tf_merger) by extensions ['ros']
[0.336s] Level 1:colcon.colcon_core.package_identification:_identify(src/tf_merger) by extension 'ros'
[0.337s] DEBUG:colcon.colcon_core.package_identification:Package 'src/tf_merger' with type 'ros.ament_python' and name 'tf_merger'
[0.337s] Level 1:colcon.colcon_core.package_discovery:discover_packages(recursive) using defaults
[0.337s] Level 1:colcon.colcon_core.package_discovery:discover_packages(ignore) discover
[0.337s] Level 1:colcon.colcon_core.package_discovery:discover_packages(ignore) using defaults
[0.337s] Level 1:colcon.colcon_core.package_discovery:discover_packages(path) discover
[0.337s] Level 1:colcon.colcon_core.package_discovery:discover_packages(path) using defaults
[0.353s] INFO:colcon.colcon_core.package_selection:Skipping package 'tf_merger' in 'src/tf_merger'
[0.353s] INFO:colcon.colcon_core.package_selection:Skipping package 'tb3_sim' in 'src/tb3_sim'
[0.353s] INFO:colcon.colcon_core.package_selection:Skipping package 'sim_env' in 'src/sim_env'
[0.353s] INFO:colcon.colcon_core.package_selection:Skipping package 'map_merge_2d' in 'src/map_merge_2d'
[0.354s] Level 1:colcon.colcon_core.package_discovery:discover_packages(prefix_path) check parameters
[0.354s] Level 1:colcon.colcon_core.package_discovery:discover_packages(prefix_path) discover
[0.355s] DEBUG:colcon.colcon_installed_package_information.package_discovery:Found 5 installed packages in /home/chathushka-sutd/ros2_ws_exp/install
[0.356s] DEBUG:colcon.colcon_installed_package_information.package_discovery:Found 3 installed packages in /home/chathushka-sutd/ros2_ws/install
[0.357s] DEBUG:colcon.colcon_installed_package_information.package_discovery:Found 387 installed packages in /opt/ros/humble
[0.361s] Level 1:colcon.colcon_core.package_discovery:discover_packages(prefix_path) using defaults
[0.414s] Level 5:colcon.colcon_core.verb:set package 'exploration' build argument 'cmake_args' from command line to 'None'
[0.414s] Level 5:colcon.colcon_core.verb:set package 'exploration' build argument 'cmake_target' from command line to 'None'
[0.414s] Level 5:colcon.colcon_core.verb:set package 'exploration' build argument 'cmake_target_skip_unavailable' from command line to 'False'
[0.414s] Level 5:colcon.colcon_core.verb:set package 'exploration' build argument 'cmake_clean_cache' from command line to 'False'
[0.414s] Level 5:colcon.colcon_core.verb:set package 'exploration' build argument 'cmake_clean_first' from command line to 'False'
[0.415s] Level 5:colcon.colcon_core.verb:set package 'exploration' build argument 'cmake_force_configure' from command line to 'False'
[0.415s] Level 5:colcon.colcon_core.verb:set package 'exploration' build argument 'ament_cmake_args' from command line to 'None'
[0.415s] Level 5:colcon.colcon_core.verb:set package 'exploration' build argument 'catkin_cmake_args' from command line to 'None'
[0.415s] Level 5:colcon.colcon_core.verb:set package 'exploration' build argument 'catkin_skip_building_tests' from command line to 'False'
[0.415s] DEBUG:colcon.colcon_core.verb:Building package 'exploration' with the following arguments: {'ament_cmake_args': None, 'build_base': '/home/chathushka-sutd/ros2_ws_exp/build/exploration', 'catkin_cmake_args': None, 'catkin_skip_building_tests': False, 'cmake_args': None, 'cmake_clean_cache': False, 'cmake_clean_first': False, 'cmake_force_configure': False, 'cmake_target': None, 'cmake_target_skip_unavailable': False, 'install_base': '/home/chathushka-sutd/ros2_ws_exp/install/exploration', 'merge_install': False, 'path': '/home/chathushka-sutd/ros2_ws_exp/src/exploration', 'symlink_install': True, 'test_result_base': None}
[0.415s] INFO:colcon.colcon_core.executor:Executing jobs using 'parallel' executor
[0.418s] DEBUG:colcon.colcon_parallel_executor.executor.parallel:run_until_complete
[0.418s] INFO:colcon.colcon_ros.task.ament_cmake.build:Building ROS package in '/home/chathushka-sutd/ros2_ws_exp/src/exploration' with build type 'ament_cmake'
[0.418s] INFO:colcon.colcon_cmake.task.cmake.build:Building CMake package in '/home/chathushka-sutd/ros2_ws_exp/src/exploration'
[0.421s] INFO:colcon.colcon_core.plugin_system:Skipping extension 'colcon_core.shell.bat': Not used on non-Windows systems
[0.421s] INFO:colcon.colcon_core.shell:Skip shell extension 'powershell' for command environment: Not usable outside of PowerShell
[0.421s] DEBUG:colcon.colcon_core.shell:Skip shell extension 'dsv' for command environment
[0.429s] DEBUG:colcon.colcon_core.event_handler.log_command:Invoking command in '/home/chathushka-sutd/ros2_ws_exp/build/exploration': CMAKE_PREFIX_PATH=${CMAKE_PREFIX_PATH}:/home/chathushka-sutd/ros2_ws/install/my_package2:/home/chathushka-sutd/ros2_ws_exp/install/tf_merger:/opt/ros/humble /usr/bin/cmake --build /home/chathushka-sutd/ros2_ws_exp/build/exploration -- -j16 -l16
[9.491s] DEBUG:colcon.colcon_core.event_handler.log_command:Invoked command in '/home/chathushka-sutd/ros2_ws_exp/build/exploration' returned '0': CMAKE_PREFIX_PATH=${CMAKE_PREFIX_PATH}:/home/chathushka-sutd/ros2_ws/install/my_package2:/home/chathushka-sutd/ros2_ws_exp/install/tf_merger:/opt/ros/humble /usr/bin/cmake --build /home/chathushka-sutd/ros2_ws_exp/build/exploration -- -j16 -l16
[9.514s] DEBUG:colcon.colcon_core.event_handler.log_command:Invoking command in '/home/chathushka-sutd/ros2_ws_exp/build/exploration': CMAKE_PREFIX_PATH=${CMAKE_PREFIX_PATH}:/home/chathushka-sutd/ros2_ws/install/my_package2:/home/chathushka-sutd/ros2_ws_exp/install/tf_merger:/opt/ros/humble /usr/bin/cmake --install /home/chathushka-sutd/ros2_ws_exp/build/exploration
[9.528s] Level 1:colcon.colcon_core.environment:create_environment_scripts_only(exploration)
[9.528s] DEBUG:colcon.colcon_core.event_handler.log_command:Invoked command in '/home/chathushka-sutd/ros2_ws_exp/build/exploration' returned '0': CMAKE_PREFIX_PATH=${CMAKE_PREFIX_PATH}:/home/chathushka-sutd/ros2_ws/install/my_package2:/home/chathushka-sutd/ros2_ws_exp/install/tf_merger:/opt/ros/humble /usr/bin/cmake --install /home/chathushka-sutd/ros2_ws_exp/build/exploration
[9.531s] Level 1:colcon.colcon_core.environment:checking '/home/chathushka-sutd/ros2_ws_exp/install/exploration' for CMake module files
[9.531s] Level 1:colcon.colcon_core.environment:checking '/home/chathushka-sutd/ros2_ws_exp/install/exploration' for CMake config files
[9.532s] Level 1:colcon.colcon_core.shell:create_environment_hook('exploration', 'cmake_prefix_path')
[9.533s] INFO:colcon.colcon_core.shell:Creating environment hook '/home/chathushka-sutd/ros2_ws_exp/install/exploration/share/exploration/hook/cmake_prefix_path.ps1'
[9.533s] INFO:colcon.colcon_core.shell:Creating environment descriptor '/home/chathushka-sutd/ros2_ws_exp/install/exploration/share/exploration/hook/cmake_prefix_path.dsv'
[9.533s] INFO:colcon.colcon_core.shell:Creating environment hook '/home/chathushka-sutd/ros2_ws_exp/install/exploration/share/exploration/hook/cmake_prefix_path.sh'
[9.534s] Level 1:colcon.colcon_core.environment:checking '/home/chathushka-sutd/ros2_ws_exp/install/exploration/lib'
[9.534s] Level 1:colcon.colcon_core.environment:checking '/home/chathushka-sutd/ros2_ws_exp/install/exploration/bin'
[9.534s] Level 1:colcon.colcon_core.environment:checking '/home/chathushka-sutd/ros2_ws_exp/install/exploration/lib/pkgconfig/exploration.pc'
[9.534s] Level 1:colcon.colcon_core.environment:checking '/home/chathushka-sutd/ros2_ws_exp/install/exploration/lib/python3.10/site-packages'
[9.534s] Level 1:colcon.colcon_core.environment:checking '/home/chathushka-sutd/ros2_ws_exp/install/exploration/bin'
[9.535s] INFO:colcon.colcon_core.shell:Creating package script '/home/chathushka-sutd/ros2_ws_exp/install/exploration/share/exploration/package.ps1'
[9.536s] INFO:colcon.colcon_core.shell:Creating package descriptor '/home/chathushka-sutd/ros2_ws_exp/install/exploration/share/exploration/package.dsv'
[9.536s] INFO:colcon.colcon_core.shell:Creating package script '/home/chathushka-sutd/ros2_ws_exp/install/exploration/share/exploration/package.sh'
[9.536s] INFO:colcon.colcon_core.shell:Creating package script '/home/chathushka-sutd/ros2_ws_exp/install/exploration/share/exploration/package.bash'
[9.537s] INFO:colcon.colcon_core.shell:Creating package script '/home/chathushka-sutd/ros2_ws_exp/install/exploration/share/exploration/package.zsh'
[9.537s] Level 1:colcon.colcon_core.environment:create_file_with_runtime_dependencies(/home/chathushka-sutd/ros2_ws_exp/install/exploration/share/colcon-core/packages/exploration)
[9.556s] Level 1:colcon.colcon_core.environment:create_environment_scripts_only(exploration)
[9.558s] Level 1:colcon.colcon_core.environment:checking '/home/chathushka-sutd/ros2_ws_exp/install/exploration' for CMake module files
[9.559s] Level 1:colcon.colcon_core.environment:checking '/home/chathushka-sutd/ros2_ws_exp/install/exploration' for CMake config files
[9.559s] Level 1:colcon.colcon_core.shell:create_environment_hook('exploration', 'cmake_prefix_path')
[9.560s] INFO:colcon.colcon_core.shell:Creating environment hook '/home/chathushka-sutd/ros2_ws_exp/install/exploration/share/exploration/hook/cmake_prefix_path.ps1'
[9.561s] INFO:colcon.colcon_core.shell:Creating environment descriptor '/home/chathushka-sutd/ros2_ws_exp/install/exploration/share/exploration/hook/cmake_prefix_path.dsv'
[9.561s] INFO:colcon.colcon_core.shell:Creating environment hook '/home/chathushka-sutd/ros2_ws_exp/install/exploration/share/exploration/hook/cmake_prefix_path.sh'
[9.562s] Level 1:colcon.colcon_core.environment:checking '/home/chathushka-sutd/ros2_ws_exp/install/exploration/lib'
[9.562s] Level 1:colcon.colcon_core.environment:checking '/home/chathushka-sutd/ros2_ws_exp/install/exploration/bin'
[9.562s] Level 1:colcon.colcon_core.environment:checking '/home/chathushka-sutd/ros2_ws_exp/install/exploration/lib/pkgconfig/exploration.pc'
[9.562s] Level 1:colcon.colcon_core.environment:checking '/home/chathushka-sutd/ros2_ws_exp/install/exploration/lib/python3.10/site-packages'
[9.563s] Level 1:colcon.colcon_core.environment:checking '/home/chathushka-sutd/ros2_ws_exp/install/exploration/bin'
[9.564s] INFO:colcon.colcon_core.shell:Creating package script '/home/chathushka-sutd/ros2_ws_exp/install/exploration/share/exploration/package.ps1'
[9.565s] INFO:colcon.colcon_core.shell:Creating package descriptor '/home/chathushka-sutd/ros2_ws_exp/install/exploration/share/exploration/package.dsv'
[9.565s] INFO:colcon.colcon_core.shell:Creating package script '/home/chathushka-sutd/ros2_ws_exp/install/exploration/share/exploration/package.sh'
[9.566s] INFO:colcon.colcon_core.shell:Creating package script '/home/chathushka-sutd/ros2_ws_exp/install/exploration/share/exploration/package.bash'
[9.566s] INFO:colcon.colcon_core.shell:Creating package script '/home/chathushka-sutd/ros2_ws_exp/install/exploration/share/exploration/package.zsh'
[9.566s] Level 1:colcon.colcon_core.environment:create_file_with_runtime_dependencies(/home/chathushka-sutd/ros2_ws_exp/install/exploration/share/colcon-core/packages/exploration)
[9.567s] DEBUG:colcon.colcon_parallel_executor.executor.parallel:closing loop
[9.567s] DEBUG:colcon.colcon_parallel_executor.executor.parallel:loop closed
[9.567s] DEBUG:colcon.colcon_parallel_executor.executor.parallel:run_until_complete finished with '0'
[9.567s] DEBUG:colcon.colcon_core.event_reactor:joining thread
[9.571s] INFO:colcon.colcon_core.plugin_system:Skipping extension 'colcon_notification.desktop_notification.terminal_notifier': Not used on non-Darwin systems
[9.571s] INFO:colcon.colcon_core.plugin_system:Skipping extension 'colcon_notification.desktop_notification.win32': Not used on non-Windows systems
[9.571s] INFO:colcon.colcon_notification.desktop_notification:Sending desktop notification using 'notify2'
[9.583s] DEBUG:colcon.colcon_core.event_reactor:joined thread
[9.585s] INFO:colcon.colcon_core.shell:Creating prefix script '/home/chathushka-sutd/ros2_ws_exp/install/local_setup.ps1'
[9.586s] INFO:colcon.colcon_core.shell:Creating prefix util module '/home/chathushka-sutd/ros2_ws_exp/install/_local_setup_util_ps1.py'
[9.587s] INFO:colcon.colcon_core.shell:Creating prefix chain script '/home/chathushka-sutd/ros2_ws_exp/install/setup.ps1'
[9.588s] INFO:colcon.colcon_core.shell:Creating prefix script '/home/chathushka-sutd/ros2_ws_exp/install/local_setup.sh'
[9.589s] INFO:colcon.colcon_core.shell:Creating prefix util module '/home/chathushka-sutd/ros2_ws_exp/install/_local_setup_util_sh.py'
[9.589s] INFO:colcon.colcon_core.shell:Creating prefix chain script '/home/chathushka-sutd/ros2_ws_exp/install/setup.sh'
[9.591s] INFO:colcon.colcon_core.shell:Creating prefix script '/home/chathushka-sutd/ros2_ws_exp/install/local_setup.bash'
[9.592s] INFO:colcon.colcon_core.shell:Creating prefix chain script '/home/chathushka-sutd/ros2_ws_exp/install/setup.bash'
[9.593s] INFO:colcon.colcon_core.shell:Creating prefix script '/home/chathushka-sutd/ros2_ws_exp/install/local_setup.zsh'
[9.593s] INFO:colcon.colcon_core.shell:Creating prefix chain script '/home/chathushka-sutd/ros2_ws_exp/install/setup.zsh'
