running egg_info
creating ../../build/tf_publish/tf_publish.egg-info
writing ../../build/tf_publish/tf_publish.egg-info/PKG-INFO
writing dependency_links to ../../build/tf_publish/tf_publish.egg-info/dependency_links.txt
writing entry points to ../../build/tf_publish/tf_publish.egg-info/entry_points.txt
writing requirements to ../../build/tf_publish/tf_publish.egg-info/requires.txt
writing top-level names to ../../build/tf_publish/tf_publish.egg-info/top_level.txt
writing manifest file '../../build/tf_publish/tf_publish.egg-info/SOURCES.txt'
reading manifest file '../../build/tf_publish/tf_publish.egg-info/SOURCES.txt'
writing manifest file '../../build/tf_publish/tf_publish.egg-info/SOURCES.txt'
running build
running build_py
creating /home/chathushka-sutd/ros2_ws_exp/build/tf_publish/build
creating /home/chathushka-sutd/ros2_ws_exp/build/tf_publish/build/lib
creating /home/chathushka-sutd/ros2_ws_exp/build/tf_publish/build/lib/tf_publish
copying tf_publish/publish_tf_for_two_robots.py -> /home/chathushka-sutd/ros2_ws_exp/build/tf_publish/build/lib/tf_publish
copying tf_publish/__init__.py -> /home/chathushka-sutd/ros2_ws_exp/build/tf_publish/build/lib/tf_publish
running install
running install_lib
creating /home/chathushka-sutd/ros2_ws_exp/install/tf_publish/lib/python3.10/site-packages/tf_publish
copying /home/chathushka-sutd/ros2_ws_exp/build/tf_publish/build/lib/tf_publish/publish_tf_for_two_robots.py -> /home/chathushka-sutd/ros2_ws_exp/install/tf_publish/lib/python3.10/site-packages/tf_publish
copying /home/chathushka-sutd/ros2_ws_exp/build/tf_publish/build/lib/tf_publish/__init__.py -> /home/chathushka-sutd/ros2_ws_exp/install/tf_publish/lib/python3.10/site-packages/tf_publish
byte-compiling /home/chathushka-sutd/ros2_ws_exp/install/tf_publish/lib/python3.10/site-packages/tf_publish/publish_tf_for_two_robots.py to publish_tf_for_two_robots.cpython-310.pyc
byte-compiling /home/chathushka-sutd/ros2_ws_exp/install/tf_publish/lib/python3.10/site-packages/tf_publish/__init__.py to __init__.cpython-310.pyc
running install_data
creating /home/chathushka-sutd/ros2_ws_exp/install/tf_publish/share/ament_index
creating /home/chathushka-sutd/ros2_ws_exp/install/tf_publish/share/ament_index/resource_index
creating /home/chathushka-sutd/ros2_ws_exp/install/tf_publish/share/ament_index/resource_index/packages
copying resource/tf_publish -> /home/chathushka-sutd/ros2_ws_exp/install/tf_publish/share/ament_index/resource_index/packages
copying package.xml -> /home/chathushka-sutd/ros2_ws_exp/install/tf_publish/share/tf_publish
running install_egg_info
Copying ../../build/tf_publish/tf_publish.egg-info to /home/chathushka-sutd/ros2_ws_exp/install/tf_publish/lib/python3.10/site-packages/tf_publish-0.0.0-py3.10.egg-info
running install_scripts
Installing exec_tf_pub script to /home/chathushka-sutd/ros2_ws_exp/install/tf_publish/lib/tf_publish
writing list of installed files to '/home/chathushka-sutd/ros2_ws_exp/build/tf_publish/install.log'
