[0.409s] Invoking command in '/home/chathushka-sutd/ros2_ws_exp/src/tf_publish': PYTHONPATH=/home/chathushka-sutd/ros2_ws_exp/build/tf_publish/prefix_override:/home/chathushka-sutd/ros2_ws_exp/install/tf_publish/lib/python3.10/site-packages:${PYTHONPATH} /usr/bin/python3 setup.py egg_info --egg-base ../../build/tf_publish build --build-base /home/chathushka-sutd/ros2_ws_exp/build/tf_publish/build install --record /home/chathushka-sutd/ros2_ws_exp/build/tf_publish/install.log --single-version-externally-managed
[0.561s] running egg_info
[0.561s] creating ../../build/tf_publish/tf_publish.egg-info
[0.561s] writing ../../build/tf_publish/tf_publish.egg-info/PKG-INFO
[0.561s] writing dependency_links to ../../build/tf_publish/tf_publish.egg-info/dependency_links.txt
[0.562s] writing entry points to ../../build/tf_publish/tf_publish.egg-info/entry_points.txt
[0.562s] writing requirements to ../../build/tf_publish/tf_publish.egg-info/requires.txt
[0.562s] writing top-level names to ../../build/tf_publish/tf_publish.egg-info/top_level.txt
[0.562s] writing manifest file '../../build/tf_publish/tf_publish.egg-info/SOURCES.txt'
[0.563s] reading manifest file '../../build/tf_publish/tf_publish.egg-info/SOURCES.txt'
[0.563s] writing manifest file '../../build/tf_publish/tf_publish.egg-info/SOURCES.txt'
[0.563s] running build
[0.563s] running build_py
[0.564s] creating /home/chathushka-sutd/ros2_ws_exp/build/tf_publish/build
[0.564s] creating /home/chathushka-sutd/ros2_ws_exp/build/tf_publish/build/lib
[0.564s] creating /home/chathushka-sutd/ros2_ws_exp/build/tf_publish/build/lib/tf_publish
[0.564s] copying tf_publish/publish_tf_for_two_robots.py -> /home/chathushka-sutd/ros2_ws_exp/build/tf_publish/build/lib/tf_publish
[0.564s] copying tf_publish/__init__.py -> /home/chathushka-sutd/ros2_ws_exp/build/tf_publish/build/lib/tf_publish
[0.564s] running install
[0.564s] /usr/lib/python3/dist-packages/setuptools/command/install.py:34: SetuptoolsDeprecationWarning: setup.py install is deprecated. Use build and pip and other standards-based tools.
[0.564s]   warnings.warn(
[0.564s] running install_lib
[0.565s] creating /home/chathushka-sutd/ros2_ws_exp/install/tf_publish/lib/python3.10/site-packages/tf_publish
[0.565s] copying /home/chathushka-sutd/ros2_ws_exp/build/tf_publish/build/lib/tf_publish/publish_tf_for_two_robots.py -> /home/chathushka-sutd/ros2_ws_exp/install/tf_publish/lib/python3.10/site-packages/tf_publish
[0.565s] copying /home/chathushka-sutd/ros2_ws_exp/build/tf_publish/build/lib/tf_publish/__init__.py -> /home/chathushka-sutd/ros2_ws_exp/install/tf_publish/lib/python3.10/site-packages/tf_publish
[0.565s] byte-compiling /home/chathushka-sutd/ros2_ws_exp/install/tf_publish/lib/python3.10/site-packages/tf_publish/publish_tf_for_two_robots.py to publish_tf_for_two_robots.cpython-310.pyc
[0.565s] byte-compiling /home/chathushka-sutd/ros2_ws_exp/install/tf_publish/lib/python3.10/site-packages/tf_publish/__init__.py to __init__.cpython-310.pyc
[0.565s] running install_data
[0.566s] creating /home/chathushka-sutd/ros2_ws_exp/install/tf_publish/share/ament_index
[0.566s] creating /home/chathushka-sutd/ros2_ws_exp/install/tf_publish/share/ament_index/resource_index
[0.566s] creating /home/chathushka-sutd/ros2_ws_exp/install/tf_publish/share/ament_index/resource_index/packages
[0.566s] copying resource/tf_publish -> /home/chathushka-sutd/ros2_ws_exp/install/tf_publish/share/ament_index/resource_index/packages
[0.566s] copying package.xml -> /home/chathushka-sutd/ros2_ws_exp/install/tf_publish/share/tf_publish
[0.566s] running install_egg_info
[0.568s] Copying ../../build/tf_publish/tf_publish.egg-info to /home/chathushka-sutd/ros2_ws_exp/install/tf_publish/lib/python3.10/site-packages/tf_publish-0.0.0-py3.10.egg-info
[0.568s] running install_scripts
[0.583s] Installing exec_tf_pub script to /home/chathushka-sutd/ros2_ws_exp/install/tf_publish/lib/tf_publish
[0.584s] writing list of installed files to '/home/chathushka-sutd/ros2_ws_exp/build/tf_publish/install.log'
[0.606s] Invoked command in '/home/chathushka-sutd/ros2_ws_exp/src/tf_publish' returned '0': PYTHONPATH=/home/chathushka-sutd/ros2_ws_exp/build/tf_publish/prefix_override:/home/chathushka-sutd/ros2_ws_exp/install/tf_publish/lib/python3.10/site-packages:${PYTHONPATH} /usr/bin/python3 setup.py egg_info --egg-base ../../build/tf_publish build --build-base /home/chathushka-sutd/ros2_ws_exp/build/tf_publish/build install --record /home/chathushka-sutd/ros2_ws_exp/build/tf_publish/install.log --single-version-externally-managed
