running egg_info
creating ../../build/tf_merger/tf_merger.egg-info
writing ../../build/tf_merger/tf_merger.egg-info/PKG-INFO
writing dependency_links to ../../build/tf_merger/tf_merger.egg-info/dependency_links.txt
writing entry points to ../../build/tf_merger/tf_merger.egg-info/entry_points.txt
writing requirements to ../../build/tf_merger/tf_merger.egg-info/requires.txt
writing top-level names to ../../build/tf_merger/tf_merger.egg-info/top_level.txt
writing manifest file '../../build/tf_merger/tf_merger.egg-info/SOURCES.txt'
reading manifest file '../../build/tf_merger/tf_merger.egg-info/SOURCES.txt'
writing manifest file '../../build/tf_merger/tf_merger.egg-info/SOURCES.txt'
running build
running build_py
creating /home/chathushka-sutd/ros2_ws_exp/build/tf_merger/build
creating /home/chathushka-sutd/ros2_ws_exp/build/tf_merger/build/lib
creating /home/chathushka-sutd/ros2_ws_exp/build/tf_merger/build/lib/tf_merger
copying tf_merger/tf_merger.py -> /home/chathushka-sutd/ros2_ws_exp/build/tf_merger/build/lib/tf_merger
copying tf_merger/__init__.py -> /home/chathushka-sutd/ros2_ws_exp/build/tf_merger/build/lib/tf_merger
running install
running install_lib
creating /home/chathushka-sutd/ros2_ws_exp/install/tf_merger/lib/python3.10/site-packages/tf_merger
copying /home/chathushka-sutd/ros2_ws_exp/build/tf_merger/build/lib/tf_merger/tf_merger.py -> /home/chathushka-sutd/ros2_ws_exp/install/tf_merger/lib/python3.10/site-packages/tf_merger
copying /home/chathushka-sutd/ros2_ws_exp/build/tf_merger/build/lib/tf_merger/__init__.py -> /home/chathushka-sutd/ros2_ws_exp/install/tf_merger/lib/python3.10/site-packages/tf_merger
byte-compiling /home/chathushka-sutd/ros2_ws_exp/install/tf_merger/lib/python3.10/site-packages/tf_merger/tf_merger.py to tf_merger.cpython-310.pyc
byte-compiling /home/chathushka-sutd/ros2_ws_exp/install/tf_merger/lib/python3.10/site-packages/tf_merger/__init__.py to __init__.cpython-310.pyc
running install_data
creating /home/chathushka-sutd/ros2_ws_exp/install/tf_merger/share/ament_index
creating /home/chathushka-sutd/ros2_ws_exp/install/tf_merger/share/ament_index/resource_index
creating /home/chathushka-sutd/ros2_ws_exp/install/tf_merger/share/ament_index/resource_index/packages
copying resource/tf_merger -> /home/chathushka-sutd/ros2_ws_exp/install/tf_merger/share/ament_index/resource_index/packages
copying package.xml -> /home/chathushka-sutd/ros2_ws_exp/install/tf_merger/share/tf_merger
copying launch/htx_tf_merger.launch.py -> /home/chathushka-sutd/ros2_ws_exp/install/tf_merger/share/tf_merger
copying launch/tf_merger.launch.py -> /home/chathushka-sutd/ros2_ws_exp/install/tf_merger/share/tf_merger
creating /home/chathushka-sutd/ros2_ws_exp/install/tf_merger/share/tf_merger/config
copying config/params_bak.yaml -> /home/chathushka-sutd/ros2_ws_exp/install/tf_merger/share/tf_merger/config
copying config/params.yaml -> /home/chathushka-sutd/ros2_ws_exp/install/tf_merger/share/tf_merger/config
running install_egg_info
Copying ../../build/tf_merger/tf_merger.egg-info to /home/chathushka-sutd/ros2_ws_exp/install/tf_merger/lib/python3.10/site-packages/tf_merger-0.0.0-py3.10.egg-info
running install_scripts
Installing tf_merger script to /home/chathushka-sutd/ros2_ws_exp/install/tf_merger/lib/tf_merger
writing list of installed files to '/home/chathushka-sutd/ros2_ws_exp/build/tf_merger/install.log'
