[0.589s] Invoking command in '/home/chathushka-sutd/ros2_ws_exp/src/tf_merger': PYTHONPATH=/home/chathushka-sutd/ros2_ws_exp/build/tf_merger/prefix_override:/home/chathushka-sutd/ros2_ws_exp/install/tf_merger/lib/python3.10/site-packages:${PYTHONPATH} /usr/bin/python3 setup.py egg_info --egg-base ../../build/tf_merger build --build-base /home/chathushka-sutd/ros2_ws_exp/build/tf_merger/build install --record /home/chathushka-sutd/ros2_ws_exp/build/tf_merger/install.log --single-version-externally-managed
[0.816s] running egg_info
[0.816s] creating ../../build/tf_merger/tf_merger.egg-info
[0.817s] writing ../../build/tf_merger/tf_merger.egg-info/PKG-INFO
[0.817s] writing dependency_links to ../../build/tf_merger/tf_merger.egg-info/dependency_links.txt
[0.817s] writing entry points to ../../build/tf_merger/tf_merger.egg-info/entry_points.txt
[0.817s] writing requirements to ../../build/tf_merger/tf_merger.egg-info/requires.txt
[0.817s] writing top-level names to ../../build/tf_merger/tf_merger.egg-info/top_level.txt
[0.818s] writing manifest file '../../build/tf_merger/tf_merger.egg-info/SOURCES.txt'
[0.820s] reading manifest file '../../build/tf_merger/tf_merger.egg-info/SOURCES.txt'
[0.820s] writing manifest file '../../build/tf_merger/tf_merger.egg-info/SOURCES.txt'
[0.821s] running build
[0.821s] running build_py
[0.821s] creating /home/chathushka-sutd/ros2_ws_exp/build/tf_merger/build
[0.821s] creating /home/chathushka-sutd/ros2_ws_exp/build/tf_merger/build/lib
[0.821s] creating /home/chathushka-sutd/ros2_ws_exp/build/tf_merger/build/lib/tf_merger
[0.821s] copying tf_merger/tf_merger.py -> /home/chathushka-sutd/ros2_ws_exp/build/tf_merger/build/lib/tf_merger
[0.821s] copying tf_merger/__init__.py -> /home/chathushka-sutd/ros2_ws_exp/build/tf_merger/build/lib/tf_merger
[0.821s] running install
[0.822s] /usr/lib/python3/dist-packages/setuptools/command/install.py:34: SetuptoolsDeprecationWarning: setup.py install is deprecated. Use build and pip and other standards-based tools.
[0.822s]   warnings.warn(
[0.822s] running install_lib
[0.823s] creating /home/chathushka-sutd/ros2_ws_exp/install/tf_merger/lib/python3.10/site-packages/tf_merger
[0.823s] copying /home/chathushka-sutd/ros2_ws_exp/build/tf_merger/build/lib/tf_merger/tf_merger.py -> /home/chathushka-sutd/ros2_ws_exp/install/tf_merger/lib/python3.10/site-packages/tf_merger
[0.823s] copying /home/chathushka-sutd/ros2_ws_exp/build/tf_merger/build/lib/tf_merger/__init__.py -> /home/chathushka-sutd/ros2_ws_exp/install/tf_merger/lib/python3.10/site-packages/tf_merger
[0.824s] byte-compiling /home/chathushka-sutd/ros2_ws_exp/install/tf_merger/lib/python3.10/site-packages/tf_merger/tf_merger.py to tf_merger.cpython-310.pyc
[0.825s] byte-compiling /home/chathushka-sutd/ros2_ws_exp/install/tf_merger/lib/python3.10/site-packages/tf_merger/__init__.py to __init__.cpython-310.pyc
[0.826s] running install_data
[0.826s] creating /home/chathushka-sutd/ros2_ws_exp/install/tf_merger/share/ament_index
[0.826s] creating /home/chathushka-sutd/ros2_ws_exp/install/tf_merger/share/ament_index/resource_index
[0.826s] creating /home/chathushka-sutd/ros2_ws_exp/install/tf_merger/share/ament_index/resource_index/packages
[0.827s] copying resource/tf_merger -> /home/chathushka-sutd/ros2_ws_exp/install/tf_merger/share/ament_index/resource_index/packages
[0.827s] copying package.xml -> /home/chathushka-sutd/ros2_ws_exp/install/tf_merger/share/tf_merger
[0.827s] copying launch/htx_tf_merger.launch.py -> /home/chathushka-sutd/ros2_ws_exp/install/tf_merger/share/tf_merger
[0.827s] copying launch/tf_merger.launch.py -> /home/chathushka-sutd/ros2_ws_exp/install/tf_merger/share/tf_merger
[0.827s] creating /home/chathushka-sutd/ros2_ws_exp/install/tf_merger/share/tf_merger/config
[0.827s] copying config/params_bak.yaml -> /home/chathushka-sutd/ros2_ws_exp/install/tf_merger/share/tf_merger/config
[0.827s] copying config/params.yaml -> /home/chathushka-sutd/ros2_ws_exp/install/tf_merger/share/tf_merger/config
[0.827s] running install_egg_info
[0.830s] Copying ../../build/tf_merger/tf_merger.egg-info to /home/chathushka-sutd/ros2_ws_exp/install/tf_merger/lib/python3.10/site-packages/tf_merger-0.0.0-py3.10.egg-info
[0.831s] running install_scripts
[0.855s] Installing tf_merger script to /home/chathushka-sutd/ros2_ws_exp/install/tf_merger/lib/tf_merger
[0.855s] writing list of installed files to '/home/chathushka-sutd/ros2_ws_exp/build/tf_merger/install.log'
[0.912s] Invoked command in '/home/chathushka-sutd/ros2_ws_exp/src/tf_merger' returned '0': PYTHONPATH=/home/chathushka-sutd/ros2_ws_exp/build/tf_merger/prefix_override:/home/chathushka-sutd/ros2_ws_exp/install/tf_merger/lib/python3.10/site-packages:${PYTHONPATH} /usr/bin/python3 setup.py egg_info --egg-base ../../build/tf_merger build --build-base /home/chathushka-sutd/ros2_ws_exp/build/tf_merger/build install --record /home/chathushka-sutd/ros2_ws_exp/build/tf_merger/install.log --single-version-externally-managed
