[35m[1mConsolidate compiler generated dependencies of target exec_exp[0m
[ 33%] [32mBuilding CXX object CMakeFiles/exec_exp.dir/src/exploration_code.cpp.o[0m
In file included from [01m[K/opt/ros/humble/include/rclcpp/rclcpp/logging.hpp:24[m[K,
                 from [01m[K/opt/ros/humble/include/rclcpp/rclcpp/client.hpp:40[m[K,
                 from [01m[K/opt/ros/humble/include/rclcpp/rclcpp/callback_group.hpp:24[m[K,
                 from [01m[K/opt/ros/humble/include/rclcpp/rclcpp/any_executable.hpp:20[m[K,
                 from [01m[K/opt/ros/humble/include/rclcpp/rclcpp/memory_strategy.hpp:25[m[K,
                 from [01m[K/opt/ros/humble/include/rclcpp/rclcpp/memory_strategies.hpp:18[m[K,
                 from [01m[K/opt/ros/humble/include/rclcpp/rclcpp/executor_options.hpp:20[m[K,
                 from [01m[K/opt/ros/humble/include/rclcpp/rclcpp/executor.hpp:37[m[K,
                 from [01m[K/opt/ros/humble/include/rclcpp/rclcpp/executors/multi_threaded_executor.hpp:25[m[K,
                 from [01m[K/opt/ros/humble/include/rclcpp/rclcpp/executors.hpp:21[m[K,
                 from [01m[K/opt/ros/humble/include/rclcpp/rclcpp/rclcpp.hpp:155[m[K,
                 from [01m[K/home/chathushka-sutd/ros2_ws_exp/src/exploration/include/exploration/exploration_code.hpp:5[m[K,
                 from [01m[K/home/chathushka-sutd/ros2_ws_exp/src/exploration/src/exploration_code.cpp:1[m[K:
[01m[K/home/chathushka-sutd/ros2_ws_exp/src/exploration/src/exploration_code.cpp:[m[K In member function ‘[01m[Kvoid exploration::MWFCN_Algo::timer_callback()[m[K’:
[01m[K/home/chathushka-sutd/ros2_ws_exp/src/exploration/src/exploration_code.cpp:19:39:[m[K [01;35m[Kwarning: [m[Ktoo many arguments for format [[01;35m[K]8;;https://gcc.gnu.org/onlinedocs/gcc/Warning-Options.html#index-Wformat-extra-args-Wformat-extra-args]8;;[m[K]
   19 |       RCLCPP_INFO(this->get_logger(), [01;35m[K"Publishing:"[m[K,nodename);
      |                                       [01;35m[K^~~~~~~~~~~~~[m[K
[ 66%] [32m[1mLinking CXX executable exec_exp[0m
[100%] Built target exec_exp
-- Install configuration: ""
-- Installing: /home/chathushka-sutd/ros2_ws_exp/install/exploration/lib/exploration/exec_exp
-- Set runtime path of "/home/chathushka-sutd/ros2_ws_exp/install/exploration/lib/exploration/exec_exp" to ""
-- Up-to-date: /home/chathushka-sutd/ros2_ws_exp/install/exploration/share/exploration/include
-- Up-to-date: /home/chathushka-sutd/ros2_ws_exp/install/exploration/share/exploration/include/exploration
-- Up-to-date: /home/chathushka-sutd/ros2_ws_exp/install/exploration/share/exploration/include/exploration/colored_noise.h
-- Installing: /home/chathushka-sutd/ros2_ws_exp/install/exploration/share/exploration/include/exploration/exploration_code.hpp
-- Up-to-date: /home/chathushka-sutd/ros2_ws_exp/install/exploration/share/exploration/launch
-- Up-to-date: /home/chathushka-sutd/ros2_ws_exp/install/exploration/share/exploration/launch/exp_launch.py
-- Up-to-date: /home/chathushka-sutd/ros2_ws_exp/install/exploration/share/ament_index/resource_index/package_run_dependencies/exploration
-- Up-to-date: /home/chathushka-sutd/ros2_ws_exp/install/exploration/share/ament_index/resource_index/parent_prefix_path/exploration
-- Up-to-date: /home/chathushka-sutd/ros2_ws_exp/install/exploration/share/exploration/environment/ament_prefix_path.sh
-- Up-to-date: /home/chathushka-sutd/ros2_ws_exp/install/exploration/share/exploration/environment/ament_prefix_path.dsv
-- Up-to-date: /home/chathushka-sutd/ros2_ws_exp/install/exploration/share/exploration/environment/path.sh
-- Up-to-date: /home/chathushka-sutd/ros2_ws_exp/install/exploration/share/exploration/environment/path.dsv
-- Up-to-date: /home/chathushka-sutd/ros2_ws_exp/install/exploration/share/exploration/local_setup.bash
-- Up-to-date: /home/chathushka-sutd/ros2_ws_exp/install/exploration/share/exploration/local_setup.sh
-- Up-to-date: /home/chathushka-sutd/ros2_ws_exp/install/exploration/share/exploration/local_setup.zsh
-- Up-to-date: /home/chathushka-sutd/ros2_ws_exp/install/exploration/share/exploration/local_setup.dsv
-- Installing: /home/chathushka-sutd/ros2_ws_exp/install/exploration/share/exploration/package.dsv
-- Up-to-date: /home/chathushka-sutd/ros2_ws_exp/install/exploration/share/ament_index/resource_index/packages/exploration
-- Up-to-date: /home/chathushka-sutd/ros2_ws_exp/install/exploration/share/exploration/cmake/explorationConfig.cmake
-- Up-to-date: /home/chathushka-sutd/ros2_ws_exp/install/exploration/share/exploration/cmake/explorationConfig-version.cmake
-- Up-to-date: /home/chathushka-sutd/ros2_ws_exp/install/exploration/share/exploration/package.xml
