-- Install configuration: ""
-- Up-to-date: /home/chathushka-sutd/ros2_ws_exp/install/tb3_sim/share/tb3_sim/launch
-- Up-to-date: /home/chathushka-sutd/ros2_ws_exp/install/tb3_sim/share/tb3_sim/launch/multi_tb3_simulation_launch.py
-- Up-to-date: /home/chathushka-sutd/ros2_ws_exp/install/tb3_sim/share/tb3_sim/launch/slam_toolbox.launch.py
-- Up-to-date: /home/chathushka-sutd/ros2_ws_exp/install/tb3_sim/share/tb3_sim/launch/navigation.launch.py
-- Up-to-date: /home/chathushka-sutd/ros2_ws_exp/install/tb3_sim/share/tb3_sim/launch/tb3_simulation_launch.py
-- Up-to-date: /home/chathushka-sutd/ros2_ws_exp/install/tb3_sim/share/tb3_sim/launch/mapping.launch.py
-- Up-to-date: /home/chathushka-sutd/ros2_ws_exp/install/tb3_sim/share/tb3_sim/config
-- Up-to-date: /home/chathushka-sutd/ros2_ws_exp/install/tb3_sim/share/tb3_sim/config/nav2_params.yaml
-- Up-to-date: /home/chathushka-sutd/ros2_ws_exp/install/tb3_sim/share/tb3_sim/config/mapper_params.yaml
-- Up-to-date: /home/chathushka-sutd/ros2_ws_exp/install/tb3_sim/share/tb3_sim/config/mapper_params_bak.yaml
-- Up-to-date: /home/chathushka-sutd/ros2_ws_exp/install/tb3_sim/share/tb3_sim/include
-- Up-to-date: /home/chathushka-sutd/ros2_ws_exp/install/tb3_sim/share/tb3_sim/include/ssugv_bringup
-- Up-to-date: /home/chathushka-sutd/ros2_ws_exp/install/tb3_sim/share/tb3_sim/include/ssugv_bringup/odom_filter.hpp
-- Up-to-date: /home/chathushka-sutd/ros2_ws_exp/install/tb3_sim/share/tb3_sim/rviz
-- Up-to-date: /home/chathushka-sutd/ros2_ws_exp/install/tb3_sim/share/tb3_sim/rviz/nav2_.rviz
-- Up-to-date: /home/chathushka-sutd/ros2_ws_exp/install/tb3_sim/share/tb3_sim/rviz/default_view.rviz
-- Up-to-date: /home/chathushka-sutd/ros2_ws_exp/install/tb3_sim/share/tb3_sim/worlds
-- Up-to-date: /home/chathushka-sutd/ros2_ws_exp/install/tb3_sim/share/tb3_sim/worlds/willow_garage.world
-- Up-to-date: /home/chathushka-sutd/ros2_ws_exp/install/tb3_sim/share/ament_index/resource_index/package_run_dependencies/tb3_sim
-- Up-to-date: /home/chathushka-sutd/ros2_ws_exp/install/tb3_sim/share/ament_index/resource_index/parent_prefix_path/tb3_sim
-- Up-to-date: /home/chathushka-sutd/ros2_ws_exp/install/tb3_sim/share/tb3_sim/environment/ament_prefix_path.sh
-- Up-to-date: /home/chathushka-sutd/ros2_ws_exp/install/tb3_sim/share/tb3_sim/environment/ament_prefix_path.dsv
-- Up-to-date: /home/chathushka-sutd/ros2_ws_exp/install/tb3_sim/share/tb3_sim/environment/path.sh
-- Up-to-date: /home/chathushka-sutd/ros2_ws_exp/install/tb3_sim/share/tb3_sim/environment/path.dsv
-- Up-to-date: /home/chathushka-sutd/ros2_ws_exp/install/tb3_sim/share/tb3_sim/local_setup.bash
-- Up-to-date: /home/chathushka-sutd/ros2_ws_exp/install/tb3_sim/share/tb3_sim/local_setup.sh
-- Up-to-date: /home/chathushka-sutd/ros2_ws_exp/install/tb3_sim/share/tb3_sim/local_setup.zsh
-- Up-to-date: /home/chathushka-sutd/ros2_ws_exp/install/tb3_sim/share/tb3_sim/local_setup.dsv
-- Up-to-date: /home/chathushka-sutd/ros2_ws_exp/install/tb3_sim/share/tb3_sim/package.dsv
-- Up-to-date: /home/chathushka-sutd/ros2_ws_exp/install/tb3_sim/share/ament_index/resource_index/packages/tb3_sim
-- Up-to-date: /home/chathushka-sutd/ros2_ws_exp/install/tb3_sim/share/tb3_sim/cmake/tb3_simConfig.cmake
-- Up-to-date: /home/chathushka-sutd/ros2_ws_exp/install/tb3_sim/share/tb3_sim/cmake/tb3_simConfig-version.cmake
-- Up-to-date: /home/chathushka-sutd/ros2_ws_exp/install/tb3_sim/share/tb3_sim/package.xml
