[0.013s] Invoking command in '/home/chathushka-sutd/ros2_ws_exp/build/exploration': CMAKE_PREFIX_PATH=${CMAKE_PREFIX_PATH}:/home/chathushka-sutd/ros2_ws/install/my_package2:/opt/ros/humble /usr/bin/cmake --build /home/chathushka-sutd/ros2_ws_exp/build/exploration -- -j16 -l16
[0.035s] [35m[1mConsolidate compiler generated dependencies of target exec_exp[0m
[0.045s] [100%] Built target exec_exp
[0.050s] Invoked command in '/home/chathushka-sutd/ros2_ws_exp/build/exploration' returned '0': CMAKE_PREFIX_PATH=${CMAKE_PREFIX_PATH}:/home/chathushka-sutd/ros2_ws/install/my_package2:/opt/ros/humble /usr/bin/cmake --build /home/chathushka-sutd/ros2_ws_exp/build/exploration -- -j16 -l16
[0.064s] Invoking command in '/home/chathushka-sutd/ros2_ws_exp/build/exploration': CMAKE_PREFIX_PATH=${CMAKE_PREFIX_PATH}:/home/chathushka-sutd/ros2_ws/install/my_package2:/opt/ros/humble /usr/bin/cmake --install /home/chathushka-sutd/ros2_ws_exp/build/exploration
[0.067s] -- Install configuration: ""
[0.068s] -- Up-to-date: /home/chathushka-sutd/ros2_ws_exp/install/exploration/lib/exploration/exec_exp
[0.068s] -- Up-to-date: /home/chathushka-sutd/ros2_ws_exp/install/exploration/share/exploration/include
[0.068s] -- Up-to-date: /home/chathushka-sutd/ros2_ws_exp/install/exploration/share/exploration/include/exploration
[0.068s] -- Up-to-date: /home/chathushka-sutd/ros2_ws_exp/install/exploration/share/exploration/include/exploration/colored_noise.h
[0.068s] -- Up-to-date: /home/chathushka-sutd/ros2_ws_exp/install/exploration/share/exploration/include/exploration/exploration_code.hpp
[0.068s] -- Up-to-date: /home/chathushka-sutd/ros2_ws_exp/install/exploration/share/exploration/launch
[0.068s] -- Up-to-date: /home/chathushka-sutd/ros2_ws_exp/install/exploration/share/exploration/launch/exp_launch.py
[0.068s] -- Up-to-date: /home/chathushka-sutd/ros2_ws_exp/install/exploration/share/ament_index/resource_index/package_run_dependencies/exploration
[0.068s] -- Up-to-date: /home/chathushka-sutd/ros2_ws_exp/install/exploration/share/ament_index/resource_index/parent_prefix_path/exploration
[0.068s] -- Up-to-date: /home/chathushka-sutd/ros2_ws_exp/install/exploration/share/exploration/environment/ament_prefix_path.sh
[0.068s] -- Up-to-date: /home/chathushka-sutd/ros2_ws_exp/install/exploration/share/exploration/environment/ament_prefix_path.dsv
[0.068s] -- Up-to-date: /home/chathushka-sutd/ros2_ws_exp/install/exploration/share/exploration/environment/path.sh
[0.068s] -- Up-to-date: /home/chathushka-sutd/ros2_ws_exp/install/exploration/share/exploration/environment/path.dsv
[0.068s] -- Up-to-date: /home/chathushka-sutd/ros2_ws_exp/install/exploration/share/exploration/local_setup.bash
[0.068s] -- Up-to-date: /home/chathushka-sutd/ros2_ws_exp/install/exploration/share/exploration/local_setup.sh
[0.068s] -- Up-to-date: /home/chathushka-sutd/ros2_ws_exp/install/exploration/share/exploration/local_setup.zsh
[0.068s] -- Up-to-date: /home/chathushka-sutd/ros2_ws_exp/install/exploration/share/exploration/local_setup.dsv
[0.069s] -- Installing: /home/chathushka-sutd/ros2_ws_exp/install/exploration/share/exploration/package.dsv
[0.069s] -- Up-to-date: /home/chathushka-sutd/ros2_ws_exp/install/exploration/share/ament_index/resource_index/packages/exploration
[0.069s] -- Up-to-date: /home/chathushka-sutd/ros2_ws_exp/install/exploration/share/exploration/cmake/explorationConfig.cmake
[0.069s] -- Up-to-date: /home/chathushka-sutd/ros2_ws_exp/install/exploration/share/exploration/cmake/explorationConfig-version.cmake
[0.069s] -- Up-to-date: /home/chathushka-sutd/ros2_ws_exp/install/exploration/share/exploration/package.xml
[0.070s] Invoked command in '/home/chathushka-sutd/ros2_ws_exp/build/exploration' returned '0': CMAKE_PREFIX_PATH=${CMAKE_PREFIX_PATH}:/home/chathushka-sutd/ros2_ws/install/my_package2:/opt/ros/humble /usr/bin/cmake --install /home/chathushka-sutd/ros2_ws_exp/build/exploration
