[ 25%] [32mBuilding CXX object CMakeFiles/exec_exp.dir/src/exploration_code.cpp.o[0m
[ 50%] [32m[1mLinking CXX executable exec_exp[0m
[100%] Built target exec_exp
-- Install configuration: ""
-- Installing: /home/chathushka-sutd/ros2_ws_exp/install/exploration/lib/exploration/exec_exp
-- Set runtime path of "/home/chathushka-sutd/ros2_ws_exp/install/exploration/lib/exploration/exec_exp" to ""
-- Up-to-date: /home/chathushka-sutd/ros2_ws_exp/install/exploration/share/exploration/include
-- Up-to-date: /home/chathushka-sutd/ros2_ws_exp/install/exploration/share/exploration/include/exploration
-- Up-to-date: /home/chathushka-sutd/ros2_ws_exp/install/exploration/share/exploration/include/exploration/colored_noise.h
-- Up-to-date: /home/chathushka-sutd/ros2_ws_exp/install/exploration/share/exploration/include/exploration/exploration_code.hpp
-- Up-to-date: /home/chathushka-sutd/ros2_ws_exp/install/exploration/share/exploration/launch
-- Up-to-date: /home/chathushka-sutd/ros2_ws_exp/install/exploration/share/exploration/launch/two_robot_exploration.launch.py
-- Up-to-date: /home/chathushka-sutd/ros2_ws_exp/install/exploration/share/exploration/launch/exp_launch.py
-- Up-to-date: /home/chathushka-sutd/ros2_ws_exp/install/exploration/share/exploration/config
-- Up-to-date: /home/chathushka-sutd/ros2_ws_exp/install/exploration/share/exploration/config/params.yaml
-- Up-to-date: /home/chathushka-sutd/ros2_ws_exp/install/exploration/share/ament_index/resource_index/package_run_dependencies/exploration
-- Up-to-date: /home/chathushka-sutd/ros2_ws_exp/install/exploration/share/ament_index/resource_index/parent_prefix_path/exploration
-- Up-to-date: /home/chathushka-sutd/ros2_ws_exp/install/exploration/share/exploration/environment/ament_prefix_path.sh
-- Up-to-date: /home/chathushka-sutd/ros2_ws_exp/install/exploration/share/exploration/environment/ament_prefix_path.dsv
-- Up-to-date: /home/chathushka-sutd/ros2_ws_exp/install/exploration/share/exploration/environment/path.sh
-- Up-to-date: /home/chathushka-sutd/ros2_ws_exp/install/exploration/share/exploration/environment/path.dsv
-- Up-to-date: /home/chathushka-sutd/ros2_ws_exp/install/exploration/share/exploration/local_setup.bash
-- Up-to-date: /home/chathushka-sutd/ros2_ws_exp/install/exploration/share/exploration/local_setup.sh
-- Up-to-date: /home/chathushka-sutd/ros2_ws_exp/install/exploration/share/exploration/local_setup.zsh
-- Up-to-date: /home/chathushka-sutd/ros2_ws_exp/install/exploration/share/exploration/local_setup.dsv
-- Installing: /home/chathushka-sutd/ros2_ws_exp/install/exploration/share/exploration/package.dsv
-- Up-to-date: /home/chathushka-sutd/ros2_ws_exp/install/exploration/share/ament_index/resource_index/packages/exploration
-- Up-to-date: /home/chathushka-sutd/ros2_ws_exp/install/exploration/share/exploration/cmake/explorationConfig.cmake
-- Up-to-date: /home/chathushka-sutd/ros2_ws_exp/install/exploration/share/exploration/cmake/explorationConfig-version.cmake
-- Up-to-date: /home/chathushka-sutd/ros2_ws_exp/install/exploration/share/exploration/package.xml
