[35m[1mConsolidate compiler generated dependencies of target exec_exp[0m
[ 33%] [32mBuilding CXX object CMakeFiles/exec_exp.dir/src/exploration_code.cpp.o[0m
[01m[K/home/chathushka-sutd/ros2_ws_exp/src/exploration/src/exploration_code.cpp:[m[K In constructor ‘[01m[Kexploration::MWFCN_Algo::MWFCN_Algo()[m[K’:
[01m[K/home/chathushka-sutd/ros2_ws_exp/src/exploration/src/exploration_code.cpp:11:7:[m[K [01;35m[Kwarning: [m[Klist-initializer for non-class type must not be parenthesized
   11 |       [01;35m[Krotation_w({0.866,  0.500, 1.0})[m[K,
      |       [01;35m[K^~~~~~~~~~~~~~~~~~~~~~~~~~~~~~~~[m[K
[01m[K/home/chathushka-sutd/ros2_ws_exp/src/exploration/src/exploration_code.cpp:12:7:[m[K [01;35m[Kwarning: [m[Klist-initializer for non-class type must not be parenthesized
   12 |       [01;35m[Krotation_z({0.5  , -0.866, 0.0})[m[K
      |       [01;35m[K^~~~~~~~~~~~~~~~~~~~~~~~~~~~~~~~[m[K
[01m[K/home/chathushka-sutd/ros2_ws_exp/src/exploration/src/exploration_code.cpp:27:11:[m[K [01;35m[Kwarning: [m[Kunused variable ‘[01m[KrateHz[m[K’ [[01;35m[K]8;;https://gcc.gnu.org/onlinedocs/gcc/Warning-Options.html#index-Wunused-variable-Wunused-variable]8;;[m[K]
   27 |       int [01;35m[KrateHz[m[K=this->get_parameter("rate").get_parameter_value().get<int>();
      |           [01;35m[K^~~~~~[m[K
[ 66%] [32m[1mLinking CXX executable exec_exp[0m
[100%] Built target exec_exp
-- Install configuration: ""
-- Execute custom install script
-- Up-to-date symlink: /home/chathushka-sutd/ros2_ws_exp/install/exploration/lib/exploration/exec_exp
-- Up-to-date symlink: /home/chathushka-sutd/ros2_ws_exp/install/exploration/share/exploration/include/exploration/colored_noise.h
-- Up-to-date symlink: /home/chathushka-sutd/ros2_ws_exp/install/exploration/share/exploration/include/exploration/exploration_code.hpp
-- Up-to-date symlink: /home/chathushka-sutd/ros2_ws_exp/install/exploration/share/exploration/launch/exp_launch.py
-- Up-to-date symlink: /home/chathushka-sutd/ros2_ws_exp/install/exploration/share/exploration/config/params.yaml
-- Up-to-date symlink: /home/chathushka-sutd/ros2_ws_exp/install/exploration/share/ament_index/resource_index/package_run_dependencies/exploration
-- Up-to-date symlink: /home/chathushka-sutd/ros2_ws_exp/install/exploration/share/ament_index/resource_index/parent_prefix_path/exploration
-- Up-to-date symlink: /home/chathushka-sutd/ros2_ws_exp/install/exploration/share/exploration/environment/ament_prefix_path.sh
-- Up-to-date symlink: /home/chathushka-sutd/ros2_ws_exp/install/exploration/share/exploration/environment/ament_prefix_path.dsv
-- Up-to-date symlink: /home/chathushka-sutd/ros2_ws_exp/install/exploration/share/exploration/environment/path.sh
-- Up-to-date symlink: /home/chathushka-sutd/ros2_ws_exp/install/exploration/share/exploration/environment/path.dsv
-- Up-to-date symlink: /home/chathushka-sutd/ros2_ws_exp/install/exploration/share/exploration/local_setup.bash
-- Up-to-date symlink: /home/chathushka-sutd/ros2_ws_exp/install/exploration/share/exploration/local_setup.sh
-- Up-to-date symlink: /home/chathushka-sutd/ros2_ws_exp/install/exploration/share/exploration/local_setup.zsh
-- Up-to-date symlink: /home/chathushka-sutd/ros2_ws_exp/install/exploration/share/exploration/local_setup.dsv
-- Symlinking: /home/chathushka-sutd/ros2_ws_exp/install/exploration/share/exploration/package.dsv
-- Up-to-date symlink: /home/chathushka-sutd/ros2_ws_exp/install/exploration/share/ament_index/resource_index/packages/exploration
-- Up-to-date symlink: /home/chathushka-sutd/ros2_ws_exp/install/exploration/share/exploration/cmake/explorationConfig.cmake
-- Up-to-date symlink: /home/chathushka-sutd/ros2_ws_exp/install/exploration/share/exploration/cmake/explorationConfig-version.cmake
-- Up-to-date symlink: /home/chathushka-sutd/ros2_ws_exp/install/exploration/share/exploration/package.xml
