[0.014s] Invoking command in '/home/chathushka-sutd/ros2_ws_exp/build/exploration': CMAKE_PREFIX_PATH=${CMAKE_PREFIX_PATH}:/home/chathushka-sutd/ros2_ws/install/my_package2:/opt/ros/humble /usr/bin/cmake --build /home/chathushka-sutd/ros2_ws_exp/build/exploration -- -j16 -l16
[0.036s] [35m[1mConsolidate compiler generated dependencies of target exec_exp[0m
[0.048s] [ 33%] [32mBuilding CXX object CMakeFiles/exec_exp.dir/src/exploration_code.cpp.o[0m
[3.675s] [ 66%] [32m[1mLinking CXX executable exec_exp[0m
[3.824s] [100%] Built target exec_exp
[3.834s] Invoked command in '/home/chathushka-sutd/ros2_ws_exp/build/exploration' returned '0': CMAKE_PREFIX_PATH=${CMAKE_PREFIX_PATH}:/home/chathushka-sutd/ros2_ws/install/my_package2:/opt/ros/humble /usr/bin/cmake --build /home/chathushka-sutd/ros2_ws_exp/build/exploration -- -j16 -l16
[3.852s] Invoking command in '/home/chathushka-sutd/ros2_ws_exp/build/exploration': CMAKE_PREFIX_PATH=${CMAKE_PREFIX_PATH}:/home/chathushka-sutd/ros2_ws/install/my_package2:/opt/ros/humble /usr/bin/cmake --install /home/chathushka-sutd/ros2_ws_exp/build/exploration
[3.856s] -- Install configuration: ""
[3.856s] -- Execute custom install script
[3.856s] -- Up-to-date symlink: /home/chathushka-sutd/ros2_ws_exp/install/exploration/lib/exploration/exec_exp
[3.857s] -- Up-to-date symlink: /home/chathushka-sutd/ros2_ws_exp/install/exploration/share/exploration/include/exploration/colored_noise.h
[3.857s] -- Up-to-date symlink: /home/chathushka-sutd/ros2_ws_exp/install/exploration/share/exploration/include/exploration/exploration_code.hpp
[3.857s] -- Up-to-date symlink: /home/chathushka-sutd/ros2_ws_exp/install/exploration/share/exploration/launch/exp_launch.py
[3.857s] -- Up-to-date symlink: /home/chathushka-sutd/ros2_ws_exp/install/exploration/share/exploration/config/params.yaml
[3.857s] -- Up-to-date symlink: /home/chathushka-sutd/ros2_ws_exp/install/exploration/share/ament_index/resource_index/package_run_dependencies/exploration
[3.857s] -- Up-to-date symlink: /home/chathushka-sutd/ros2_ws_exp/install/exploration/share/ament_index/resource_index/parent_prefix_path/exploration
[3.857s] -- Up-to-date symlink: /home/chathushka-sutd/ros2_ws_exp/install/exploration/share/exploration/environment/ament_prefix_path.sh
[3.857s] -- Up-to-date symlink: /home/chathushka-sutd/ros2_ws_exp/install/exploration/share/exploration/environment/ament_prefix_path.dsv
[3.857s] -- Up-to-date symlink: /home/chathushka-sutd/ros2_ws_exp/install/exploration/share/exploration/environment/path.sh
[3.858s] -- Up-to-date symlink: /home/chathushka-sutd/ros2_ws_exp/install/exploration/share/exploration/environment/path.dsv
[3.858s] -- Up-to-date symlink: /home/chathushka-sutd/ros2_ws_exp/install/exploration/share/exploration/local_setup.bash
[3.858s] -- Up-to-date symlink: /home/chathushka-sutd/ros2_ws_exp/install/exploration/share/exploration/local_setup.sh
[3.858s] -- Up-to-date symlink: /home/chathushka-sutd/ros2_ws_exp/install/exploration/share/exploration/local_setup.zsh
[3.858s] -- Up-to-date symlink: /home/chathushka-sutd/ros2_ws_exp/install/exploration/share/exploration/local_setup.dsv
[3.858s] -- Symlinking: /home/chathushka-sutd/ros2_ws_exp/install/exploration/share/exploration/package.dsv
[3.863s] -- Up-to-date symlink: /home/chathushka-sutd/ros2_ws_exp/install/exploration/share/ament_index/resource_index/packages/exploration
[3.864s] -- Up-to-date symlink: /home/chathushka-sutd/ros2_ws_exp/install/exploration/share/exploration/cmake/explorationConfig.cmake
[3.864s] -- Up-to-date symlink: /home/chathushka-sutd/ros2_ws_exp/install/exploration/share/exploration/cmake/explorationConfig-version.cmake
[3.864s] -- Up-to-date symlink: /home/chathushka-sutd/ros2_ws_exp/install/exploration/share/exploration/package.xml
[3.866s] Invoked command in '/home/chathushka-sutd/ros2_ws_exp/build/exploration' returned '0': CMAKE_PREFIX_PATH=${CMAKE_PREFIX_PATH}:/home/chathushka-sutd/ros2_ws/install/my_package2:/opt/ros/humble /usr/bin/cmake --install /home/chathushka-sutd/ros2_ws_exp/build/exploration
