[01m[K/home/chathushka-sutd/ros2_ws_exp/src/exploration/src/exploration_code.cpp:[m[K In constructor ‘[01m[Kexploration::MWFCN_Algo::MWFCN_Algo()[m[K’:
[01m[K/home/chathushka-sutd/ros2_ws_exp/src/exploration/src/exploration_code.cpp:48:107:[m[K [01;31m[Kerror: [m[K‘[01m[KmapCallBack[m[K’ is not a member of ‘[01m[Kexploration::MWFCN_Algo[m[K’
   48 | create_subscription<nav_msgs::msg::OccupancyGrid>(map_topic, 10, std::bind(&MWFCN_Algo::[01;31m[KmapCallBack[m[K, this, _1));
      |                                                                                         [01;31m[K^~~~~~~~~~~[m[K

[01m[K/home/chathushka-sutd/ros2_ws_exp/src/exploration/src/exploration_code.cpp:48:126:[m[K [01;31m[Kerror: [m[K‘[01m[K_1[m[K’ was not declared in this scope; did you mean ‘[01m[Kstd::placeholders::_1[m[K’?
   48 | iption<nav_msgs::msg::OccupancyGrid>(map_topic, 10, std::bind(&MWFCN_Algo::mapCallBack, this, [01;31m[K_1[m[K));
      |                                                                                               [01;31m[K^~[m[K
      |                                                                                               [32m[Kstd::placeholders::_1[m[K
In file included from [01m[K/usr/include/c++/11/pstl/glue_algorithm_defs.h:13[m[K,
                 from [01m[K/usr/include/c++/11/algorithm:74[m[K,
                 from [01m[K/opt/ros/humble/include/rclcpp/rclcpp/executor.hpp:18[m[K,
                 from [01m[K/opt/ros/humble/include/rclcpp/rclcpp/executors/multi_threaded_executor.hpp:25[m[K,
                 from [01m[K/opt/ros/humble/include/rclcpp/rclcpp/executors.hpp:21[m[K,
                 from [01m[K/opt/ros/humble/include/rclcpp/rclcpp/rclcpp.hpp:155[m[K,
                 from [01m[K/home/chathushka-sutd/ros2_ws_exp/src/exploration/include/exploration/exploration_code.hpp:5[m[K,
                 from [01m[K/home/chathushka-sutd/ros2_ws_exp/src/exploration/src/exploration_code.cpp:1[m[K:
[01m[K/usr/include/c++/11/functional:225:34:[m[K [01;36m[Knote: [m[K‘[01m[Kstd::placeholders::_1[m[K’ declared here
  225 |     extern const _Placeholder<1> [01;36m[K_1[m[K;
      |                                  [01;36m[K^~[m[K
[01m[K/home/chathushka-sutd/ros2_ws_exp/src/exploration/src/exploration_code.cpp:49:118:[m[K [01;31m[Kerror: [m[K‘[01m[KcostmapMergedCallBack[m[K’ is not a member of ‘[01m[Kexploration::MWFCN_Algo[m[K’
   49 | te_subscription<nav_msgs::msg::OccupancyGrid>(costmap_topic, 20, std::bind(&MWFCN_Algo::[01;31m[KcostmapMergedCallBack[m[K, this, _1));
      |                                                                                         [01;31m[K^~~~~~~~~~~~~~~~~~~~~[m[K

[01m[K/home/chathushka-sutd/ros2_ws_exp/src/exploration/src/exploration_code.cpp:50:123:[m[K [01;31m[Kerror: [m[K‘[01m[KrvizCallBack[m[K’ is not a member of ‘[01m[Kexploration::MWFCN_Algo[m[K’
   50 | cription<geometry_msgs::msg::PointStamped>("/clicked_point", 10, std::bind(&MWFCN_Algo::[01;31m[KrvizCallBack[m[K, this, _1));
      |                                                                                         [01;31m[K^~~~~~~~~~~~[m[K

[01m[K/home/chathushka-sutd/ros2_ws_exp/src/exploration/src/exploration_code.cpp:[m[K At global scope:
[01m[K/home/chathushka-sutd/ros2_ws_exp/src/exploration/src/exploration_code.cpp:65:79:[m[K [01;35m[Kwarning: [m[K‘[01m[Knav_msgs::msg::OccupancyGrid_<std::allocator<void> >::ConstPtr[m[K’ is deprecated [[01;35m[K]8;;https://gcc.gnu.org/onlinedocs/gcc/Warning-Options.html#index-Wdeprecated-declarations-Wdeprecated-declarations]8;;[m[K]
   65 | void MWFCN_Algo::mapCallBack(const nav_msgs::msg::OccupancyGrid::ConstPtr& msg[01;35m[K)[m[K
      |                                                                               [01;35m[K^[m[K
In file included from [01m[K/opt/ros/humble/include/nav_msgs/nav_msgs/msg/occupancy_grid.hpp:7[m[K,
                 from [01m[K/home/chathushka-sutd/ros2_ws_exp/src/exploration/include/exploration/exploration_code.hpp:7[m[K,
                 from [01m[K/home/chathushka-sutd/ros2_ws_exp/src/exploration/src/exploration_code.cpp:1[m[K:
[01m[K/opt/ros/humble/include/nav_msgs/nav_msgs/msg/detail/occupancy_grid__struct.hpp:124:5:[m[K [01;36m[Knote: [m[Kdeclared here
  124 |     [01;36m[KConstPtr[m[K;
      |     [01;36m[K^~~~~~~~[m[K
[01m[K/home/chathushka-sutd/ros2_ws_exp/src/exploration/src/exploration_code.cpp:65:6:[m[K [01;31m[Kerror: [m[Kno declaration matches ‘[01m[Kvoid exploration::MWFCN_Algo::mapCallBack(const ConstPtr&)[m[K’
   65 | void [01;31m[KMWFCN_Algo[m[K::mapCallBack(const nav_msgs::msg::OccupancyGrid::ConstPtr& msg)
      |      [01;31m[K^~~~~~~~~~[m[K
[01m[K/home/chathushka-sutd/ros2_ws_exp/src/exploration/src/exploration_code.cpp:65:6:[m[K [01;36m[Knote: [m[Kno functions named ‘[01m[Kvoid exploration::MWFCN_Algo::mapCallBack(const ConstPtr&)[m[K’
In file included from [01m[K/home/chathushka-sutd/ros2_ws_exp/src/exploration/src/exploration_code.cpp:1[m[K:
[01m[K/home/chathushka-sutd/ros2_ws_exp/src/exploration/include/exploration/exploration_code.hpp:17:9:[m[K [01;36m[Knote: [m[K‘[01m[Kclass exploration::MWFCN_Algo[m[K’ defined here
   17 |   class [01;36m[KMWFCN_Algo[m[K : public rclcpp::Node
      |         [01;36m[K^~~~~~~~~~[m[K
[01m[K/home/chathushka-sutd/ros2_ws_exp/src/exploration/src/exploration_code.cpp:73:89:[m[K [01;35m[Kwarning: [m[K‘[01m[Knav_msgs::msg::OccupancyGrid_<std::allocator<void> >::ConstPtr[m[K’ is deprecated [[01;35m[K]8;;https://gcc.gnu.org/onlinedocs/gcc/Warning-Options.html#index-Wdeprecated-declarations-Wdeprecated-declarations]8;;[m[K]
   73 | void MWFCN_Algo::costmapMergedCallBack(const nav_msgs::msg::OccupancyGrid::ConstPtr& msg[01;35m[K)[m[K
      |                                                                                         [01;35m[K^[m[K
In file included from [01m[K/opt/ros/humble/include/nav_msgs/nav_msgs/msg/occupancy_grid.hpp:7[m[K,
                 from [01m[K/home/chathushka-sutd/ros2_ws_exp/src/exploration/include/exploration/exploration_code.hpp:7[m[K,
                 from [01m[K/home/chathushka-sutd/ros2_ws_exp/src/exploration/src/exploration_code.cpp:1[m[K:
[01m[K/opt/ros/humble/include/nav_msgs/nav_msgs/msg/detail/occupancy_grid__struct.hpp:124:5:[m[K [01;36m[Knote: [m[Kdeclared here
  124 |     [01;36m[KConstPtr[m[K;
      |     [01;36m[K^~~~~~~~[m[K
[01m[K/home/chathushka-sutd/ros2_ws_exp/src/exploration/src/exploration_code.cpp:73:6:[m[K [01;31m[Kerror: [m[Kno declaration matches ‘[01m[Kvoid exploration::MWFCN_Algo::costmapMergedCallBack(const ConstPtr&)[m[K’
   73 | void [01;31m[KMWFCN_Algo[m[K::costmapMergedCallBack(const nav_msgs::msg::OccupancyGrid::ConstPtr& msg)
      |      [01;31m[K^~~~~~~~~~[m[K
[01m[K/home/chathushka-sutd/ros2_ws_exp/src/exploration/src/exploration_code.cpp:73:6:[m[K [01;36m[Knote: [m[Kno functions named ‘[01m[Kvoid exploration::MWFCN_Algo::costmapMergedCallBack(const ConstPtr&)[m[K’
In file included from [01m[K/home/chathushka-sutd/ros2_ws_exp/src/exploration/src/exploration_code.cpp:1[m[K:
[01m[K/home/chathushka-sutd/ros2_ws_exp/src/exploration/include/exploration/exploration_code.hpp:17:9:[m[K [01;36m[Knote: [m[K‘[01m[Kclass exploration::MWFCN_Algo[m[K’ defined here
   17 |   class [01;36m[KMWFCN_Algo[m[K : public rclcpp::Node
      |         [01;36m[K^~~~~~~~~~[m[K
[01m[K/home/chathushka-sutd/ros2_ws_exp/src/exploration/src/exploration_code.cpp:82:71:[m[K [01;31m[Kerror: [m[K‘[01m[KConstPt[m[K’ in ‘[01m[Kusing PointStamped = struct geometry_msgs::msg::PointStamped_<std::allocator<void> >[m[K’ {aka ‘[01m[Kstruct geometry_msgs::msg::PointStamped_<std::allocator<void> >[m[K’} does not name a type
   82 | void MWFCN_Algo::rvizCallBack(const geometry_msgs::msg::PointStamped::[01;31m[KConstPt[m[K& msg)
      |                                                                       [01;31m[K^~~~~~~[m[K
[01m[K/home/chathushka-sutd/ros2_ws_exp/src/exploration/src/exploration_code.cpp:82:6:[m[K [01;31m[Kerror: [m[Kno declaration matches ‘[01m[Kvoid exploration::MWFCN_Algo::rvizCallBack(const int&)[m[K’
   82 | void [01;31m[KMWFCN_Algo[m[K::rvizCallBack(const geometry_msgs::msg::PointStamped::ConstPt& msg)
      |      [01;31m[K^~~~~~~~~~[m[K
[01m[K/home/chathushka-sutd/ros2_ws_exp/src/exploration/src/exploration_code.cpp:82:6:[m[K [01;36m[Knote: [m[Kno functions named ‘[01m[Kvoid exploration::MWFCN_Algo::rvizCallBack(const int&)[m[K’
In file included from [01m[K/home/chathushka-sutd/ros2_ws_exp/src/exploration/src/exploration_code.cpp:1[m[K:
[01m[K/home/chathushka-sutd/ros2_ws_exp/src/exploration/include/exploration/exploration_code.hpp:17:9:[m[K [01;36m[Knote: [m[K‘[01m[Kclass exploration::MWFCN_Algo[m[K’ defined here
   17 |   class [01;36m[KMWFCN_Algo[m[K : public rclcpp::Node
      |         [01;36m[K^~~~~~~~~~[m[K
gmake[2]: *** [CMakeFiles/exec_exp.dir/build.make:76: CMakeFiles/exec_exp.dir/src/exploration_code.cpp.o] Error 1
gmake[1]: *** [CMakeFiles/Makefile2:137: CMakeFiles/exec_exp.dir/all] Error 2
gmake: *** [Makefile:146: all] Error 2
