[35m[1mConsolidate compiler generated dependencies of target exec_exp[0m
[ 33%] [32mBuilding CXX object CMakeFiles/exec_exp.dir/src/exploration_node.cpp.o[0m
[ 66%] [32m[1mLinking CXX executable exec_exp[0m
[100%] Built target exec_exp
-- Install configuration: ""
-- Installing: /home/chathushka-sutd/ros2_ws_exp/install/exploration/lib/exploration/exec_exp
-- Set runtime path of "/home/chathushka-sutd/ros2_ws_exp/install/exploration/lib/exploration/exec_exp" to ""
-- Installing: /home/chathushka-sutd/ros2_ws_exp/install/exploration/share/exploration/include
-- Installing: /home/chathushka-sutd/ros2_ws_exp/install/exploration/share/exploration/include/exploration
-- Installing: /home/chathushka-sutd/ros2_ws_exp/install/exploration/share/exploration/include/exploration/colored_noise.h
-- Installing: /home/chathushka-sutd/ros2_ws_exp/install/exploration/share/exploration/include/exploration/exploration_code.hpp
-- Installing: /home/chathushka-sutd/ros2_ws_exp/install/exploration/share/exploration/launch
-- Installing: /home/chathushka-sutd/ros2_ws_exp/install/exploration/share/exploration/launch/exp_launch.py
-- Installing: /home/chathushka-sutd/ros2_ws_exp/install/exploration/share/ament_index/resource_index/package_run_dependencies/exploration
-- Installing: /home/chathushka-sutd/ros2_ws_exp/install/exploration/share/ament_index/resource_index/parent_prefix_path/exploration
-- Installing: /home/chathushka-sutd/ros2_ws_exp/install/exploration/share/exploration/environment/ament_prefix_path.sh
-- Installing: /home/chathushka-sutd/ros2_ws_exp/install/exploration/share/exploration/environment/ament_prefix_path.dsv
-- Installing: /home/chathushka-sutd/ros2_ws_exp/install/exploration/share/exploration/environment/path.sh
-- Installing: /home/chathushka-sutd/ros2_ws_exp/install/exploration/share/exploration/environment/path.dsv
-- Installing: /home/chathushka-sutd/ros2_ws_exp/install/exploration/share/exploration/local_setup.bash
-- Installing: /home/chathushka-sutd/ros2_ws_exp/install/exploration/share/exploration/local_setup.sh
-- Installing: /home/chathushka-sutd/ros2_ws_exp/install/exploration/share/exploration/local_setup.zsh
-- Installing: /home/chathushka-sutd/ros2_ws_exp/install/exploration/share/exploration/local_setup.dsv
-- Installing: /home/chathushka-sutd/ros2_ws_exp/install/exploration/share/exploration/package.dsv
-- Installing: /home/chathushka-sutd/ros2_ws_exp/install/exploration/share/ament_index/resource_index/packages/exploration
-- Installing: /home/chathushka-sutd/ros2_ws_exp/install/exploration/share/exploration/cmake/explorationConfig.cmake
-- Installing: /home/chathushka-sutd/ros2_ws_exp/install/exploration/share/exploration/cmake/explorationConfig-version.cmake
-- Installing: /home/chathushka-sutd/ros2_ws_exp/install/exploration/share/exploration/package.xml
