[0.013s] Invoking command in '/home/chathushka-sutd/ros2_ws_exp/build/exploration': CMAKE_PREFIX_PATH=${CMAKE_PREFIX_PATH}:/home/chathushka-sutd/ros2_ws/install/my_package2:/opt/ros/humble /usr/bin/cmake --build /home/chathushka-sutd/ros2_ws_exp/build/exploration -- -j16 -l16
[0.035s] [35m[1mConsolidate compiler generated dependencies of target exec_exp[0m
[0.046s] [ 33%] [32mBuilding CXX object CMakeFiles/exec_exp.dir/src/exploration_node.cpp.o[0m
[1.853s] [ 66%] [32m[1mLinking CXX executable exec_exp[0m
[1.960s] [100%] Built target exec_exp
[1.970s] Invoked command in '/home/chathushka-sutd/ros2_ws_exp/build/exploration' returned '0': CMAKE_PREFIX_PATH=${CMAKE_PREFIX_PATH}:/home/chathushka-sutd/ros2_ws/install/my_package2:/opt/ros/humble /usr/bin/cmake --build /home/chathushka-sutd/ros2_ws_exp/build/exploration -- -j16 -l16
[1.982s] Invoking command in '/home/chathushka-sutd/ros2_ws_exp/build/exploration': CMAKE_PREFIX_PATH=${CMAKE_PREFIX_PATH}:/home/chathushka-sutd/ros2_ws/install/my_package2:/opt/ros/humble /usr/bin/cmake --install /home/chathushka-sutd/ros2_ws_exp/build/exploration
[1.986s] -- Install configuration: ""
[1.986s] -- Installing: /home/chathushka-sutd/ros2_ws_exp/install/exploration/lib/exploration/exec_exp
[1.986s] -- Set runtime path of "/home/chathushka-sutd/ros2_ws_exp/install/exploration/lib/exploration/exec_exp" to ""
[1.986s] -- Installing: /home/chathushka-sutd/ros2_ws_exp/install/exploration/share/exploration/include
[1.987s] -- Installing: /home/chathushka-sutd/ros2_ws_exp/install/exploration/share/exploration/include/exploration
[1.987s] -- Installing: /home/chathushka-sutd/ros2_ws_exp/install/exploration/share/exploration/include/exploration/colored_noise.h
[1.987s] -- Installing: /home/chathushka-sutd/ros2_ws_exp/install/exploration/share/exploration/include/exploration/exploration_code.hpp
[1.987s] -- Installing: /home/chathushka-sutd/ros2_ws_exp/install/exploration/share/exploration/launch
[1.987s] -- Installing: /home/chathushka-sutd/ros2_ws_exp/install/exploration/share/exploration/launch/exp_launch.py
[1.987s] -- Installing: /home/chathushka-sutd/ros2_ws_exp/install/exploration/share/ament_index/resource_index/package_run_dependencies/exploration
[1.987s] -- Installing: /home/chathushka-sutd/ros2_ws_exp/install/exploration/share/ament_index/resource_index/parent_prefix_path/exploration
[1.987s] -- Installing: /home/chathushka-sutd/ros2_ws_exp/install/exploration/share/exploration/environment/ament_prefix_path.sh
[1.987s] -- Installing: /home/chathushka-sutd/ros2_ws_exp/install/exploration/share/exploration/environment/ament_prefix_path.dsv
[1.987s] -- Installing: /home/chathushka-sutd/ros2_ws_exp/install/exploration/share/exploration/environment/path.sh
[1.987s] -- Installing: /home/chathushka-sutd/ros2_ws_exp/install/exploration/share/exploration/environment/path.dsv
[1.987s] -- Installing: /home/chathushka-sutd/ros2_ws_exp/install/exploration/share/exploration/local_setup.bash
[1.987s] -- Installing: /home/chathushka-sutd/ros2_ws_exp/install/exploration/share/exploration/local_setup.sh
[1.987s] -- Installing: /home/chathushka-sutd/ros2_ws_exp/install/exploration/share/exploration/local_setup.zsh
[1.987s] -- Installing: /home/chathushka-sutd/ros2_ws_exp/install/exploration/share/exploration/local_setup.dsv
[1.987s] -- Installing: /home/chathushka-sutd/ros2_ws_exp/install/exploration/share/exploration/package.dsv
[1.988s] -- Installing: /home/chathushka-sutd/ros2_ws_exp/install/exploration/share/ament_index/resource_index/packages/exploration
[1.988s] -- Installing: /home/chathushka-sutd/ros2_ws_exp/install/exploration/share/exploration/cmake/explorationConfig.cmake
[1.988s] -- Installing: /home/chathushka-sutd/ros2_ws_exp/install/exploration/share/exploration/cmake/explorationConfig-version.cmake
[1.988s] -- Installing: /home/chathushka-sutd/ros2_ws_exp/install/exploration/share/exploration/package.xml
[1.990s] Invoked command in '/home/chathushka-sutd/ros2_ws_exp/build/exploration' returned '0': CMAKE_PREFIX_PATH=${CMAKE_PREFIX_PATH}:/home/chathushka-sutd/ros2_ws/install/my_package2:/opt/ros/humble /usr/bin/cmake --install /home/chathushka-sutd/ros2_ws_exp/build/exploration
