[0.008s] Invoking command in '/home/chathushka-sutd/ros2_ws_exp/build/sim_env': CMAKE_PREFIX_PATH=${CMAKE_PREFIX_PATH}:/home/chathushka-sutd/ros2_ws/install/my_package2:/opt/ros/humble /usr/bin/cmake /home/chathushka-sutd/ros2_ws_exp/src/sim_env -DCMAKE_INSTALL_PREFIX=/home/chathushka-sutd/ros2_ws_exp/install/sim_env
[0.036s] -- The C compiler identification is GNU 11.3.0
[0.067s] -- The CXX compiler identification is GNU 11.3.0
[0.071s] -- Detecting C compiler ABI info
[0.107s] -- Detecting C compiler ABI info - done
[0.112s] -- Check for working C compiler: /usr/bin/cc - skipped
[0.112s] -- Detecting C compile features
[0.113s] -- Detecting C compile features - done
[0.115s] -- Detecting CXX compiler ABI info
[0.157s] -- Detecting CXX compiler ABI info - done
[0.162s] -- Check for working CXX compiler: /usr/bin/c++ - skipped
[0.162s] -- Detecting CXX compile features
[0.163s] -- Detecting CXX compile features - done
[0.164s] -- Found ament_cmake: 1.3.3 (/opt/ros/humble/share/ament_cmake/cmake)
[0.269s] -- Found Python3: /usr/bin/python3.10 (found version "3.10.6") found components: Interpreter 
[0.336s] -- Found ament_lint_auto: 0.12.5 (/opt/ros/humble/share/ament_lint_auto/cmake)
[0.386s] -- Added test 'flake8' to check Python code syntax and style conventions
[0.386s] -- Added test 'lint_cmake' to check CMake code style
[0.386s] -- Added test 'pep257' to check Python code against some of the docstring style conventions in PEP 257
[0.387s] -- Added test 'xmllint' to check XML markup files
[0.387s] -- Configuring done
[0.389s] -- Generating done
[0.389s] -- Build files have been written to: /home/chathushka-sutd/ros2_ws_exp/build/sim_env
[0.392s] Invoked command in '/home/chathushka-sutd/ros2_ws_exp/build/sim_env' returned '0': CMAKE_PREFIX_PATH=${CMAKE_PREFIX_PATH}:/home/chathushka-sutd/ros2_ws/install/my_package2:/opt/ros/humble /usr/bin/cmake /home/chathushka-sutd/ros2_ws_exp/src/sim_env -DCMAKE_INSTALL_PREFIX=/home/chathushka-sutd/ros2_ws_exp/install/sim_env
[0.394s] Invoking command in '/home/chathushka-sutd/ros2_ws_exp/build/sim_env': CMAKE_PREFIX_PATH=${CMAKE_PREFIX_PATH}:/home/chathushka-sutd/ros2_ws/install/my_package2:/opt/ros/humble /usr/bin/cmake --build /home/chathushka-sutd/ros2_ws_exp/build/sim_env -- -j16 -l16
[0.411s] Invoked command in '/home/chathushka-sutd/ros2_ws_exp/build/sim_env' returned '0': CMAKE_PREFIX_PATH=${CMAKE_PREFIX_PATH}:/home/chathushka-sutd/ros2_ws/install/my_package2:/opt/ros/humble /usr/bin/cmake --build /home/chathushka-sutd/ros2_ws_exp/build/sim_env -- -j16 -l16
[0.426s] Invoking command in '/home/chathushka-sutd/ros2_ws_exp/build/sim_env': CMAKE_PREFIX_PATH=${CMAKE_PREFIX_PATH}:/home/chathushka-sutd/ros2_ws/install/my_package2:/opt/ros/humble /usr/bin/cmake --install /home/chathushka-sutd/ros2_ws_exp/build/sim_env
[0.430s] -- Install configuration: ""
[0.430s] -- Installing: /home/chathushka-sutd/ros2_ws_exp/install/sim_env/share/sim_env//launch
[0.430s] -- Installing: /home/chathushka-sutd/ros2_ws_exp/install/sim_env/share/sim_env//launch/multi_tb3_simulation_launch.py
[0.430s] -- Installing: /home/chathushka-sutd/ros2_ws_exp/install/sim_env/share/sim_env//worlds
[0.430s] -- Installing: /home/chathushka-sutd/ros2_ws_exp/install/sim_env/share/sim_env//worlds/map2.world
[0.430s] -- Installing: /home/chathushka-sutd/ros2_ws_exp/install/sim_env/share/sim_env//worlds/map1.world
[0.430s] -- Installing: /home/chathushka-sutd/ros2_ws_exp/install/sim_env/share/ament_index/resource_index/package_run_dependencies/sim_env
[0.430s] -- Installing: /home/chathushka-sutd/ros2_ws_exp/install/sim_env/share/ament_index/resource_index/parent_prefix_path/sim_env
[0.430s] -- Installing: /home/chathushka-sutd/ros2_ws_exp/install/sim_env/share/sim_env/environment/ament_prefix_path.sh
[0.430s] -- Installing: /home/chathushka-sutd/ros2_ws_exp/install/sim_env/share/sim_env/environment/ament_prefix_path.dsv
[0.430s] -- Installing: /home/chathushka-sutd/ros2_ws_exp/install/sim_env/share/sim_env/environment/path.sh
[0.431s] -- Installing: /home/chathushka-sutd/ros2_ws_exp/install/sim_env/share/sim_env/environment/path.dsv
[0.431s] -- Installing: /home/chathushka-sutd/ros2_ws_exp/install/sim_env/share/sim_env/local_setup.bash
[0.431s] -- Installing: /home/chathushka-sutd/ros2_ws_exp/install/sim_env/share/sim_env/local_setup.sh
[0.431s] -- Installing: /home/chathushka-sutd/ros2_ws_exp/install/sim_env/share/sim_env/local_setup.zsh
[0.431s] -- Installing: /home/chathushka-sutd/ros2_ws_exp/install/sim_env/share/sim_env/local_setup.dsv
[0.431s] -- Installing: /home/chathushka-sutd/ros2_ws_exp/install/sim_env/share/sim_env/package.dsv
[0.431s] -- Installing: /home/chathushka-sutd/ros2_ws_exp/install/sim_env/share/ament_index/resource_index/packages/sim_env
[0.431s] -- Installing: /home/chathushka-sutd/ros2_ws_exp/install/sim_env/share/sim_env/cmake/sim_envConfig.cmake
[0.431s] -- Installing: /home/chathushka-sutd/ros2_ws_exp/install/sim_env/share/sim_env/cmake/sim_envConfig-version.cmake
[0.431s] -- Installing: /home/chathushka-sutd/ros2_ws_exp/install/sim_env/share/sim_env/package.xml
[0.432s] Invoked command in '/home/chathushka-sutd/ros2_ws_exp/build/sim_env' returned '0': CMAKE_PREFIX_PATH=${CMAKE_PREFIX_PATH}:/home/chathushka-sutd/ros2_ws/install/my_package2:/opt/ros/humble /usr/bin/cmake --install /home/chathushka-sutd/ros2_ws_exp/build/sim_env
