[0.023s] Invoking command in '/home/chathushka-sutd/ros2_ws_exp/build/autolab_core': /usr/bin/cmake /home/chathushka-sutd/ros2_ws_exp/src/autolab_core -DCATKIN_INSTALL_INTO_PREFIX_ROOT=0 -DCMAKE_INSTALL_PREFIX=/home/chathushka-sutd/ros2_ws_exp/install/autolab_core
[0.028s] [0mCMake Deprecation Warning at CMakeLists.txt:1 (cmake_minimum_required):
[0.028s]   Compatibility with CMake < 2.8.12 will be removed from a future version of
[0.028s]   CMake.
[0.028s] 
[0.029s]   Update the VERSION argument <min> value or use a ...<max> suffix to tell
[0.029s]   CMake that the project does not need compatibility with older versions.
[0.029s] 
[0.029s] [0m
[0.094s] -- The C compiler identification is GNU 11.3.0
[0.151s] -- The CXX compiler identification is GNU 11.3.0
[0.159s] -- Detecting C compiler ABI info
[0.198s] -- Detecting C compiler ABI info - done
[0.204s] -- Check for working C compiler: /usr/bin/cc - skipped
[0.204s] -- Detecting C compile features
[0.204s] -- Detecting C compile features - done
[0.207s] -- Detecting CXX compiler ABI info
[0.253s] -- Detecting CXX compiler ABI info - done
[0.258s] -- Check for working CXX compiler: /usr/bin/c++ - skipped
[0.259s] -- Detecting CXX compile features
[0.259s] -- Detecting CXX compile features - done
[0.268s] [31mCMake Error at CMakeLists.txt:7 (find_package):
[0.268s]   By not providing "Findcatkin.cmake" in CMAKE_MODULE_PATH this project has
[0.268s]   asked CMake to find a package configuration file provided by "catkin", but
[0.269s]   CMake did not find one.
[0.269s] 
[0.269s]   Could not find a package configuration file provided by "catkin" with any
[0.269s]   of the following names:
[0.269s] 
[0.269s]     catkinConfig.cmake
[0.269s]     catkin-config.cmake
[0.269s] 
[0.269s]   Add the installation prefix of "catkin" to CMAKE_PREFIX_PATH or set
[0.269s]   "catkin_DIR" to a directory containing one of the above files.  If "catkin"
[0.270s]   provides a separate development package or SDK, be sure it has been
[0.270s]   installed.
[0.270s] 
[0.270s] [0m
[0.270s] -- Configuring incomplete, errors occurred!
[0.270s] See also "/home/chathushka-sutd/ros2_ws_exp/build/autolab_core/CMakeFiles/CMakeOutput.log".
[0.271s] Invoked command in '/home/chathushka-sutd/ros2_ws_exp/build/autolab_core' returned '1': /usr/bin/cmake /home/chathushka-sutd/ros2_ws_exp/src/autolab_core -DCATKIN_INSTALL_INTO_PREFIX_ROOT=0 -DCMAKE_INSTALL_PREFIX=/home/chathushka-sutd/ros2_ws_exp/install/autolab_core
