[0.013s] Invoking command in '/home/chathushka-sutd/ros2_ws_exp/build/exploration': CMAKE_PREFIX_PATH=${CMAKE_PREFIX_PATH}:/home/chathushka-sutd/ros2_ws/install/my_package2:/opt/ros/humble /usr/bin/cmake --build /home/chathushka-sutd/ros2_ws_exp/build/exploration -- -j16 -l16
[0.036s] [35m[1mConsolidate compiler generated dependencies of target exec_exp[0m
[0.047s] [ 33%] [32mBuilding CXX object CMakeFiles/exec_exp.dir/src/exploration_code.cpp.o[0m
[2.801s] [ 66%] [32m[1mLinking CXX executable exec_exp[0m
[2.910s] [100%] Built target exec_exp
[2.919s] Invoked command in '/home/chathushka-sutd/ros2_ws_exp/build/exploration' returned '0': CMAKE_PREFIX_PATH=${CMAKE_PREFIX_PATH}:/home/chathushka-sutd/ros2_ws/install/my_package2:/opt/ros/humble /usr/bin/cmake --build /home/chathushka-sutd/ros2_ws_exp/build/exploration -- -j16 -l16
[2.933s] Invoking command in '/home/chathushka-sutd/ros2_ws_exp/build/exploration': CMAKE_PREFIX_PATH=${CMAKE_PREFIX_PATH}:/home/chathushka-sutd/ros2_ws/install/my_package2:/opt/ros/humble /usr/bin/cmake --install /home/chathushka-sutd/ros2_ws_exp/build/exploration
[2.938s] -- Install configuration: ""
[2.938s] -- Installing: /home/chathushka-sutd/ros2_ws_exp/install/exploration/lib/exploration/exec_exp
[2.939s] -- Set runtime path of "/home/chathushka-sutd/ros2_ws_exp/install/exploration/lib/exploration/exec_exp" to ""
[2.939s] -- Up-to-date: /home/chathushka-sutd/ros2_ws_exp/install/exploration/share/exploration/include
[2.939s] -- Up-to-date: /home/chathushka-sutd/ros2_ws_exp/install/exploration/share/exploration/include/exploration
[2.940s] -- Up-to-date: /home/chathushka-sutd/ros2_ws_exp/install/exploration/share/exploration/include/exploration/colored_noise.h
[2.940s] -- Up-to-date: /home/chathushka-sutd/ros2_ws_exp/install/exploration/share/exploration/include/exploration/exploration_code.hpp
[2.940s] -- Up-to-date: /home/chathushka-sutd/ros2_ws_exp/install/exploration/share/exploration/launch
[2.940s] -- Up-to-date: /home/chathushka-sutd/ros2_ws_exp/install/exploration/share/exploration/launch/exp_launch.py
[2.940s] -- Up-to-date: /home/chathushka-sutd/ros2_ws_exp/install/exploration/share/ament_index/resource_index/package_run_dependencies/exploration
[2.940s] -- Up-to-date: /home/chathushka-sutd/ros2_ws_exp/install/exploration/share/ament_index/resource_index/parent_prefix_path/exploration
[2.940s] -- Up-to-date: /home/chathushka-sutd/ros2_ws_exp/install/exploration/share/exploration/environment/ament_prefix_path.sh
[2.940s] -- Up-to-date: /home/chathushka-sutd/ros2_ws_exp/install/exploration/share/exploration/environment/ament_prefix_path.dsv
[2.940s] -- Up-to-date: /home/chathushka-sutd/ros2_ws_exp/install/exploration/share/exploration/environment/path.sh
[2.940s] -- Up-to-date: /home/chathushka-sutd/ros2_ws_exp/install/exploration/share/exploration/environment/path.dsv
[2.940s] -- Up-to-date: /home/chathushka-sutd/ros2_ws_exp/install/exploration/share/exploration/local_setup.bash
[2.940s] -- Up-to-date: /home/chathushka-sutd/ros2_ws_exp/install/exploration/share/exploration/local_setup.sh
[2.940s] -- Up-to-date: /home/chathushka-sutd/ros2_ws_exp/install/exploration/share/exploration/local_setup.zsh
[2.940s] -- Up-to-date: /home/chathushka-sutd/ros2_ws_exp/install/exploration/share/exploration/local_setup.dsv
[2.940s] -- Installing: /home/chathushka-sutd/ros2_ws_exp/install/exploration/share/exploration/package.dsv
[2.940s] -- Up-to-date: /home/chathushka-sutd/ros2_ws_exp/install/exploration/share/ament_index/resource_index/packages/exploration
[2.940s] -- Up-to-date: /home/chathushka-sutd/ros2_ws_exp/install/exploration/share/exploration/cmake/explorationConfig.cmake
[2.940s] -- Up-to-date: /home/chathushka-sutd/ros2_ws_exp/install/exploration/share/exploration/cmake/explorationConfig-version.cmake
[2.941s] -- Up-to-date: /home/chathushka-sutd/ros2_ws_exp/install/exploration/share/exploration/package.xml
[2.943s] Invoked command in '/home/chathushka-sutd/ros2_ws_exp/build/exploration' returned '0': CMAKE_PREFIX_PATH=${CMAKE_PREFIX_PATH}:/home/chathushka-sutd/ros2_ws/install/my_package2:/opt/ros/humble /usr/bin/cmake --install /home/chathushka-sutd/ros2_ws_exp/build/exploration
