[35m[1mConsolidate compiler generated dependencies of target exec_exp[0m
[ 33%] [32mBuilding CXX object CMakeFiles/exec_exp.dir/src/exploration_node.cpp.o[0m
[ 66%] [32mBuilding CXX object CMakeFiles/exec_exp.dir/src/exploration_code.cpp.o[0m
In file included from [01m[K/home/chathushka-sutd/ros2_ws_exp/src/exploration/src/exploration_code.cpp:1[m[K:
[01m[K/home/chathushka-sutd/ros2_ws_exp/src/exploration/include/exploration/exploration_code.hpp:36:28:[m[K [01;31m[Kerror: [m[Kredeclaration of ‘[01m[Kstd::string exploration::MWFCN_Algo::map_topic[m[K’
   36 |       std::string map_topic[01;31m[K,[m[K costmap_topic, trajectory_query_name, output_file, output_map_file;
      |                            [01;31m[K^[m[K
[01m[K/home/chathushka-sutd/ros2_ws_exp/src/exploration/include/exploration/exploration_code.hpp:26:19:[m[K [01;36m[Knote: [m[Kprevious declaration ‘[01m[Kstd::string exploration::MWFCN_Algo::map_topic[m[K’
   26 |       std::string [01;36m[Kmap_topic[m[K, costmap_topic, trajectory_query_name, output_file, output_map_file;
      |                   [01;36m[K^~~~~~~~~[m[K
[01m[K/home/chathushka-sutd/ros2_ws_exp/src/exploration/include/exploration/exploration_code.hpp:36:43:[m[K [01;31m[Kerror: [m[Kredeclaration of ‘[01m[Kstd::string exploration::MWFCN_Algo::costmap_topic[m[K’
   36 |       std::string map_topic, costmap_topic[01;31m[K,[m[K trajectory_query_name, output_file, output_map_file;
      |                                           [01;31m[K^[m[K
[01m[K/home/chathushka-sutd/ros2_ws_exp/src/exploration/include/exploration/exploration_code.hpp:26:30:[m[K [01;36m[Knote: [m[Kprevious declaration ‘[01m[Kstd::string exploration::MWFCN_Algo::costmap_topic[m[K’
   26 |       std::string map_topic, [01;36m[Kcostmap_topic[m[K, trajectory_query_name, output_file, output_map_file;
      |                              [01;36m[K^~~~~~~~~~~~~[m[K
[01m[K/home/chathushka-sutd/ros2_ws_exp/src/exploration/include/exploration/exploration_code.hpp:36:66:[m[K [01;31m[Kerror: [m[Kredeclaration of ‘[01m[Kstd::string exploration::MWFCN_Algo::trajectory_query_name[m[K’
   36 |       std::string map_topic, costmap_topic, trajectory_query_name[01;31m[K,[m[K output_file, output_map_file;
      |                                                                  [01;31m[K^[m[K
[01m[K/home/chathushka-sutd/ros2_ws_exp/src/exploration/include/exploration/exploration_code.hpp:26:45:[m[K [01;36m[Knote: [m[Kprevious declaration ‘[01m[Kstd::string exploration::MWFCN_Algo::trajectory_query_name[m[K’
   26 |       std::string map_topic, costmap_topic, [01;36m[Ktrajectory_query_name[m[K, output_file, output_map_file;
      |                                             [01;36m[K^~~~~~~~~~~~~~~~~~~~~[m[K
[01m[K/home/chathushka-sutd/ros2_ws_exp/src/exploration/include/exploration/exploration_code.hpp:36:79:[m[K [01;31m[Kerror: [m[Kredeclaration of ‘[01m[Kstd::string exploration::MWFCN_Algo::output_file[m[K’
   36 |       std::string map_topic, costmap_topic, trajectory_query_name, output_file[01;31m[K,[m[K output_map_file;
      |                                                                               [01;31m[K^[m[K
[01m[K/home/chathushka-sutd/ros2_ws_exp/src/exploration/include/exploration/exploration_code.hpp:26:68:[m[K [01;36m[Knote: [m[Kprevious declaration ‘[01m[Kstd::string exploration::MWFCN_Algo::output_file[m[K’
   26 |       std::string map_topic, costmap_topic, trajectory_query_name, [01;36m[Koutput_file[m[K, output_map_file;
      |                                                                    [01;36m[K^~~~~~~~~~~[m[K
[01m[K/home/chathushka-sutd/ros2_ws_exp/src/exploration/include/exploration/exploration_code.hpp:36:81:[m[K [01;31m[Kerror: [m[Kredeclaration of ‘[01m[Kstd::string exploration::MWFCN_Algo::output_map_file[m[K’
   36 |       std::string map_topic, costmap_topic, trajectory_query_name, output_file, [01;31m[Koutput_map_file[m[K;
      |                                                                                 [01;31m[K^~~~~~~~~~~~~~~[m[K
[01m[K/home/chathushka-sutd/ros2_ws_exp/src/exploration/include/exploration/exploration_code.hpp:26:81:[m[K [01;36m[Knote: [m[Kprevious declaration ‘[01m[Kstd::string exploration::MWFCN_Algo::output_map_file[m[K’
   26 |       std::string map_topic, costmap_topic, trajectory_query_name, output_file, [01;36m[Koutput_map_file[m[K;
      |                                                                                 [01;36m[K^~~~~~~~~~~~~~~[m[K
[01m[K/home/chathushka-sutd/ros2_ws_exp/src/exploration/src/exploration_code.cpp:[m[K In constructor ‘[01m[Kexploration::MWFCN_Algo::MWFCN_Algo()[m[K’:
[01m[K/home/chathushka-sutd/ros2_ws_exp/src/exploration/src/exploration_code.cpp:11:7:[m[K [01;35m[Kwarning: [m[Klist-initializer for non-class type must not be parenthesized
   11 |       [01;35m[Krotation_w({0.866,  0.500, 1.0})[m[K;
      |       [01;35m[K^~~~~~~~~~~~~~~~~~~~~~~~~~~~~~~~[m[K
[01m[K/home/chathushka-sutd/ros2_ws_exp/src/exploration/src/exploration_code.cpp:11:39:[m[K [01;31m[Kerror: [m[Kexpected ‘[01m[K{[m[K’ before ‘[01m[K;[m[K’ token
   11 |       rotation_w({0.866,  0.500, 1.0})[01;31m[K;[m[K
      |                                       [01;31m[K^[m[K
[01m[K/home/chathushka-sutd/ros2_ws_exp/src/exploration/src/exploration_code.cpp:[m[K At global scope:
[01m[K/home/chathushka-sutd/ros2_ws_exp/src/exploration/src/exploration_code.cpp:12:17:[m[K [01;31m[Kerror: [m[Kexpected constructor, destructor, or type conversion before ‘[01m[K([m[K’ token
   12 |       rotation_z[01;31m[K([m[K{0.5  , -0.866, 0.0});
      |                 [01;31m[K^[m[K
[01m[K/home/chathushka-sutd/ros2_ws_exp/src/exploration/src/exploration_code.cpp:12:38:[m[K [01;31m[Kerror: [m[Kexpected unqualified-id before ‘[01m[K)[m[K’ token
   12 |       rotation_z({0.5  , -0.866, 0.0}[01;31m[K)[m[K;
      |                                      [01;31m[K^[m[K
[01m[K/home/chathushka-sutd/ros2_ws_exp/src/exploration/src/exploration_code.cpp:13:1:[m[K [01;31m[Kerror: [m[Kexpected unqualified-id before ‘[01m[K{[m[K’ token
   13 | [01;31m[K{[m[K
      | [01;31m[K^[m[K
In file included from [01m[K/home/chathushka-sutd/ros2_ws_exp/src/exploration/src/exploration_node.cpp:1[m[K:
[01m[K/home/chathushka-sutd/ros2_ws_exp/src/exploration/include/exploration/exploration_code.hpp:36:28:[m[K [01;31m[Kerror: [m[Kredeclaration of ‘[01m[Kstd::string exploration::MWFCN_Algo::map_topic[m[K’
   36 |       std::string map_topic[01;31m[K,[m[K costmap_topic, trajectory_query_name, output_file, output_map_file;
      |                            [01;31m[K^[m[K
[01m[K/home/chathushka-sutd/ros2_ws_exp/src/exploration/include/exploration/exploration_code.hpp:26:19:[m[K [01;36m[Knote: [m[Kprevious declaration ‘[01m[Kstd::string exploration::MWFCN_Algo::map_topic[m[K’
   26 |       std::string [01;36m[Kmap_topic[m[K, costmap_topic, trajectory_query_name, output_file, output_map_file;
      |                   [01;36m[K^~~~~~~~~[m[K
[01m[K/home/chathushka-sutd/ros2_ws_exp/src/exploration/include/exploration/exploration_code.hpp:36:43:[m[K [01;31m[Kerror: [m[Kredeclaration of ‘[01m[Kstd::string exploration::MWFCN_Algo::costmap_topic[m[K’
   36 |       std::string map_topic, costmap_topic[01;31m[K,[m[K trajectory_query_name, output_file, output_map_file;
      |                                           [01;31m[K^[m[K
[01m[K/home/chathushka-sutd/ros2_ws_exp/src/exploration/include/exploration/exploration_code.hpp:26:30:[m[K [01;36m[Knote: [m[Kprevious declaration ‘[01m[Kstd::string exploration::MWFCN_Algo::costmap_topic[m[K’
   26 |       std::string map_topic, [01;36m[Kcostmap_topic[m[K, trajectory_query_name, output_file, output_map_file;
      |                              [01;36m[K^~~~~~~~~~~~~[m[K
[01m[K/home/chathushka-sutd/ros2_ws_exp/src/exploration/include/exploration/exploration_code.hpp:36:66:[m[K [01;31m[Kerror: [m[Kredeclaration of ‘[01m[Kstd::string exploration::MWFCN_Algo::trajectory_query_name[m[K’
   36 |       std::string map_topic, costmap_topic, trajectory_query_name[01;31m[K,[m[K output_file, output_map_file;
      |                                                                  [01;31m[K^[m[K
[01m[K/home/chathushka-sutd/ros2_ws_exp/src/exploration/include/exploration/exploration_code.hpp:26:45:[m[K [01;36m[Knote: [m[Kprevious declaration ‘[01m[Kstd::string exploration::MWFCN_Algo::trajectory_query_name[m[K’
   26 |       std::string map_topic, costmap_topic, [01;36m[Ktrajectory_query_name[m[K, output_file, output_map_file;
      |                                             [01;36m[K^~~~~~~~~~~~~~~~~~~~~[m[K
[01m[K/home/chathushka-sutd/ros2_ws_exp/src/exploration/include/exploration/exploration_code.hpp:36:79:[m[K [01;31m[Kerror: [m[Kredeclaration of ‘[01m[Kstd::string exploration::MWFCN_Algo::output_file[m[K’
   36 |       std::string map_topic, costmap_topic, trajectory_query_name, output_file[01;31m[K,[m[K output_map_file;
      |                                                                               [01;31m[K^[m[K
[01m[K/home/chathushka-sutd/ros2_ws_exp/src/exploration/include/exploration/exploration_code.hpp:26:68:[m[K [01;36m[Knote: [m[Kprevious declaration ‘[01m[Kstd::string exploration::MWFCN_Algo::output_file[m[K’
   26 |       std::string map_topic, costmap_topic, trajectory_query_name, [01;36m[Koutput_file[m[K, output_map_file;
      |                                                                    [01;36m[K^~~~~~~~~~~[m[K
[01m[K/home/chathushka-sutd/ros2_ws_exp/src/exploration/include/exploration/exploration_code.hpp:36:81:[m[K [01;31m[Kerror: [m[Kredeclaration of ‘[01m[Kstd::string exploration::MWFCN_Algo::output_map_file[m[K’
   36 |       std::string map_topic, costmap_topic, trajectory_query_name, output_file, [01;31m[Koutput_map_file[m[K;
      |                                                                                 [01;31m[K^~~~~~~~~~~~~~~[m[K
[01m[K/home/chathushka-sutd/ros2_ws_exp/src/exploration/include/exploration/exploration_code.hpp:26:81:[m[K [01;36m[Knote: [m[Kprevious declaration ‘[01m[Kstd::string exploration::MWFCN_Algo::output_map_file[m[K’
   26 |       std::string map_topic, costmap_topic, trajectory_query_name, output_file, [01;36m[Koutput_map_file[m[K;
      |                                                                                 [01;36m[K^~~~~~~~~~~~~~~[m[K
gmake[2]: *** [CMakeFiles/exec_exp.dir/build.make:90: CMakeFiles/exec_exp.dir/src/exploration_node.cpp.o] Error 1
gmake[2]: *** Waiting for unfinished jobs....
gmake[2]: *** [CMakeFiles/exec_exp.dir/build.make:76: CMakeFiles/exec_exp.dir/src/exploration_code.cpp.o] Error 1
gmake[1]: *** [CMakeFiles/Makefile2:137: CMakeFiles/exec_exp.dir/all] Error 2
gmake: *** [Makefile:146: all] Error 2
