[100%] Built target map_merger
-- Install configuration: ""
-- Up-to-date: /home/chathushka-sutd/ros2_ws_exp/install/map_merge_2d/lib/map_merge_2d/map_merger
-- Up-to-date: /home/chathushka-sutd/ros2_ws_exp/install/map_merge_2d/share/map_merge_2d/include
-- Up-to-date: /home/chathushka-sutd/ros2_ws_exp/install/map_merge_2d/share/map_merge_2d/include/map_merge_2d
-- Up-to-date: /home/chathushka-sutd/ros2_ws_exp/install/map_merge_2d/share/map_merge_2d/include/map_merge_2d/submaps
-- Up-to-date: /home/chathushka-sutd/ros2_ws_exp/install/map_merge_2d/share/map_merge_2d/include/map_merge_2d/submaps/submap.hpp
-- Up-to-date: /home/chathushka-sutd/ros2_ws_exp/install/map_merge_2d/share/map_merge_2d/include/map_merge_2d/submaps/submap_merger.hpp
-- Up-to-date: /home/chathushka-sutd/ros2_ws_exp/install/map_merge_2d/share/map_merge_2d/include/map_merge_2d/submaps/submap_matcher.hpp
-- Up-to-date: /home/chathushka-sutd/ros2_ws_exp/install/map_merge_2d/share/map_merge_2d/include/map_merge_2d/cv_core
-- Up-to-date: /home/chathushka-sutd/ros2_ws_exp/install/map_merge_2d/share/map_merge_2d/include/map_merge_2d/cv_core/cv_helpers.hpp
-- Up-to-date: /home/chathushka-sutd/ros2_ws_exp/install/map_merge_2d/share/map_merge_2d/include/map_merge_2d/cv_core/cv_core.hpp
-- Up-to-date: /home/chathushka-sutd/ros2_ws_exp/install/map_merge_2d/share/map_merge_2d/include/map_merge_2d/map_merger.hpp
-- Up-to-date: /home/chathushka-sutd/ros2_ws_exp/install/map_merge_2d/share/map_merge_2d/include/map_merge_2d/map_discovery
-- Up-to-date: /home/chathushka-sutd/ros2_ws_exp/install/map_merge_2d/share/map_merge_2d/include/map_merge_2d/map_discovery/topic_discovery.hpp
-- Up-to-date: /home/chathushka-sutd/ros2_ws_exp/install/map_merge_2d/share/map_merge_2d/include/map_merge_2d/util
-- Up-to-date: /home/chathushka-sutd/ros2_ws_exp/install/map_merge_2d/share/map_merge_2d/include/map_merge_2d/util/tf_utils.hpp
-- Up-to-date: /home/chathushka-sutd/ros2_ws_exp/install/map_merge_2d/share/map_merge_2d/include/map_merge_2d/util/topic_name_utils.hpp
-- Up-to-date: /home/chathushka-sutd/ros2_ws_exp/install/map_merge_2d/share/map_merge_2d/config
-- Up-to-date: /home/chathushka-sutd/ros2_ws_exp/install/map_merge_2d/share/map_merge_2d/config/params.yaml
-- Up-to-date: /home/chathushka-sutd/ros2_ws_exp/install/map_merge_2d/share/map_merge_2d/launch
-- Up-to-date: /home/chathushka-sutd/ros2_ws_exp/install/map_merge_2d/share/map_merge_2d/launch/map_merge_2d.launch.py
-- Up-to-date: /home/chathushka-sutd/ros2_ws_exp/install/map_merge_2d/share/ament_index/resource_index/package_run_dependencies/map_merge_2d
-- Up-to-date: /home/chathushka-sutd/ros2_ws_exp/install/map_merge_2d/share/ament_index/resource_index/parent_prefix_path/map_merge_2d
-- Up-to-date: /home/chathushka-sutd/ros2_ws_exp/install/map_merge_2d/share/map_merge_2d/environment/ament_prefix_path.sh
-- Up-to-date: /home/chathushka-sutd/ros2_ws_exp/install/map_merge_2d/share/map_merge_2d/environment/ament_prefix_path.dsv
-- Up-to-date: /home/chathushka-sutd/ros2_ws_exp/install/map_merge_2d/share/map_merge_2d/environment/path.sh
-- Up-to-date: /home/chathushka-sutd/ros2_ws_exp/install/map_merge_2d/share/map_merge_2d/environment/path.dsv
-- Up-to-date: /home/chathushka-sutd/ros2_ws_exp/install/map_merge_2d/share/map_merge_2d/local_setup.bash
-- Up-to-date: /home/chathushka-sutd/ros2_ws_exp/install/map_merge_2d/share/map_merge_2d/local_setup.sh
-- Up-to-date: /home/chathushka-sutd/ros2_ws_exp/install/map_merge_2d/share/map_merge_2d/local_setup.zsh
-- Up-to-date: /home/chathushka-sutd/ros2_ws_exp/install/map_merge_2d/share/map_merge_2d/local_setup.dsv
-- Installing: /home/chathushka-sutd/ros2_ws_exp/install/map_merge_2d/share/map_merge_2d/package.dsv
-- Up-to-date: /home/chathushka-sutd/ros2_ws_exp/install/map_merge_2d/share/ament_index/resource_index/packages/map_merge_2d
-- Up-to-date: /home/chathushka-sutd/ros2_ws_exp/install/map_merge_2d/share/map_merge_2d/cmake/map_merge_2dConfig.cmake
-- Up-to-date: /home/chathushka-sutd/ros2_ws_exp/install/map_merge_2d/share/map_merge_2d/cmake/map_merge_2dConfig-version.cmake
-- Up-to-date: /home/chathushka-sutd/ros2_ws_exp/install/map_merge_2d/share/map_merge_2d/package.xml
