-- The C compiler identification is GNU 11.3.0
-- The CXX compiler identification is GNU 11.3.0
-- Detecting C compiler ABI info
-- Detecting C compiler ABI info - done
-- Check for working C compiler: /usr/bin/cc - skipped
-- Detecting C compile features
-- Detecting C compile features - done
-- Detecting CXX compiler ABI info
-- Detecting CXX compiler ABI info - done
-- Check for working CXX compiler: /usr/bin/c++ - skipped
-- Detecting CXX compile features
-- Detecting CXX compile features - done
-- Found ament_cmake: 1.3.3 (/opt/ros/humble/share/ament_cmake/cmake)
-- Found Python3: /usr/bin/python3.10 (found version "3.10.6") found components: Interpreter 
-- Found rclcpp: 16.0.3 (/opt/ros/humble/share/rclcpp/cmake)
-- Found rosidl_generator_c: 3.1.4 (/opt/ros/humble/share/rosidl_generator_c/cmake)
-- Found rosidl_adapter: 3.1.4 (/opt/ros/humble/share/rosidl_adapter/cmake)
-- Found rosidl_generator_cpp: 3.1.4 (/opt/ros/humble/share/rosidl_generator_cpp/cmake)
-- Using all available rosidl_typesupport_c: rosidl_typesupport_fastrtps_c;rosidl_typesupport_introspection_c
-- Using all available rosidl_typesupport_cpp: rosidl_typesupport_fastrtps_cpp;rosidl_typesupport_introspection_cpp
-- Found rmw_implementation_cmake: 6.1.1 (/opt/ros/humble/share/rmw_implementation_cmake/cmake)
-- Found rmw_fastrtps_cpp: 6.2.2 (/opt/ros/humble/share/rmw_fastrtps_cpp/cmake)
-- Found OpenSSL: /usr/lib/x86_64-linux-gnu/libcrypto.so (found version "3.0.2")  
-- Found FastRTPS: /opt/ros/humble/include  
-- Using RMW implementation 'rmw_fastrtps_cpp' as default
-- Looking for pthread.h
-- Looking for pthread.h - found
-- Performing Test CMAKE_HAVE_LIBC_PTHREAD
-- Performing Test CMAKE_HAVE_LIBC_PTHREAD - Success
-- Found Threads: TRUE  
-- Found tf2: 0.25.2 (/opt/ros/humble/share/tf2/cmake)
-- Found tf2_ros: 0.25.2 (/opt/ros/humble/share/tf2_ros/cmake)
-- Found ament_lint_auto: 0.12.5 (/opt/ros/humble/share/ament_lint_auto/cmake)
-- Added test 'copyright' to check source files copyright and LICENSE
-- Added test 'cppcheck' to perform static code analysis on C / C++ code
-- Configured cppcheck include dirs: 
-- Configured cppcheck exclude dirs and/or files: 
-- Added test 'cpplint' to check C / C++ code against the Google style
-- Configured cpplint exclude dirs and/or files: 
-- Added test 'flake8' to check Python code syntax and style conventions
-- Added test 'lint_cmake' to check CMake code style
-- Added test 'pep257' to check Python code against some of the docstring style conventions in PEP 257
-- Added test 'uncrustify' to check C / C++ code style
-- Configured uncrustify additional arguments: 
-- Added test 'xmllint' to check XML markup files
-- Configuring done
-- Generating done
-- Build files have been written to: /home/chathushka-sutd/ros2_ws_exp/build/tb3_sim
-- Install configuration: ""
-- Installing: /home/chathushka-sutd/ros2_ws_exp/install/tb3_sim/share/tb3_sim/launch
-- Installing: /home/chathushka-sutd/ros2_ws_exp/install/tb3_sim/share/tb3_sim/launch/multi_tb3_simulation_launch.py
-- Installing: /home/chathushka-sutd/ros2_ws_exp/install/tb3_sim/share/tb3_sim/launch/slam_toolbox.launch.py
-- Installing: /home/chathushka-sutd/ros2_ws_exp/install/tb3_sim/share/tb3_sim/launch/navigation.launch.py
-- Installing: /home/chathushka-sutd/ros2_ws_exp/install/tb3_sim/share/tb3_sim/launch/tb3_simulation_launch.py
-- Installing: /home/chathushka-sutd/ros2_ws_exp/install/tb3_sim/share/tb3_sim/launch/mapping.launch.py
-- Installing: /home/chathushka-sutd/ros2_ws_exp/install/tb3_sim/share/tb3_sim/config
-- Installing: /home/chathushka-sutd/ros2_ws_exp/install/tb3_sim/share/tb3_sim/config/nav2_params.yaml
-- Installing: /home/chathushka-sutd/ros2_ws_exp/install/tb3_sim/share/tb3_sim/config/mapper_params.yaml
-- Installing: /home/chathushka-sutd/ros2_ws_exp/install/tb3_sim/share/tb3_sim/config/mapper_params_bak.yaml
-- Installing: /home/chathushka-sutd/ros2_ws_exp/install/tb3_sim/share/tb3_sim/include
-- Installing: /home/chathushka-sutd/ros2_ws_exp/install/tb3_sim/share/tb3_sim/include/ssugv_bringup
-- Installing: /home/chathushka-sutd/ros2_ws_exp/install/tb3_sim/share/tb3_sim/include/ssugv_bringup/odom_filter.hpp
-- Installing: /home/chathushka-sutd/ros2_ws_exp/install/tb3_sim/share/tb3_sim/rviz
-- Installing: /home/chathushka-sutd/ros2_ws_exp/install/tb3_sim/share/tb3_sim/rviz/nav2_.rviz
-- Installing: /home/chathushka-sutd/ros2_ws_exp/install/tb3_sim/share/tb3_sim/rviz/default_view.rviz
-- Installing: /home/chathushka-sutd/ros2_ws_exp/install/tb3_sim/share/tb3_sim/worlds
-- Installing: /home/chathushka-sutd/ros2_ws_exp/install/tb3_sim/share/tb3_sim/worlds/willow_garage.world
-- Installing: /home/chathushka-sutd/ros2_ws_exp/install/tb3_sim/share/ament_index/resource_index/package_run_dependencies/tb3_sim
-- Installing: /home/chathushka-sutd/ros2_ws_exp/install/tb3_sim/share/ament_index/resource_index/parent_prefix_path/tb3_sim
-- Installing: /home/chathushka-sutd/ros2_ws_exp/install/tb3_sim/share/tb3_sim/environment/ament_prefix_path.sh
-- Installing: /home/chathushka-sutd/ros2_ws_exp/install/tb3_sim/share/tb3_sim/environment/ament_prefix_path.dsv
-- Installing: /home/chathushka-sutd/ros2_ws_exp/install/tb3_sim/share/tb3_sim/environment/path.sh
-- Installing: /home/chathushka-sutd/ros2_ws_exp/install/tb3_sim/share/tb3_sim/environment/path.dsv
-- Installing: /home/chathushka-sutd/ros2_ws_exp/install/tb3_sim/share/tb3_sim/local_setup.bash
-- Installing: /home/chathushka-sutd/ros2_ws_exp/install/tb3_sim/share/tb3_sim/local_setup.sh
-- Installing: /home/chathushka-sutd/ros2_ws_exp/install/tb3_sim/share/tb3_sim/local_setup.zsh
-- Installing: /home/chathushka-sutd/ros2_ws_exp/install/tb3_sim/share/tb3_sim/local_setup.dsv
-- Installing: /home/chathushka-sutd/ros2_ws_exp/install/tb3_sim/share/tb3_sim/package.dsv
-- Installing: /home/chathushka-sutd/ros2_ws_exp/install/tb3_sim/share/ament_index/resource_index/packages/tb3_sim
-- Installing: /home/chathushka-sutd/ros2_ws_exp/install/tb3_sim/share/tb3_sim/cmake/tb3_simConfig.cmake
-- Installing: /home/chathushka-sutd/ros2_ws_exp/install/tb3_sim/share/tb3_sim/cmake/tb3_simConfig-version.cmake
-- Installing: /home/chathushka-sutd/ros2_ws_exp/install/tb3_sim/share/tb3_sim/package.xml
