[0.015s] Invoking command in '/home/chathushka-sutd/ros2_ws_exp/build/tb3_sim': CMAKE_PREFIX_PATH=${CMAKE_PREFIX_PATH}:/home/chathushka-sutd/ros2_ws/install/my_package2:/opt/ros/humble /usr/bin/cmake /home/chathushka-sutd/ros2_ws_exp/src/tb3_sim -DCMAKE_INSTALL_PREFIX=/home/chathushka-sutd/ros2_ws_exp/install/tb3_sim
[0.105s] -- The C compiler identification is GNU 11.3.0
[0.166s] -- The CXX compiler identification is GNU 11.3.0
[0.174s] -- Detecting C compiler ABI info
[0.221s] -- Detecting C compiler ABI info - done
[0.225s] -- Check for working C compiler: /usr/bin/cc - skipped
[0.226s] -- Detecting C compile features
[0.226s] -- Detecting C compile features - done
[0.229s] -- Detecting CXX compiler ABI info
[0.280s] -- Detecting CXX compiler ABI info - done
[0.285s] -- Check for working CXX compiler: /usr/bin/c++ - skipped
[0.285s] -- Detecting CXX compile features
[0.286s] -- Detecting CXX compile features - done
[0.289s] -- Found ament_cmake: 1.3.3 (/opt/ros/humble/share/ament_cmake/cmake)
[0.409s] -- Found Python3: /usr/bin/python3.10 (found version "3.10.6") found components: Interpreter 
[0.487s] -- Found rclcpp: 16.0.3 (/opt/ros/humble/share/rclcpp/cmake)
[0.537s] -- Found rosidl_generator_c: 3.1.4 (/opt/ros/humble/share/rosidl_generator_c/cmake)
[0.541s] -- Found rosidl_adapter: 3.1.4 (/opt/ros/humble/share/rosidl_adapter/cmake)
[0.550s] -- Found rosidl_generator_cpp: 3.1.4 (/opt/ros/humble/share/rosidl_generator_cpp/cmake)
[0.564s] -- Using all available rosidl_typesupport_c: rosidl_typesupport_fastrtps_c;rosidl_typesupport_introspection_c
[0.581s] -- Using all available rosidl_typesupport_cpp: rosidl_typesupport_fastrtps_cpp;rosidl_typesupport_introspection_cpp
[0.639s] -- Found rmw_implementation_cmake: 6.1.1 (/opt/ros/humble/share/rmw_implementation_cmake/cmake)
[0.642s] -- Found rmw_fastrtps_cpp: 6.2.2 (/opt/ros/humble/share/rmw_fastrtps_cpp/cmake)
[0.715s] -- Found OpenSSL: /usr/lib/x86_64-linux-gnu/libcrypto.so (found version "3.0.2")  
[0.735s] -- Found FastRTPS: /opt/ros/humble/include  
[0.770s] -- Using RMW implementation 'rmw_fastrtps_cpp' as default
[0.779s] -- Looking for pthread.h
[0.827s] -- Looking for pthread.h - found
[0.827s] -- Performing Test CMAKE_HAVE_LIBC_PTHREAD
[0.875s] -- Performing Test CMAKE_HAVE_LIBC_PTHREAD - Success
[0.875s] -- Found Threads: TRUE  
[0.995s] -- Found tf2: 0.25.2 (/opt/ros/humble/share/tf2/cmake)
[1.043s] -- Found tf2_ros: 0.25.2 (/opt/ros/humble/share/tf2_ros/cmake)
[1.298s] -- Found ament_lint_auto: 0.12.5 (/opt/ros/humble/share/ament_lint_auto/cmake)
[1.369s] -- Added test 'copyright' to check source files copyright and LICENSE
[1.370s] -- Added test 'cppcheck' to perform static code analysis on C / C++ code
[1.370s] -- Configured cppcheck include dirs: 
[1.370s] -- Configured cppcheck exclude dirs and/or files: 
[1.371s] -- Added test 'cpplint' to check C / C++ code against the Google style
[1.371s] -- Configured cpplint exclude dirs and/or files: 
[1.371s] -- Added test 'flake8' to check Python code syntax and style conventions
[1.372s] -- Added test 'lint_cmake' to check CMake code style
[1.373s] -- Added test 'pep257' to check Python code against some of the docstring style conventions in PEP 257
[1.373s] -- Added test 'uncrustify' to check C / C++ code style
[1.373s] -- Configured uncrustify additional arguments: 
[1.374s] -- Added test 'xmllint' to check XML markup files
[1.375s] -- Configuring done
[1.379s] -- Generating done
[1.380s] -- Build files have been written to: /home/chathushka-sutd/ros2_ws_exp/build/tb3_sim
[1.388s] Invoked command in '/home/chathushka-sutd/ros2_ws_exp/build/tb3_sim' returned '0': CMAKE_PREFIX_PATH=${CMAKE_PREFIX_PATH}:/home/chathushka-sutd/ros2_ws/install/my_package2:/opt/ros/humble /usr/bin/cmake /home/chathushka-sutd/ros2_ws_exp/src/tb3_sim -DCMAKE_INSTALL_PREFIX=/home/chathushka-sutd/ros2_ws_exp/install/tb3_sim
[1.389s] Invoking command in '/home/chathushka-sutd/ros2_ws_exp/build/tb3_sim': CMAKE_PREFIX_PATH=${CMAKE_PREFIX_PATH}:/home/chathushka-sutd/ros2_ws/install/my_package2:/opt/ros/humble /usr/bin/cmake --build /home/chathushka-sutd/ros2_ws_exp/build/tb3_sim -- -j16 -l16
[1.416s] Invoked command in '/home/chathushka-sutd/ros2_ws_exp/build/tb3_sim' returned '0': CMAKE_PREFIX_PATH=${CMAKE_PREFIX_PATH}:/home/chathushka-sutd/ros2_ws/install/my_package2:/opt/ros/humble /usr/bin/cmake --build /home/chathushka-sutd/ros2_ws_exp/build/tb3_sim -- -j16 -l16
[1.430s] Invoking command in '/home/chathushka-sutd/ros2_ws_exp/build/tb3_sim': CMAKE_PREFIX_PATH=${CMAKE_PREFIX_PATH}:/home/chathushka-sutd/ros2_ws/install/my_package2:/opt/ros/humble /usr/bin/cmake --install /home/chathushka-sutd/ros2_ws_exp/build/tb3_sim
[1.435s] -- Install configuration: ""
[1.435s] -- Installing: /home/chathushka-sutd/ros2_ws_exp/install/tb3_sim/share/tb3_sim/launch
[1.435s] -- Installing: /home/chathushka-sutd/ros2_ws_exp/install/tb3_sim/share/tb3_sim/launch/multi_tb3_simulation_launch.py
[1.435s] -- Installing: /home/chathushka-sutd/ros2_ws_exp/install/tb3_sim/share/tb3_sim/launch/slam_toolbox.launch.py
[1.435s] -- Installing: /home/chathushka-sutd/ros2_ws_exp/install/tb3_sim/share/tb3_sim/launch/navigation.launch.py
[1.435s] -- Installing: /home/chathushka-sutd/ros2_ws_exp/install/tb3_sim/share/tb3_sim/launch/tb3_simulation_launch.py
[1.435s] -- Installing: /home/chathushka-sutd/ros2_ws_exp/install/tb3_sim/share/tb3_sim/launch/mapping.launch.py
[1.435s] -- Installing: /home/chathushka-sutd/ros2_ws_exp/install/tb3_sim/share/tb3_sim/config
[1.436s] -- Installing: /home/chathushka-sutd/ros2_ws_exp/install/tb3_sim/share/tb3_sim/config/nav2_params.yaml
[1.436s] -- Installing: /home/chathushka-sutd/ros2_ws_exp/install/tb3_sim/share/tb3_sim/config/mapper_params.yaml
[1.436s] -- Installing: /home/chathushka-sutd/ros2_ws_exp/install/tb3_sim/share/tb3_sim/config/mapper_params_bak.yaml
[1.436s] -- Installing: /home/chathushka-sutd/ros2_ws_exp/install/tb3_sim/share/tb3_sim/include
[1.436s] -- Installing: /home/chathushka-sutd/ros2_ws_exp/install/tb3_sim/share/tb3_sim/include/ssugv_bringup
[1.436s] -- Installing: /home/chathushka-sutd/ros2_ws_exp/install/tb3_sim/share/tb3_sim/include/ssugv_bringup/odom_filter.hpp
[1.436s] -- Installing: /home/chathushka-sutd/ros2_ws_exp/install/tb3_sim/share/tb3_sim/rviz
[1.436s] -- Installing: /home/chathushka-sutd/ros2_ws_exp/install/tb3_sim/share/tb3_sim/rviz/nav2_.rviz
[1.436s] -- Installing: /home/chathushka-sutd/ros2_ws_exp/install/tb3_sim/share/tb3_sim/rviz/default_view.rviz
[1.436s] -- Installing: /home/chathushka-sutd/ros2_ws_exp/install/tb3_sim/share/tb3_sim/worlds
[1.436s] -- Installing: /home/chathushka-sutd/ros2_ws_exp/install/tb3_sim/share/tb3_sim/worlds/willow_garage.world
[1.436s] -- Installing: /home/chathushka-sutd/ros2_ws_exp/install/tb3_sim/share/ament_index/resource_index/package_run_dependencies/tb3_sim
[1.436s] -- Installing: /home/chathushka-sutd/ros2_ws_exp/install/tb3_sim/share/ament_index/resource_index/parent_prefix_path/tb3_sim
[1.436s] -- Installing: /home/chathushka-sutd/ros2_ws_exp/install/tb3_sim/share/tb3_sim/environment/ament_prefix_path.sh
[1.436s] -- Installing: /home/chathushka-sutd/ros2_ws_exp/install/tb3_sim/share/tb3_sim/environment/ament_prefix_path.dsv
[1.436s] -- Installing: /home/chathushka-sutd/ros2_ws_exp/install/tb3_sim/share/tb3_sim/environment/path.sh
[1.436s] -- Installing: /home/chathushka-sutd/ros2_ws_exp/install/tb3_sim/share/tb3_sim/environment/path.dsv
[1.437s] -- Installing: /home/chathushka-sutd/ros2_ws_exp/install/tb3_sim/share/tb3_sim/local_setup.bash
[1.437s] -- Installing: /home/chathushka-sutd/ros2_ws_exp/install/tb3_sim/share/tb3_sim/local_setup.sh
[1.437s] -- Installing: /home/chathushka-sutd/ros2_ws_exp/install/tb3_sim/share/tb3_sim/local_setup.zsh
[1.437s] -- Installing: /home/chathushka-sutd/ros2_ws_exp/install/tb3_sim/share/tb3_sim/local_setup.dsv
[1.437s] -- Installing: /home/chathushka-sutd/ros2_ws_exp/install/tb3_sim/share/tb3_sim/package.dsv
[1.437s] -- Installing: /home/chathushka-sutd/ros2_ws_exp/install/tb3_sim/share/ament_index/resource_index/packages/tb3_sim
[1.437s] -- Installing: /home/chathushka-sutd/ros2_ws_exp/install/tb3_sim/share/tb3_sim/cmake/tb3_simConfig.cmake
[1.437s] -- Installing: /home/chathushka-sutd/ros2_ws_exp/install/tb3_sim/share/tb3_sim/cmake/tb3_simConfig-version.cmake
[1.437s] -- Installing: /home/chathushka-sutd/ros2_ws_exp/install/tb3_sim/share/tb3_sim/package.xml
[1.440s] Invoked command in '/home/chathushka-sutd/ros2_ws_exp/build/tb3_sim' returned '0': CMAKE_PREFIX_PATH=${CMAKE_PREFIX_PATH}:/home/chathushka-sutd/ros2_ws/install/my_package2:/opt/ros/humble /usr/bin/cmake --install /home/chathushka-sutd/ros2_ws_exp/build/tb3_sim
