running egg_info
writing ../../build/tf_publish/tf_publish.egg-info/PKG-INFO
writing dependency_links to ../../build/tf_publish/tf_publish.egg-info/dependency_links.txt
writing entry points to ../../build/tf_publish/tf_publish.egg-info/entry_points.txt
writing requirements to ../../build/tf_publish/tf_publish.egg-info/requires.txt
writing top-level names to ../../build/tf_publish/tf_publish.egg-info/top_level.txt
reading manifest file '../../build/tf_publish/tf_publish.egg-info/SOURCES.txt'
writing manifest file '../../build/tf_publish/tf_publish.egg-info/SOURCES.txt'
running build
running build_py
copying tf_publish/publish_tf_for_two_robots.py -> /home/chathushka-sutd/ros2_ws_exp/build/tf_publish/build/lib/tf_publish
running install
running install_lib
copying /home/chathushka-sutd/ros2_ws_exp/build/tf_publish/build/lib/tf_publish/publish_tf_for_two_robots.py -> /home/chathushka-sutd/ros2_ws_exp/install/tf_publish/lib/python3.10/site-packages/tf_publish
byte-compiling /home/chathushka-sutd/ros2_ws_exp/install/tf_publish/lib/python3.10/site-packages/tf_publish/publish_tf_for_two_robots.py to publish_tf_for_two_robots.cpython-310.pyc
running install_data
running install_egg_info
removing '/home/chathushka-sutd/ros2_ws_exp/install/tf_publish/lib/python3.10/site-packages/tf_publish-0.0.0-py3.10.egg-info' (and everything under it)
Copying ../../build/tf_publish/tf_publish.egg-info to /home/chathushka-sutd/ros2_ws_exp/install/tf_publish/lib/python3.10/site-packages/tf_publish-0.0.0-py3.10.egg-info
running install_scripts
Installing exec_tf_pub script to /home/chathushka-sutd/ros2_ws_exp/install/tf_publish/lib/tf_publish
writing list of installed files to '/home/chathushka-sutd/ros2_ws_exp/build/tf_publish/install.log'
