[0.006s] Invoking command in '/home/chathushka-sutd/ros2_ws_exp/build/sim_env': CMAKE_PREFIX_PATH=${CMAKE_PREFIX_PATH}:/home/chathushka-sutd/ros2_ws/install/my_package2:/opt/ros/humble /usr/bin/cmake /home/chathushka-sutd/ros2_ws_exp/src/sim_env -DCMAKE_INSTALL_PREFIX=/home/chathushka-sutd/ros2_ws_exp/install/sim_env
[0.058s] -- The C compiler identification is GNU 11.3.0
[0.092s] -- The CXX compiler identification is GNU 11.3.0
[0.097s] -- Detecting C compiler ABI info
[0.136s] -- Detecting C compiler ABI info - done
[0.141s] -- Check for working C compiler: /usr/bin/cc - skipped
[0.141s] -- Detecting C compile features
[0.141s] -- Detecting C compile features - done
[0.143s] -- Detecting CXX compiler ABI info
[0.187s] -- Detecting CXX compiler ABI info - done
[0.192s] -- Check for working CXX compiler: /usr/bin/c++ - skipped
[0.192s] -- Detecting CXX compile features
[0.192s] -- Detecting CXX compile features - done
[0.194s] -- Found ament_cmake: 1.3.3 (/opt/ros/humble/share/ament_cmake/cmake)
[0.299s] -- Found Python3: /usr/bin/python3.10 (found version "3.10.6") found components: Interpreter 
[0.364s] -- Found ament_lint_auto: 0.12.5 (/opt/ros/humble/share/ament_lint_auto/cmake)
[0.410s] -- Added test 'flake8' to check Python code syntax and style conventions
[0.411s] -- Added test 'lint_cmake' to check CMake code style
[0.411s] -- Added test 'pep257' to check Python code against some of the docstring style conventions in PEP 257
[0.412s] -- Added test 'xmllint' to check XML markup files
[0.413s] -- Configuring done
[0.414s] -- Generating done
[0.415s] -- Build files have been written to: /home/chathushka-sutd/ros2_ws_exp/build/sim_env
[0.418s] Invoked command in '/home/chathushka-sutd/ros2_ws_exp/build/sim_env' returned '0': CMAKE_PREFIX_PATH=${CMAKE_PREFIX_PATH}:/home/chathushka-sutd/ros2_ws/install/my_package2:/opt/ros/humble /usr/bin/cmake /home/chathushka-sutd/ros2_ws_exp/src/sim_env -DCMAKE_INSTALL_PREFIX=/home/chathushka-sutd/ros2_ws_exp/install/sim_env
[0.420s] Invoking command in '/home/chathushka-sutd/ros2_ws_exp/build/sim_env': CMAKE_PREFIX_PATH=${CMAKE_PREFIX_PATH}:/home/chathushka-sutd/ros2_ws/install/my_package2:/opt/ros/humble /usr/bin/cmake --build /home/chathushka-sutd/ros2_ws_exp/build/sim_env -- -j16 -l16
[0.439s] Invoked command in '/home/chathushka-sutd/ros2_ws_exp/build/sim_env' returned '0': CMAKE_PREFIX_PATH=${CMAKE_PREFIX_PATH}:/home/chathushka-sutd/ros2_ws/install/my_package2:/opt/ros/humble /usr/bin/cmake --build /home/chathushka-sutd/ros2_ws_exp/build/sim_env -- -j16 -l16
[0.454s] Invoking command in '/home/chathushka-sutd/ros2_ws_exp/build/sim_env': CMAKE_PREFIX_PATH=${CMAKE_PREFIX_PATH}:/home/chathushka-sutd/ros2_ws/install/my_package2:/opt/ros/humble /usr/bin/cmake --install /home/chathushka-sutd/ros2_ws_exp/build/sim_env
[0.457s] -- Install configuration: ""
[0.457s] -- Installing: /home/chathushka-sutd/ros2_ws_exp/install/sim_env/share/sim_env//launch
[0.457s] -- Installing: /home/chathushka-sutd/ros2_ws_exp/install/sim_env/share/sim_env//launch/multi_tb3_simulation_launch.py
[0.457s] -- Installing: /home/chathushka-sutd/ros2_ws_exp/install/sim_env/share/sim_env//worlds
[0.457s] -- Installing: /home/chathushka-sutd/ros2_ws_exp/install/sim_env/share/sim_env//worlds/map2.world
[0.458s] -- Installing: /home/chathushka-sutd/ros2_ws_exp/install/sim_env/share/sim_env//worlds/map1.world
[0.458s] -- Installing: /home/chathushka-sutd/ros2_ws_exp/install/sim_env/share/ament_index/resource_index/package_run_dependencies/sim_env
[0.458s] -- Installing: /home/chathushka-sutd/ros2_ws_exp/install/sim_env/share/ament_index/resource_index/parent_prefix_path/sim_env
[0.458s] -- Installing: /home/chathushka-sutd/ros2_ws_exp/install/sim_env/share/sim_env/environment/ament_prefix_path.sh
[0.459s] -- Installing: /home/chathushka-sutd/ros2_ws_exp/install/sim_env/share/sim_env/environment/ament_prefix_path.dsv
[0.459s] -- Installing: /home/chathushka-sutd/ros2_ws_exp/install/sim_env/share/sim_env/environment/path.sh
[0.459s] -- Installing: /home/chathushka-sutd/ros2_ws_exp/install/sim_env/share/sim_env/environment/path.dsv
[0.459s] -- Installing: /home/chathushka-sutd/ros2_ws_exp/install/sim_env/share/sim_env/local_setup.bash
[0.459s] -- Installing: /home/chathushka-sutd/ros2_ws_exp/install/sim_env/share/sim_env/local_setup.sh
[0.459s] -- Installing: /home/chathushka-sutd/ros2_ws_exp/install/sim_env/share/sim_env/local_setup.zsh
[0.459s] -- Installing: /home/chathushka-sutd/ros2_ws_exp/install/sim_env/share/sim_env/local_setup.dsv
[0.459s] -- Installing: /home/chathushka-sutd/ros2_ws_exp/install/sim_env/share/sim_env/package.dsv
[0.459s] -- Installing: /home/chathushka-sutd/ros2_ws_exp/install/sim_env/share/ament_index/resource_index/packages/sim_env
[0.459s] -- Installing: /home/chathushka-sutd/ros2_ws_exp/install/sim_env/share/sim_env/cmake/sim_envConfig.cmake
[0.459s] -- Installing: /home/chathushka-sutd/ros2_ws_exp/install/sim_env/share/sim_env/cmake/sim_envConfig-version.cmake
[0.459s] -- Installing: /home/chathushka-sutd/ros2_ws_exp/install/sim_env/share/sim_env/package.xml
[0.460s] Invoked command in '/home/chathushka-sutd/ros2_ws_exp/build/sim_env' returned '0': CMAKE_PREFIX_PATH=${CMAKE_PREFIX_PATH}:/home/chathushka-sutd/ros2_ws/install/my_package2:/opt/ros/humble /usr/bin/cmake --install /home/chathushka-sutd/ros2_ws_exp/build/sim_env
